<?xml version="1.0" encoding="utf-8"?>
<CoverageSession xmlns:xsd="http://www.w3.org/2001/XMLSchema" xmlns:xsi="http://www.w3.org/2001/XMLSchema-instance" Version="0.0.0.0">
  <Summary numSequencePoints="131" visitedSequencePoints="128" numBranchPoints="0" visitedBranchPoints="0" sequenceCoverage="97.71" branchCoverage="0.0" maxCyclomaticComplexity="0" minCyclomaticComplexity="0" maxCrapScore="0" minCrapScore="0" visitedClasses="6" numClasses="6" visitedMethods="25" numMethods="25" />
  <Modules>
    <Module>
      <Summary numSequencePoints="17" visitedSequencePoints="17" numBranchPoints="0" visitedBranchPoints="0" sequenceCoverage="100.0" branchCoverage="0.0" maxCyclomaticComplexity="0" minCyclomaticComplexity="0" maxCrapScore="0" minCrapScore="0" visitedClasses="2" numClasses="2" visitedMethods="6" numMethods="6" />
      <ModuleTime>0001-01-01T00:00:00</ModuleTime>
      <ModuleName>AdditionalScripts</ModuleName>
      <Files>
        <File uid="1" fullPath="D:/AllPrograms/UnityProj/LabWork_1_Devyatov-main/Assets/Scripts/AdditionalScripts/PlayerInputData.cs" />
        <File uid="2" fullPath="D:/AllPrograms/UnityProj/LabWork_1_Devyatov-main/Assets/Scripts/AdditionalScripts/PlayerInputHandler.cs" />
      </Files>
      <Classes>
        <Class>
          <Summary numSequencePoints="7" visitedSequencePoints="7" numBranchPoints="0" visitedBranchPoints="0" sequenceCoverage="100.0" branchCoverage="0.0" maxCyclomaticComplexity="0" minCyclomaticComplexity="0" maxCrapScore="0" minCrapScore="0" visitedClasses="1" numClasses="1" visitedMethods="3" numMethods="3" />
          <FullName>PlayerInputData</FullName>
          <Methods>
            <Method visited="true" cyclomaticComplexity="0" nPathComplexity="0" sequenceCoverage="100.0" branchCoverage="0" crapScore="0" isConstructor="false" isStatic="false" isGetter="true" isSetter="false">
              <Summary numSequencePoints="1" visitedSequencePoints="1" numBranchPoints="0" visitedBranchPoints="0" sequenceCoverage="100.0" branchCoverage="0" maxCyclomaticComplexity="0" minCyclomaticComplexity="0" maxCrapScore="0" minCrapScore="0" visitedClasses="0" numClasses="0" visitedMethods="1" numMethods="1" />
              <MetadataToken>100663298</MetadataToken>
              <Name>UnityEngine.Vector2 PlayerInputData::get_MovementInput()</Name>
              <FileRef uid="1" />
              <SequencePoints>
                <SequencePoint vc="3" uspid="137" ordinal="0" offset="0" sl="16" sc="37" el="16" ec="37" bec="0" bev="0" fileid="1" />
              </SequencePoints>
              <BranchPoints />
            </Method>
            <Method visited="true" cyclomaticComplexity="0" nPathComplexity="0" sequenceCoverage="100.0" branchCoverage="0" crapScore="0" isConstructor="false" isStatic="false" isGetter="true" isSetter="false">
              <Summary numSequencePoints="1" visitedSequencePoints="1" numBranchPoints="0" visitedBranchPoints="0" sequenceCoverage="100.0" branchCoverage="0" maxCyclomaticComplexity="0" minCyclomaticComplexity="0" maxCrapScore="0" minCrapScore="0" visitedClasses="0" numClasses="0" visitedMethods="1" numMethods="1" />
              <MetadataToken>100663299</MetadataToken>
              <Name>System.Boolean PlayerInputData::get_IsFullscreenedOrWindowed()</Name>
              <FileRef uid="1" />
              <SequencePoints>
                <SequencePoint vc="4" uspid="138" ordinal="0" offset="0" sl="17" sc="45" el="17" ec="45" bec="0" bev="0" fileid="1" />
              </SequencePoints>
              <BranchPoints />
            </Method>
            <Method visited="true" cyclomaticComplexity="0" nPathComplexity="0" sequenceCoverage="100.0" branchCoverage="0" crapScore="0" isConstructor="true" isStatic="false" isGetter="false" isSetter="false">
              <Summary numSequencePoints="5" visitedSequencePoints="5" numBranchPoints="0" visitedBranchPoints="0" sequenceCoverage="100.0" branchCoverage="0" maxCyclomaticComplexity="0" minCyclomaticComplexity="0" maxCrapScore="0" minCrapScore="0" visitedClasses="0" numClasses="0" visitedMethods="1" numMethods="1" />
              <MetadataToken>100663297</MetadataToken>
              <Name>PlayerInputData::PlayerInputData(UnityEngine.Vector2, System.Boolean)</Name>
              <FileRef uid="1" />
              <SequencePoints>
                <SequencePoint vc="5" uspid="139" ordinal="0" offset="0" sl="11" sc="5" el="11" ec="5" bec="0" bev="0" fileid="1" />
                <SequencePoint vc="5" uspid="140" ordinal="0" offset="1" sl="12" sc="9" el="12" ec="9" bec="0" bev="0" fileid="1" />
                <SequencePoint vc="5" uspid="141" ordinal="0" offset="8" sl="12" sc="41" el="12" ec="41" bec="0" bev="0" fileid="1" />
                <SequencePoint vc="5" uspid="142" ordinal="0" offset="9" sl="13" sc="9" el="13" ec="9" bec="0" bev="0" fileid="1" />
                <SequencePoint vc="5" uspid="143" ordinal="0" offset="16" sl="14" sc="5" el="14" ec="5" bec="0" bev="0" fileid="1" />
              </SequencePoints>
              <BranchPoints />
            </Method>
          </Methods>
        </Class>
        <Class>
          <Summary numSequencePoints="10" visitedSequencePoints="10" numBranchPoints="0" visitedBranchPoints="0" sequenceCoverage="100.0" branchCoverage="0.0" maxCyclomaticComplexity="0" minCyclomaticComplexity="0" maxCrapScore="0" minCrapScore="0" visitedClasses="1" numClasses="1" visitedMethods="3" numMethods="3" />
          <FullName>PlayerInputHandler</FullName>
          <Methods>
            <Method visited="true" cyclomaticComplexity="0" nPathComplexity="0" sequenceCoverage="100.0" branchCoverage="0" crapScore="0" isConstructor="false" isStatic="false" isGetter="false" isSetter="false">
              <Summary numSequencePoints="6" visitedSequencePoints="6" numBranchPoints="0" visitedBranchPoints="0" sequenceCoverage="100.0" branchCoverage="0" maxCyclomaticComplexity="0" minCyclomaticComplexity="0" maxCrapScore="0" minCrapScore="0" visitedClasses="0" numClasses="0" visitedMethods="1" numMethods="1" />
              <MetadataToken>100663303</MetadataToken>
              <Name>System.Void PlayerInputHandler::OnFullscreenOrWindowed()</Name>
              <FileRef uid="2" />
              <SequencePoints>
                <SequencePoint vc="1" uspid="149" ordinal="0" offset="0" sl="23" sc="5" el="23" ec="5" bec="0" bev="0" fileid="2" />
                <SequencePoint vc="1" uspid="150" ordinal="0" offset="1" sl="24" sc="9" el="24" ec="9" bec="0" bev="0" fileid="2" />
                <SequencePoint vc="1" uspid="151" ordinal="0" offset="8" sl="25" sc="9" el="25" ec="9" bec="0" bev="0" fileid="2" />
                <SequencePoint vc="1" uspid="152" ordinal="0" offset="15" sl="26" sc="9" el="26" ec="9" bec="0" bev="0" fileid="2" />
                <SequencePoint vc="1" uspid="153" ordinal="0" offset="22" sl="28" sc="9" el="28" ec="9" bec="0" bev="0" fileid="2" />
                <SequencePoint vc="1" uspid="154" ordinal="0" offset="33" sl="29" sc="5" el="29" ec="5" bec="0" bev="0" fileid="2" />
              </SequencePoints>
              <BranchPoints />
            </Method>
            <Method visited="true" cyclomaticComplexity="0" nPathComplexity="0" sequenceCoverage="100.0" branchCoverage="0" crapScore="0" isConstructor="false" isStatic="false" isGetter="false" isSetter="false">
              <Summary numSequencePoints="1" visitedSequencePoints="1" numBranchPoints="0" visitedBranchPoints="0" sequenceCoverage="100.0" branchCoverage="0" maxCyclomaticComplexity="0" minCyclomaticComplexity="0" maxCrapScore="0" minCrapScore="0" visitedClasses="0" numClasses="0" visitedMethods="1" numMethods="1" />
              <MetadataToken>100663304</MetadataToken>
              <Name>System.Void PlayerInputHandler::TriggerInputEvent()</Name>
              <FileRef uid="2" />
              <SequencePoints>
                <SequencePoint vc="1" uspid="155" ordinal="0" offset="0" sl="31" sc="41" el="31" ec="41" bec="0" bev="0" fileid="2" />
              </SequencePoints>
              <BranchPoints />
            </Method>
            <Method visited="true" cyclomaticComplexity="0" nPathComplexity="0" sequenceCoverage="100.0" branchCoverage="0" crapScore="0" isConstructor="false" isStatic="false" isGetter="false" isSetter="false">
              <Summary numSequencePoints="3" visitedSequencePoints="3" numBranchPoints="0" visitedBranchPoints="0" sequenceCoverage="100.0" branchCoverage="0" maxCyclomaticComplexity="0" minCyclomaticComplexity="0" maxCrapScore="0" minCrapScore="0" visitedClasses="0" numClasses="0" visitedMethods="1" numMethods="1" />
              <MetadataToken>100663305</MetadataToken>
              <Name>System.Void PlayerInputHandler::TriggerInputEvent(PlayerInputData)</Name>
              <FileRef uid="2" />
              <SequencePoints>
                <SequencePoint vc="1" uspid="156" ordinal="0" offset="0" sl="37" sc="5" el="37" ec="5" bec="0" bev="0" fileid="2" />
                <SequencePoint vc="1" uspid="157" ordinal="0" offset="1" sl="38" sc="9" el="38" ec="9" bec="0" bev="0" fileid="2" />
                <SequencePoint vc="1" uspid="158" ordinal="0" offset="20" sl="39" sc="5" el="39" ec="5" bec="0" bev="0" fileid="2" />
              </SequencePoints>
              <BranchPoints />
            </Method>
          </Methods>
        </Class>
      </Classes>
    </Module>
    <Module>
      <Summary numSequencePoints="114" visitedSequencePoints="111" numBranchPoints="0" visitedBranchPoints="0" sequenceCoverage="97.37" branchCoverage="0.0" maxCyclomaticComplexity="0" minCyclomaticComplexity="0" maxCrapScore="0" minCrapScore="0" visitedClasses="4" numClasses="4" visitedMethods="19" numMethods="19" />
      <ModuleTime>0001-01-01T00:00:00</ModuleTime>
      <ModuleName>MainScripts</ModuleName>
      <Files>
        <File uid="3" fullPath="D:/AllPrograms/UnityProj/LabWork_1_Devyatov-main/Assets/Scripts/MainScripts/Cell.cs" />
        <File uid="4" fullPath="D:/AllPrograms/UnityProj/LabWork_1_Devyatov-main/Assets/Scripts/MainScripts/CellView.cs" />
        <File uid="5" fullPath="D:/AllPrograms/UnityProj/LabWork_1_Devyatov-main/Assets/Scripts/MainScripts/GameField.cs" />
      </Files>
      <Classes>
        <Class>
          <Summary numSequencePoints="23" visitedSequencePoints="23" numBranchPoints="0" visitedBranchPoints="0" sequenceCoverage="100.0" branchCoverage="0.0" maxCyclomaticComplexity="0" minCyclomaticComplexity="0" maxCrapScore="0" minCrapScore="0" visitedClasses="1" numClasses="1" visitedMethods="7" numMethods="7" />
          <FullName>Cell</FullName>
          <Methods>
            <Method visited="true" cyclomaticComplexity="0" nPathComplexity="0" sequenceCoverage="100.0" branchCoverage="0" crapScore="0" isConstructor="false" isStatic="false" isGetter="true" isSetter="false">
              <Summary numSequencePoints="1" visitedSequencePoints="1" numBranchPoints="0" visitedBranchPoints="0" sequenceCoverage="100.0" branchCoverage="0" maxCyclomaticComplexity="0" minCyclomaticComplexity="0" maxCrapScore="0" minCrapScore="0" visitedClasses="0" numClasses="0" visitedMethods="1" numMethods="1" />
              <MetadataToken>100663301</MetadataToken>
              <Name>System.Int32 Cell::get_Value()</Name>
              <FileRef uid="3" />
              <SequencePoints>
                <SequencePoint vc="34" uspid="159" ordinal="0" offset="0" sl="39" sc="16" el="39" ec="16" bec="0" bev="0" fileid="3" />
              </SequencePoints>
              <BranchPoints />
            </Method>
            <Method visited="true" cyclomaticComplexity="0" nPathComplexity="0" sequenceCoverage="100.0" branchCoverage="0" crapScore="0" isConstructor="false" isStatic="false" isGetter="false" isSetter="true">
              <Summary numSequencePoints="7" visitedSequencePoints="7" numBranchPoints="0" visitedBranchPoints="0" sequenceCoverage="100.0" branchCoverage="0" maxCyclomaticComplexity="0" minCyclomaticComplexity="0" maxCrapScore="0" minCrapScore="0" visitedClasses="0" numClasses="0" visitedMethods="1" numMethods="1" />
              <MetadataToken>100663302</MetadataToken>
              <Name>System.Void Cell::set_Value(System.Int32)</Name>
              <FileRef uid="3" />
              <SequencePoints>
                <SequencePoint vc="11" uspid="160" ordinal="0" offset="0" sl="41" sc="9" el="41" ec="9" bec="0" bev="0" fileid="3" />
                <SequencePoint vc="11" uspid="161" ordinal="0" offset="1" sl="42" sc="13" el="42" ec="13" bec="0" bev="0" fileid="3" />
                <SequencePoint vc="9" uspid="162" ordinal="0" offset="17" sl="43" sc="13" el="43" ec="13" bec="0" bev="0" fileid="3" />
                <SequencePoint vc="9" uspid="163" ordinal="0" offset="18" sl="44" sc="17" el="44" ec="17" bec="0" bev="0" fileid="3" />
                <SequencePoint vc="9" uspid="164" ordinal="0" offset="25" sl="45" sc="17" el="45" ec="17" bec="0" bev="0" fileid="3" />
                <SequencePoint vc="9" uspid="165" ordinal="0" offset="49" sl="46" sc="13" el="46" ec="13" bec="0" bev="0" fileid="3" />
                <SequencePoint vc="11" uspid="166" ordinal="0" offset="50" sl="47" sc="9" el="47" ec="9" bec="0" bev="0" fileid="3" />
              </SequencePoints>
              <BranchPoints />
            </Method>
            <Method visited="true" cyclomaticComplexity="0" nPathComplexity="0" sequenceCoverage="100.0" branchCoverage="0" crapScore="0" isConstructor="false" isStatic="false" isGetter="true" isSetter="false">
              <Summary numSequencePoints="1" visitedSequencePoints="1" numBranchPoints="0" visitedBranchPoints="0" sequenceCoverage="100.0" branchCoverage="0" maxCyclomaticComplexity="0" minCyclomaticComplexity="0" maxCrapScore="0" minCrapScore="0" visitedClasses="0" numClasses="0" visitedMethods="1" numMethods="1" />
              <MetadataToken>100663303</MetadataToken>
              <Name>UnityEngine.Vector2Int Cell::get_Position()</Name>
              <FileRef uid="3" />
              <SequencePoints>
                <SequencePoint vc="36" uspid="167" ordinal="0" offset="0" sl="55" sc="16" el="55" ec="16" bec="0" bev="0" fileid="3" />
              </SequencePoints>
              <BranchPoints />
            </Method>
            <Method visited="true" cyclomaticComplexity="0" nPathComplexity="0" sequenceCoverage="100.0" branchCoverage="0" crapScore="0" isConstructor="false" isStatic="false" isGetter="false" isSetter="true">
              <Summary numSequencePoints="7" visitedSequencePoints="7" numBranchPoints="0" visitedBranchPoints="0" sequenceCoverage="100.0" branchCoverage="0" maxCyclomaticComplexity="0" minCyclomaticComplexity="0" maxCrapScore="0" minCrapScore="0" visitedClasses="0" numClasses="0" visitedMethods="1" numMethods="1" />
              <MetadataToken>100663304</MetadataToken>
              <Name>System.Void Cell::set_Position(UnityEngine.Vector2Int)</Name>
              <FileRef uid="3" />
              <SequencePoints>
                <SequencePoint vc="4" uspid="168" ordinal="0" offset="0" sl="57" sc="9" el="57" ec="9" bec="0" bev="0" fileid="3" />
                <SequencePoint vc="4" uspid="169" ordinal="0" offset="1" sl="58" sc="13" el="58" ec="13" bec="0" bev="0" fileid="3" />
                <SequencePoint vc="3" uspid="170" ordinal="0" offset="17" sl="59" sc="13" el="59" ec="13" bec="0" bev="0" fileid="3" />
                <SequencePoint vc="3" uspid="171" ordinal="0" offset="18" sl="60" sc="17" el="60" ec="17" bec="0" bev="0" fileid="3" />
                <SequencePoint vc="3" uspid="172" ordinal="0" offset="25" sl="61" sc="17" el="61" ec="17" bec="0" bev="0" fileid="3" />
                <SequencePoint vc="3" uspid="173" ordinal="0" offset="49" sl="62" sc="13" el="62" ec="13" bec="0" bev="0" fileid="3" />
                <SequencePoint vc="4" uspid="174" ordinal="0" offset="50" sl="63" sc="9" el="63" ec="9" bec="0" bev="0" fileid="3" />
              </SequencePoints>
              <BranchPoints />
            </Method>
            <Method visited="true" cyclomaticComplexity="0" nPathComplexity="0" sequenceCoverage="100.0" branchCoverage="0" crapScore="0" isConstructor="false" isStatic="false" isGetter="true" isSetter="false">
              <Summary numSequencePoints="1" visitedSequencePoints="1" numBranchPoints="0" visitedBranchPoints="0" sequenceCoverage="100.0" branchCoverage="0" maxCyclomaticComplexity="0" minCyclomaticComplexity="0" maxCrapScore="0" minCrapScore="0" visitedClasses="0" numClasses="0" visitedMethods="1" numMethods="1" />
              <MetadataToken>100663305</MetadataToken>
              <Name>System.Boolean Cell::get_Merged()</Name>
              <FileRef uid="3" />
              <SequencePoints>
                <SequencePoint vc="2" uspid="175" ordinal="0" offset="0" sl="71" sc="16" el="71" ec="16" bec="0" bev="0" fileid="3" />
              </SequencePoints>
              <BranchPoints />
            </Method>
            <Method visited="true" cyclomaticComplexity="0" nPathComplexity="0" sequenceCoverage="100.0" branchCoverage="0" crapScore="0" isConstructor="false" isStatic="false" isGetter="false" isSetter="true">
              <Summary numSequencePoints="1" visitedSequencePoints="1" numBranchPoints="0" visitedBranchPoints="0" sequenceCoverage="100.0" branchCoverage="0" maxCyclomaticComplexity="0" minCyclomaticComplexity="0" maxCrapScore="0" minCrapScore="0" visitedClasses="0" numClasses="0" visitedMethods="1" numMethods="1" />
              <MetadataToken>100663306</MetadataToken>
              <Name>System.Void Cell::set_Merged(System.Boolean)</Name>
              <FileRef uid="3" />
              <SequencePoints>
                <SequencePoint vc="2" uspid="176" ordinal="0" offset="0" sl="72" sc="16" el="72" ec="16" bec="0" bev="0" fileid="3" />
              </SequencePoints>
              <BranchPoints />
            </Method>
            <Method visited="true" cyclomaticComplexity="0" nPathComplexity="0" sequenceCoverage="100.0" branchCoverage="0" crapScore="0" isConstructor="true" isStatic="false" isGetter="false" isSetter="false">
              <Summary numSequencePoints="5" visitedSequencePoints="5" numBranchPoints="0" visitedBranchPoints="0" sequenceCoverage="100.0" branchCoverage="0" maxCyclomaticComplexity="0" minCyclomaticComplexity="0" maxCrapScore="0" minCrapScore="0" visitedClasses="0" numClasses="0" visitedMethods="1" numMethods="1" />
              <MetadataToken>100663307</MetadataToken>
              <Name>Cell::Cell(UnityEngine.Vector2Int, System.Int32)</Name>
              <FileRef uid="3" />
              <SequencePoints>
                <SequencePoint vc="23" uspid="177" ordinal="0" offset="0" sl="81" sc="5" el="81" ec="5" bec="0" bev="0" fileid="3" />
                <SequencePoint vc="23" uspid="178" ordinal="0" offset="7" sl="82" sc="5" el="82" ec="5" bec="0" bev="0" fileid="3" />
                <SequencePoint vc="23" uspid="179" ordinal="0" offset="8" sl="83" sc="9" el="83" ec="9" bec="0" bev="0" fileid="3" />
                <SequencePoint vc="23" uspid="180" ordinal="0" offset="15" sl="84" sc="9" el="84" ec="9" bec="0" bev="0" fileid="3" />
                <SequencePoint vc="23" uspid="181" ordinal="0" offset="22" sl="85" sc="5" el="85" ec="5" bec="0" bev="0" fileid="3" />
              </SequencePoints>
              <BranchPoints />
            </Method>
          </Methods>
        </Class>
        <Class>
          <Summary numSequencePoints="28" visitedSequencePoints="28" numBranchPoints="0" visitedBranchPoints="0" sequenceCoverage="100.0" branchCoverage="0.0" maxCyclomaticComplexity="0" minCyclomaticComplexity="0" maxCrapScore="0" minCrapScore="0" visitedClasses="1" numClasses="1" visitedMethods="6" numMethods="6" />
          <FullName>CellView</FullName>
          <Methods>
            <Method visited="true" cyclomaticComplexity="0" nPathComplexity="0" sequenceCoverage="100.0" branchCoverage="0" crapScore="0" isConstructor="false" isStatic="false" isGetter="false" isSetter="false">
              <Summary numSequencePoints="7" visitedSequencePoints="7" numBranchPoints="0" visitedBranchPoints="0" sequenceCoverage="100.0" branchCoverage="0" maxCyclomaticComplexity="0" minCyclomaticComplexity="0" maxCrapScore="0" minCrapScore="0" visitedClasses="0" numClasses="0" visitedMethods="1" numMethods="1" />
              <MetadataToken>100663308</MetadataToken>
              <Name>System.Void CellView::Init(Cell)</Name>
              <FileRef uid="4" />
              <SequencePoints>
                <SequencePoint vc="8" uspid="182" ordinal="0" offset="0" sl="25" sc="5" el="25" ec="5" bec="0" bev="0" fileid="4" />
                <SequencePoint vc="8" uspid="183" ordinal="0" offset="1" sl="26" sc="9" el="26" ec="9" bec="0" bev="0" fileid="4" />
                <SequencePoint vc="8" uspid="184" ordinal="0" offset="8" sl="28" sc="9" el="28" ec="9" bec="0" bev="0" fileid="4" />
                <SequencePoint vc="8" uspid="185" ordinal="0" offset="27" sl="29" sc="9" el="29" ec="9" bec="0" bev="0" fileid="4" />
                <SequencePoint vc="8" uspid="186" ordinal="0" offset="46" sl="31" sc="9" el="31" ec="9" bec="0" bev="0" fileid="4" />
                <SequencePoint vc="8" uspid="187" ordinal="0" offset="64" sl="32" sc="9" el="32" ec="9" bec="0" bev="0" fileid="4" />
                <SequencePoint vc="8" uspid="188" ordinal="0" offset="82" sl="33" sc="5" el="33" ec="5" bec="0" bev="0" fileid="4" />
              </SequencePoints>
              <BranchPoints />
            </Method>
            <Method visited="true" cyclomaticComplexity="0" nPathComplexity="0" sequenceCoverage="100.0" branchCoverage="0" crapScore="0" isConstructor="false" isStatic="false" isGetter="false" isSetter="false">
              <Summary numSequencePoints="7" visitedSequencePoints="7" numBranchPoints="0" visitedBranchPoints="0" sequenceCoverage="100.0" branchCoverage="0" maxCyclomaticComplexity="0" minCyclomaticComplexity="0" maxCrapScore="0" minCrapScore="0" visitedClasses="0" numClasses="0" visitedMethods="1" numMethods="1" />
              <MetadataToken>100663309</MetadataToken>
              <Name>System.Void CellView::OnDisable()</Name>
              <FileRef uid="4" />
              <SequencePoints>
                <SequencePoint vc="9" uspid="189" ordinal="0" offset="0" sl="39" sc="5" el="39" ec="5" bec="0" bev="0" fileid="4" />
                <SequencePoint vc="9" uspid="190" ordinal="0" offset="1" sl="40" sc="9" el="40" ec="9" bec="0" bev="0" fileid="4" />
                <SequencePoint vc="6" uspid="191" ordinal="0" offset="14" sl="41" sc="9" el="41" ec="9" bec="0" bev="0" fileid="4" />
                <SequencePoint vc="6" uspid="192" ordinal="0" offset="15" sl="42" sc="13" el="42" ec="13" bec="0" bev="0" fileid="4" />
                <SequencePoint vc="6" uspid="193" ordinal="0" offset="39" sl="43" sc="13" el="43" ec="13" bec="0" bev="0" fileid="4" />
                <SequencePoint vc="6" uspid="194" ordinal="0" offset="63" sl="44" sc="9" el="44" ec="9" bec="0" bev="0" fileid="4" />
                <SequencePoint vc="9" uspid="195" ordinal="0" offset="64" sl="45" sc="5" el="45" ec="5" bec="0" bev="0" fileid="4" />
              </SequencePoints>
              <BranchPoints />
            </Method>
            <Method visited="true" cyclomaticComplexity="0" nPathComplexity="0" sequenceCoverage="100.0" branchCoverage="0" crapScore="0" isConstructor="false" isStatic="false" isGetter="false" isSetter="false">
              <Summary numSequencePoints="8" visitedSequencePoints="8" numBranchPoints="0" visitedBranchPoints="0" sequenceCoverage="100.0" branchCoverage="0" maxCyclomaticComplexity="0" minCyclomaticComplexity="0" maxCrapScore="0" minCrapScore="0" visitedClasses="0" numClasses="0" visitedMethods="1" numMethods="1" />
              <MetadataToken>100663310</MetadataToken>
              <Name>System.Void CellView::UpdateValue(System.Int32)</Name>
              <FileRef uid="4" />
              <SequencePoints>
                <SequencePoint vc="9" uspid="196" ordinal="0" offset="0" sl="52" sc="5" el="52" ec="5" bec="0" bev="0" fileid="4" />
                <SequencePoint vc="9" uspid="197" ordinal="0" offset="1" sl="53" sc="9" el="53" ec="9" bec="0" bev="0" fileid="4" />
                <SequencePoint vc="9" uspid="198" ordinal="0" offset="15" sl="55" sc="9" el="55" ec="9" bec="0" bev="0" fileid="4" />
                <SequencePoint vc="5" uspid="199" ordinal="0" offset="31" sl="56" sc="9" el="56" ec="9" bec="0" bev="0" fileid="4" />
                <SequencePoint vc="5" uspid="200" ordinal="0" offset="32" sl="57" sc="13" el="57" ec="13" bec="0" bev="0" fileid="4" />
                <SequencePoint vc="5" uspid="201" ordinal="0" offset="51" sl="58" sc="9" el="58" ec="9" bec="0" bev="0" fileid="4" />
                <SequencePoint vc="9" uspid="202" ordinal="0" offset="52" sl="60" sc="9" el="60" ec="9" bec="0" bev="0" fileid="4" />
                <SequencePoint vc="9" uspid="203" ordinal="0" offset="59" sl="61" sc="5" el="61" ec="5" bec="0" bev="0" fileid="4" />
              </SequencePoints>
              <BranchPoints />
            </Method>
            <Method visited="true" cyclomaticComplexity="0" nPathComplexity="0" sequenceCoverage="100.0" branchCoverage="0" crapScore="0" isConstructor="false" isStatic="false" isGetter="false" isSetter="false">
              <Summary numSequencePoints="3" visitedSequencePoints="3" numBranchPoints="0" visitedBranchPoints="0" sequenceCoverage="100.0" branchCoverage="0" maxCyclomaticComplexity="0" minCyclomaticComplexity="0" maxCrapScore="0" minCrapScore="0" visitedClasses="0" numClasses="0" visitedMethods="1" numMethods="1" />
              <MetadataToken>100663311</MetadataToken>
              <Name>System.Void CellView::UpdatePosition(UnityEngine.Vector2Int)</Name>
              <FileRef uid="4" />
              <SequencePoints>
                <SequencePoint vc="9" uspid="204" ordinal="0" offset="0" sl="68" sc="5" el="68" ec="5" bec="0" bev="0" fileid="4" />
                <SequencePoint vc="9" uspid="205" ordinal="0" offset="1" sl="69" sc="9" el="69" ec="9" bec="0" bev="0" fileid="4" />
                <SequencePoint vc="9" uspid="206" ordinal="0" offset="53" sl="74" sc="5" el="74" ec="5" bec="0" bev="0" fileid="4" />
              </SequencePoints>
              <BranchPoints />
            </Method>
            <Method visited="true" cyclomaticComplexity="0" nPathComplexity="0" sequenceCoverage="100.0" branchCoverage="0" crapScore="0" isConstructor="false" isStatic="false" isGetter="false" isSetter="false">
              <Summary numSequencePoints="2" visitedSequencePoints="2" numBranchPoints="0" visitedBranchPoints="0" sequenceCoverage="100.0" branchCoverage="0" maxCyclomaticComplexity="0" minCyclomaticComplexity="0" maxCrapScore="0" minCrapScore="0" visitedClasses="0" numClasses="0" visitedMethods="1" numMethods="1" />
              <MetadataToken>100663312</MetadataToken>
              <Name>System.Void CellView::UpdateColor()</Name>
              <FileRef uid="4" />
              <SequencePoints>
                <SequencePoint vc="9" uspid="207" ordinal="0" offset="0" sl="80" sc="5" el="80" ec="5" bec="0" bev="0" fileid="4" />
                <SequencePoint vc="9" uspid="208" ordinal="0" offset="1" sl="82" sc="5" el="82" ec="5" bec="0" bev="0" fileid="4" />
              </SequencePoints>
              <BranchPoints />
            </Method>
            <Method visited="true" cyclomaticComplexity="0" nPathComplexity="0" sequenceCoverage="100.0" branchCoverage="0" crapScore="0" isConstructor="true" isStatic="false" isGetter="false" isSetter="false">
              <Summary numSequencePoints="1" visitedSequencePoints="1" numBranchPoints="0" visitedBranchPoints="0" sequenceCoverage="100.0" branchCoverage="0" maxCyclomaticComplexity="0" minCyclomaticComplexity="0" maxCrapScore="0" minCrapScore="0" visitedClasses="0" numClasses="0" visitedMethods="1" numMethods="1" />
              <MetadataToken>100663313</MetadataToken>
              <Name>CellView::CellView()</Name>
              <FileRef uid="4" />
              <SequencePoints>
                <SequencePoint vc="11" uspid="209" ordinal="0" offset="0" sl="18" sc="5" el="18" ec="5" bec="0" bev="0" fileid="4" />
              </SequencePoints>
              <BranchPoints />
            </Method>
          </Methods>
        </Class>
        <Class>
          <Summary numSequencePoints="62" visitedSequencePoints="59" numBranchPoints="0" visitedBranchPoints="0" sequenceCoverage="95.16" branchCoverage="0.0" maxCyclomaticComplexity="0" minCyclomaticComplexity="0" maxCrapScore="0" minCrapScore="0" visitedClasses="1" numClasses="1" visitedMethods="5" numMethods="5" />
          <FullName>GameField</FullName>
          <Methods>
            <Method visited="true" cyclomaticComplexity="0" nPathComplexity="0" sequenceCoverage="100.0" branchCoverage="0" crapScore="0" isConstructor="false" isStatic="false" isGetter="false" isSetter="false">
              <Summary numSequencePoints="4" visitedSequencePoints="4" numBranchPoints="0" visitedBranchPoints="0" sequenceCoverage="100.0" branchCoverage="0" maxCyclomaticComplexity="0" minCyclomaticComplexity="0" maxCrapScore="0" minCrapScore="0" visitedClasses="0" numClasses="0" visitedMethods="1" numMethods="1" />
              <MetadataToken>100663314</MetadataToken>
              <Name>System.Void GameField::Start()</Name>
              <FileRef uid="5" />
              <SequencePoints>
                <SequencePoint vc="3" uspid="210" ordinal="0" offset="0" sl="24" sc="5" el="24" ec="5" bec="0" bev="0" fileid="5" />
                <SequencePoint vc="3" uspid="211" ordinal="0" offset="1" sl="25" sc="9" el="25" ec="9" bec="0" bev="0" fileid="5" />
                <SequencePoint vc="3" uspid="212" ordinal="0" offset="8" sl="26" sc="9" el="26" ec="9" bec="0" bev="0" fileid="5" />
                <SequencePoint vc="3" uspid="213" ordinal="0" offset="15" sl="27" sc="5" el="27" ec="5" bec="0" bev="0" fileid="5" />
              </SequencePoints>
              <BranchPoints />
            </Method>
            <Method visited="true" cyclomaticComplexity="0" nPathComplexity="0" sequenceCoverage="100.0" branchCoverage="0" crapScore="0" isConstructor="false" isStatic="false" isGetter="false" isSetter="false">
              <Summary numSequencePoints="16" visitedSequencePoints="16" numBranchPoints="0" visitedBranchPoints="0" sequenceCoverage="100.0" branchCoverage="0" maxCyclomaticComplexity="0" minCyclomaticComplexity="0" maxCrapScore="0" minCrapScore="0" visitedClasses="0" numClasses="0" visitedMethods="1" numMethods="1" />
              <MetadataToken>100663315</MetadataToken>
              <Name>System.Void GameField::InitializeGrid()</Name>
              <FileRef uid="5" />
              <SequencePoints>
                <SequencePoint vc="3" uspid="214" ordinal="0" offset="0" sl="33" sc="5" el="33" ec="5" bec="0" bev="0" fileid="5" />
                <SequencePoint vc="3" uspid="215" ordinal="0" offset="1" sl="34" sc="9" el="34" ec="9" bec="0" bev="0" fileid="5" />
                <SequencePoint vc="3" uspid="216" ordinal="0" offset="13" sl="36" sc="14" el="36" ec="14" bec="0" bev="0" fileid="5" />
                <SequencePoint vc="6" uspid="217" ordinal="0" offset="17" sl="37" sc="9" el="37" ec="9" bec="0" bev="0" fileid="5" />
                <SequencePoint vc="6" uspid="218" ordinal="0" offset="18" sl="38" sc="18" el="38" ec="18" bec="0" bev="0" fileid="5" />
                <SequencePoint vc="12" uspid="219" ordinal="0" offset="22" sl="39" sc="13" el="39" ec="13" bec="0" bev="0" fileid="5" />
                <SequencePoint vc="12" uspid="220" ordinal="0" offset="23" sl="40" sc="17" el="40" ec="17" bec="0" bev="0" fileid="5" />
                <SequencePoint vc="12" uspid="221" ordinal="0" offset="32" sl="41" sc="17" el="41" ec="17" bec="0" bev="0" fileid="5" />
                <SequencePoint vc="12" uspid="222" ordinal="0" offset="40" sl="42" sc="17" el="42" ec="17" bec="0" bev="0" fileid="5" />
                <SequencePoint vc="12" uspid="223" ordinal="0" offset="53" sl="43" sc="13" el="43" ec="13" bec="0" bev="0" fileid="5" />
                <SequencePoint vc="12" uspid="224" ordinal="0" offset="54" sl="38" sc="45" el="38" ec="45" bec="0" bev="0" fileid="5" />
                <SequencePoint vc="18" uspid="225" ordinal="0" offset="58" sl="38" sc="29" el="38" ec="29" bec="0" bev="0" fileid="5" />
                <SequencePoint vc="6" uspid="226" ordinal="0" offset="73" sl="44" sc="9" el="44" ec="9" bec="0" bev="0" fileid="5" />
                <SequencePoint vc="6" uspid="227" ordinal="0" offset="74" sl="36" sc="40" el="36" ec="40" bec="0" bev="0" fileid="5" />
                <SequencePoint vc="9" uspid="228" ordinal="0" offset="78" sl="36" sc="25" el="36" ec="25" bec="0" bev="0" fileid="5" />
                <SequencePoint vc="3" uspid="229" ordinal="0" offset="93" sl="45" sc="5" el="45" ec="5" bec="0" bev="0" fileid="5" />
              </SequencePoints>
              <BranchPoints />
            </Method>
            <Method visited="true" cyclomaticComplexity="0" nPathComplexity="0" sequenceCoverage="100.0" branchCoverage="0" crapScore="0" isConstructor="false" isStatic="false" isGetter="false" isSetter="false">
              <Summary numSequencePoints="19" visitedSequencePoints="19" numBranchPoints="0" visitedBranchPoints="0" sequenceCoverage="100.0" branchCoverage="0" maxCyclomaticComplexity="0" minCyclomaticComplexity="0" maxCrapScore="0" minCrapScore="0" visitedClasses="0" numClasses="0" visitedMethods="1" numMethods="1" />
              <MetadataToken>100663316</MetadataToken>
              <Name>UnityEngine.Vector2Int GameField::GetEmptyPosition()</Name>
              <FileRef uid="5" />
              <SequencePoints>
                <SequencePoint vc="4" uspid="230" ordinal="0" offset="0" sl="51" sc="5" el="51" ec="5" bec="0" bev="0" fileid="5" />
                <SequencePoint vc="4" uspid="231" ordinal="0" offset="1" sl="52" sc="9" el="52" ec="9" bec="0" bev="0" fileid="5" />
                <SequencePoint vc="4" uspid="232" ordinal="0" offset="7" sl="54" sc="9" el="54" ec="9" bec="0" bev="0" fileid="5" />
                <SequencePoint vc="4" uspid="233" ordinal="0" offset="8" sl="54" sc="31" el="54" ec="31" bec="0" bev="0" fileid="5" />
                <SequencePoint vc="16" uspid="234" ordinal="0" offset="22" sl="54" sc="18" el="54" ec="18" bec="0" bev="0" fileid="5" />
                <SequencePoint vc="16" uspid="235" ordinal="0" offset="30" sl="55" sc="9" el="55" ec="9" bec="0" bev="0" fileid="5" />
                <SequencePoint vc="16" uspid="236" ordinal="0" offset="31" sl="56" sc="13" el="56" ec="13" bec="0" bev="0" fileid="5" />
                <SequencePoint vc="12" uspid="237" ordinal="0" offset="44" sl="57" sc="13" el="57" ec="13" bec="0" bev="0" fileid="5" />
                <SequencePoint vc="12" uspid="238" ordinal="0" offset="45" sl="58" sc="17" el="58" ec="17" bec="0" bev="0" fileid="5" />
                <SequencePoint vc="12" uspid="239" ordinal="0" offset="58" sl="59" sc="13" el="59" ec="13" bec="0" bev="0" fileid="5" />
                <SequencePoint vc="16" uspid="240" ordinal="0" offset="59" sl="60" sc="9" el="60" ec="9" bec="0" bev="0" fileid="5" />
                <SequencePoint vc="20" uspid="241" ordinal="0" offset="60" sl="54" sc="28" el="54" ec="28" bec="0" bev="0" fileid="5" />
                <SequencePoint vc="4" uspid="242" ordinal="0" offset="86" sl="62" sc="9" el="62" ec="9" bec="0" bev="0" fileid="5" />
                <SequencePoint vc="3" uspid="243" ordinal="0" offset="101" sl="63" sc="9" el="63" ec="9" bec="0" bev="0" fileid="5" />
                <SequencePoint vc="3" uspid="244" ordinal="0" offset="102" sl="64" sc="13" el="64" ec="13" bec="0" bev="0" fileid="5" />
                <SequencePoint vc="3" uspid="245" ordinal="0" offset="116" sl="65" sc="13" el="65" ec="13" bec="0" bev="0" fileid="5" />
                <SequencePoint vc="1" uspid="246" ordinal="0" offset="128" sl="68" sc="9" el="68" ec="9" bec="0" bev="0" fileid="5" />
                <SequencePoint vc="1" uspid="247" ordinal="0" offset="129" sl="69" sc="13" el="69" ec="13" bec="0" bev="0" fileid="5" />
                <SequencePoint vc="4" uspid="248" ordinal="0" offset="140" sl="71" sc="5" el="71" ec="5" bec="0" bev="0" fileid="5" />
              </SequencePoints>
              <BranchPoints />
            </Method>
            <Method visited="true" cyclomaticComplexity="0" nPathComplexity="0" sequenceCoverage="85.00" branchCoverage="0" crapScore="0" isConstructor="false" isStatic="false" isGetter="false" isSetter="false">
              <Summary numSequencePoints="20" visitedSequencePoints="17" numBranchPoints="0" visitedBranchPoints="0" sequenceCoverage="85.00" branchCoverage="0" maxCyclomaticComplexity="0" minCyclomaticComplexity="0" maxCrapScore="0" minCrapScore="0" visitedClasses="0" numClasses="0" visitedMethods="1" numMethods="1" />
              <MetadataToken>100663317</MetadataToken>
              <Name>System.Void GameField::CreateCell()</Name>
              <FileRef uid="5" />
              <SequencePoints>
                <SequencePoint vc="4" uspid="249" ordinal="0" offset="6" sl="77" sc="5" el="77" ec="5" bec="0" bev="0" fileid="5" />
                <SequencePoint vc="4" uspid="250" ordinal="0" offset="7" sl="78" sc="9" el="78" ec="9" bec="0" bev="0" fileid="5" />
                <SequencePoint vc="4" uspid="251" ordinal="0" offset="19" sl="79" sc="9" el="79" ec="9" bec="0" bev="0" fileid="5" />
                <SequencePoint vc="1" uspid="252" ordinal="0" offset="39" sl="80" sc="9" el="80" ec="9" bec="0" bev="0" fileid="5" />
                <SequencePoint vc="1" uspid="253" ordinal="0" offset="40" sl="81" sc="13" el="81" ec="13" bec="0" bev="0" fileid="5" />
                <SequencePoint vc="1" uspid="254" ordinal="0" offset="51" sl="82" sc="13" el="82" ec="13" bec="0" bev="0" fileid="5" />
                <SequencePoint vc="3" uspid="255" ordinal="0" offset="56" sl="85" sc="9" el="85" ec="9" bec="0" bev="0" fileid="5" />
                <SequencePoint vc="3" uspid="256" ordinal="0" offset="73" sl="87" sc="9" el="87" ec="9" bec="0" bev="0" fileid="5" />
                <SequencePoint vc="3" uspid="257" ordinal="0" offset="97" sl="88" sc="9" el="88" ec="9" bec="0" bev="0" fileid="5" />
                <SequencePoint vc="3" uspid="258" ordinal="0" offset="105" sl="90" sc="9" el="90" ec="9" bec="0" bev="0" fileid="5" />
                <SequencePoint vc="3" uspid="259" ordinal="0" offset="123" sl="91" sc="9" el="91" ec="9" bec="0" bev="0" fileid="5" />
                <SequencePoint vc="3" uspid="260" ordinal="0" offset="169" sl="92" sc="9" el="92" ec="9" bec="0" bev="0" fileid="5" />
                <SequencePoint vc="3" uspid="261" ordinal="0" offset="177" sl="93" sc="9" el="93" ec="9" bec="0" bev="0" fileid="5" />
                <SequencePoint vc="3" uspid="262" ordinal="0" offset="191" sl="94" sc="9" el="94" ec="9" bec="0" bev="0" fileid="5" />
                <SequencePoint vc="3" uspid="263" ordinal="0" offset="192" sl="95" sc="13" el="95" ec="13" bec="0" bev="0" fileid="5" />
                <SequencePoint vc="3" uspid="264" ordinal="0" offset="201" sl="96" sc="9" el="96" ec="9" bec="0" bev="0" fileid="5" />
                <SequencePoint vc="0" uspid="265" ordinal="0" offset="204" sl="98" sc="9" el="98" ec="9" bec="0" bev="0" fileid="5" />
                <SequencePoint vc="0" uspid="266" ordinal="0" offset="205" sl="99" sc="13" el="99" ec="13" bec="0" bev="0" fileid="5" />
                <SequencePoint vc="0" uspid="267" ordinal="0" offset="216" sl="100" sc="9" el="100" ec="9" bec="0" bev="0" fileid="5" />
                <SequencePoint vc="4" uspid="268" ordinal="0" offset="217" sl="101" sc="5" el="101" ec="5" bec="0" bev="0" fileid="5" />
              </SequencePoints>
              <BranchPoints />
            </Method>
            <Method visited="true" cyclomaticComplexity="0" nPathComplexity="0" sequenceCoverage="100.0" branchCoverage="0" crapScore="0" isConstructor="true" isStatic="false" isGetter="false" isSetter="false">
              <Summary numSequencePoints="3" visitedSequencePoints="3" numBranchPoints="0" visitedBranchPoints="0" sequenceCoverage="100.0" branchCoverage="0" maxCyclomaticComplexity="0" minCyclomaticComplexity="0" maxCrapScore="0" minCrapScore="0" visitedClasses="0" numClasses="0" visitedMethods="1" numMethods="1" />
              <MetadataToken>100663318</MetadataToken>
              <Name>GameField::GameField()</Name>
              <FileRef uid="5" />
              <SequencePoints>
                <SequencePoint vc="3" uspid="269" ordinal="0" offset="0" sl="11" sc="5" el="11" ec="5" bec="0" bev="0" fileid="5" />
                <SequencePoint vc="3" uspid="270" ordinal="0" offset="7" sl="13" sc="5" el="13" ec="5" bec="0" bev="0" fileid="5" />
                <SequencePoint vc="3" uspid="271" ordinal="0" offset="14" sl="21" sc="5" el="21" ec="5" bec="0" bev="0" fileid="5" />
              </SequencePoints>
              <BranchPoints />
            </Method>
          </Methods>
        </Class>
        <Class>
          <Summary numSequencePoints="1" visitedSequencePoints="1" numBranchPoints="0" visitedBranchPoints="0" sequenceCoverage="100.0" branchCoverage="0.0" maxCyclomaticComplexity="0" minCyclomaticComplexity="0" maxCrapScore="0" minCrapScore="0" visitedClasses="1" numClasses="1" visitedMethods="1" numMethods="1" />
          <FullName>GameField/&lt;&gt;c__DisplayClass8_0</FullName>
          <Methods>
            <Method visited="true" cyclomaticComplexity="0" nPathComplexity="0" sequenceCoverage="100.0" branchCoverage="0" crapScore="0" isConstructor="false" isStatic="false" isGetter="false" isSetter="false">
              <Summary numSequencePoints="1" visitedSequencePoints="1" numBranchPoints="0" visitedBranchPoints="0" sequenceCoverage="100.0" branchCoverage="0" maxCyclomaticComplexity="0" minCyclomaticComplexity="0" maxCrapScore="0" minCrapScore="0" visitedClasses="0" numClasses="0" visitedMethods="1" numMethods="1" />
              <MetadataToken>100663322</MetadataToken>
              <Name>System.Boolean GameField/&lt;&gt;c__DisplayClass8_0::&lt;CreateCell&gt;b__0(Cell)</Name>
              <FileRef uid="5" />
              <SequencePoints>
                <SequencePoint vc="9" uspid="272" ordinal="0" offset="0" sl="87" sc="38" el="87" ec="38" bec="0" bev="0" fileid="5" />
              </SequencePoints>
              <BranchPoints />
            </Method>
          </Methods>
        </Class>
      </Classes>
    </Module>
  </Modules>
</CoverageSession>