<?xml version="1.0" encoding="utf-8"?>
<CoverageSession xmlns:xsd="http://www.w3.org/2001/XMLSchema" xmlns:xsi="http://www.w3.org/2001/XMLSchema-instance" Version="0.0.0.0">
  <Summary numSequencePoints="661" visitedSequencePoints="627" numBranchPoints="0" visitedBranchPoints="0" sequenceCoverage="94.86" branchCoverage="0.0" maxCyclomaticComplexity="0" minCyclomaticComplexity="0" maxCrapScore="0" minCrapScore="0" visitedClasses="20" numClasses="20" visitedMethods="81" numMethods="81" />
  <Modules>
    <Module>
      <Summary numSequencePoints="14" visitedSequencePoints="14" numBranchPoints="0" visitedBranchPoints="0" sequenceCoverage="100.0" branchCoverage="0.0" maxCyclomaticComplexity="0" minCyclomaticComplexity="0" maxCrapScore="0" minCrapScore="0" visitedClasses="1" numClasses="1" visitedMethods="3" numMethods="3" />
      <ModuleTime>0001-01-01T00:00:00</ModuleTime>
      <ModuleName>GeneralScripts</ModuleName>
      <Files>
        <File uid="1" fullPath="D:/AllPrograms/UnityProj/LabWork_3_Devyatov-main/Assets/Scripts/GeneralScripts/CustomCursor.cs" />
        <File uid="2" fullPath="D:/AllPrograms/UnityProj/LabWork_3_Devyatov-main/Assets/Scripts/GeneralScripts/Loader.cs" />
        <File uid="3" fullPath="D:/AllPrograms/UnityProj/LabWork_3_Devyatov-main/Assets/Scripts/GeneralScripts/SceneLoader.cs" />
      </Files>
      <Classes>
        <Class>
          <Summary numSequencePoints="14" visitedSequencePoints="14" numBranchPoints="0" visitedBranchPoints="0" sequenceCoverage="100.0" branchCoverage="0.0" maxCyclomaticComplexity="0" minCyclomaticComplexity="0" maxCrapScore="0" minCrapScore="0" visitedClasses="1" numClasses="1" visitedMethods="3" numMethods="3" />
          <FullName>CustomCursor</FullName>
          <Methods>
            <Method visited="true" cyclomaticComplexity="0" nPathComplexity="0" sequenceCoverage="100.0" branchCoverage="0" crapScore="0" isConstructor="false" isStatic="false" isGetter="false" isSetter="false">
              <Summary numSequencePoints="3" visitedSequencePoints="3" numBranchPoints="0" visitedBranchPoints="0" sequenceCoverage="100.0" branchCoverage="0" maxCyclomaticComplexity="0" minCyclomaticComplexity="0" maxCrapScore="0" minCrapScore="0" visitedClasses="0" numClasses="0" visitedMethods="1" numMethods="1" />
              <MetadataToken>100663297</MetadataToken>
              <Name>System.Void CustomCursor::Awake()</Name>
              <FileRef uid="1" />
              <SequencePoints>
                <SequencePoint vc="7" uspid="684" ordinal="0" offset="0" sl="12" sc="5" el="12" ec="5" bec="0" bev="0" fileid="1" />
                <SequencePoint vc="7" uspid="685" ordinal="0" offset="1" sl="13" sc="9" el="13" ec="9" bec="0" bev="0" fileid="1" />
                <SequencePoint vc="7" uspid="686" ordinal="0" offset="19" sl="14" sc="5" el="14" ec="5" bec="0" bev="0" fileid="1" />
              </SequencePoints>
              <BranchPoints />
            </Method>
            <Method visited="true" cyclomaticComplexity="0" nPathComplexity="0" sequenceCoverage="100.0" branchCoverage="0" crapScore="0" isConstructor="false" isStatic="false" isGetter="false" isSetter="false">
              <Summary numSequencePoints="3" visitedSequencePoints="3" numBranchPoints="0" visitedBranchPoints="0" sequenceCoverage="100.0" branchCoverage="0" maxCyclomaticComplexity="0" minCyclomaticComplexity="0" maxCrapScore="0" minCrapScore="0" visitedClasses="0" numClasses="0" visitedMethods="1" numMethods="1" />
              <MetadataToken>100663298</MetadataToken>
              <Name>System.Void CustomCursor::Update()</Name>
              <FileRef uid="1" />
              <SequencePoints>
                <SequencePoint vc="355" uspid="687" ordinal="0" offset="0" sl="17" sc="5" el="17" ec="5" bec="0" bev="0" fileid="1" />
                <SequencePoint vc="355" uspid="688" ordinal="0" offset="1" sl="18" sc="9" el="18" ec="9" bec="0" bev="0" fileid="1" />
                <SequencePoint vc="355" uspid="689" ordinal="0" offset="8" sl="19" sc="5" el="19" ec="5" bec="0" bev="0" fileid="1" />
              </SequencePoints>
              <BranchPoints />
            </Method>
            <Method visited="true" cyclomaticComplexity="0" nPathComplexity="0" sequenceCoverage="100.0" branchCoverage="0" crapScore="0" isConstructor="false" isStatic="false" isGetter="false" isSetter="false">
              <Summary numSequencePoints="8" visitedSequencePoints="8" numBranchPoints="0" visitedBranchPoints="0" sequenceCoverage="100.0" branchCoverage="0" maxCyclomaticComplexity="0" minCyclomaticComplexity="0" maxCrapScore="0" minCrapScore="0" visitedClasses="0" numClasses="0" visitedMethods="1" numMethods="1" />
              <MetadataToken>100663299</MetadataToken>
              <Name>System.Void CustomCursor::SetCustomCursor()</Name>
              <FileRef uid="1" />
              <SequencePoints>
                <SequencePoint vc="355" uspid="690" ordinal="0" offset="0" sl="22" sc="5" el="22" ec="5" bec="0" bev="0" fileid="1" />
                <SequencePoint vc="355" uspid="691" ordinal="0" offset="1" sl="23" sc="9" el="23" ec="9" bec="0" bev="0" fileid="1" />
                <SequencePoint vc="166" uspid="692" ordinal="0" offset="27" sl="23" sc="48" el="23" ec="48" bec="0" bev="0" fileid="1" />
                <SequencePoint vc="189" uspid="693" ordinal="0" offset="29" sl="25" sc="9" el="25" ec="9" bec="0" bev="0" fileid="1" />
                <SequencePoint vc="189" uspid="694" ordinal="0" offset="35" sl="26" sc="9" el="26" ec="9" bec="0" bev="0" fileid="1" />
                <SequencePoint vc="189" uspid="695" ordinal="0" offset="47" sl="27" sc="9" el="27" ec="9" bec="0" bev="0" fileid="1" />
                <SequencePoint vc="189" uspid="696" ordinal="0" offset="59" sl="28" sc="9" el="28" ec="9" bec="0" bev="0" fileid="1" />
                <SequencePoint vc="355" uspid="697" ordinal="0" offset="72" sl="29" sc="5" el="29" ec="5" bec="0" bev="0" fileid="1" />
              </SequencePoints>
              <BranchPoints />
            </Method>
          </Methods>
        </Class>
      </Classes>
    </Module>
    <Module>
      <Summary numSequencePoints="647" visitedSequencePoints="613" numBranchPoints="0" visitedBranchPoints="0" sequenceCoverage="94.74" branchCoverage="0.0" maxCyclomaticComplexity="0" minCyclomaticComplexity="0" maxCrapScore="0" minCrapScore="0" visitedClasses="19" numClasses="19" visitedMethods="78" numMethods="78" />
      <ModuleTime>0001-01-01T00:00:00</ModuleTime>
      <ModuleName>MainScripts</ModuleName>
      <Files>
        <File uid="4" fullPath="D:/AllPrograms/UnityProj/LabWork_3_Devyatov-main/Assets/Scripts/MainScripts/Cell.cs" />
        <File uid="5" fullPath="D:/AllPrograms/UnityProj/LabWork_3_Devyatov-main/Assets/Scripts/MainScripts/CellView.cs" />
        <File uid="6" fullPath="D:/AllPrograms/UnityProj/LabWork_3_Devyatov-main/Assets/Scripts/MainScripts/GameField.cs" />
        <File uid="7" fullPath="D:/AllPrograms/UnityProj/LabWork_3_Devyatov-main/Assets/Scripts/MainScripts/PlayerInput.cs" />
        <File uid="8" fullPath="D:/AllPrograms/UnityProj/LabWork_3_Devyatov-main/Assets/Scripts/MainScripts/PlayerInputHandler.cs" />
        <File uid="9" fullPath="D:/AllPrograms/UnityProj/LabWork_3_Devyatov-main/Assets/Scripts/MainScripts/SaveLoadManager.cs" />
        <File uid="10" fullPath="D:/AllPrograms/UnityProj/LabWork_3_Devyatov-main/Assets/Scripts/MainScripts/UIManager.cs" />
        <File uid="11" fullPath="D:/AllPrograms/UnityProj/LabWork_3_Devyatov-main/Assets/Scripts/MainScripts/CellAnimations.cs" />
      </Files>
      <Classes>
        <Class>
          <Summary numSequencePoints="28" visitedSequencePoints="28" numBranchPoints="0" visitedBranchPoints="0" sequenceCoverage="100.0" branchCoverage="0.0" maxCyclomaticComplexity="0" minCyclomaticComplexity="0" maxCrapScore="0" minCrapScore="0" visitedClasses="1" numClasses="1" visitedMethods="10" numMethods="10" />
          <FullName>Cell</FullName>
          <Methods>
            <Method visited="true" cyclomaticComplexity="0" nPathComplexity="0" sequenceCoverage="100.0" branchCoverage="0" crapScore="0" isConstructor="false" isStatic="false" isGetter="true" isSetter="false">
              <Summary numSequencePoints="1" visitedSequencePoints="1" numBranchPoints="0" visitedBranchPoints="0" sequenceCoverage="100.0" branchCoverage="0" maxCyclomaticComplexity="0" minCyclomaticComplexity="0" maxCrapScore="0" minCrapScore="0" visitedClasses="0" numClasses="0" visitedMethods="1" numMethods="1" />
              <MetadataToken>100663301</MetadataToken>
              <Name>UnityEngine.GameObject Cell::get_CellView()</Name>
              <FileRef uid="4" />
              <SequencePoints>
                <SequencePoint vc="60" uspid="707" ordinal="0" offset="0" sl="26" sc="34" el="26" ec="34" bec="0" bev="0" fileid="4" />
              </SequencePoints>
              <BranchPoints />
            </Method>
            <Method visited="true" cyclomaticComplexity="0" nPathComplexity="0" sequenceCoverage="100.0" branchCoverage="0" crapScore="0" isConstructor="false" isStatic="false" isGetter="false" isSetter="true">
              <Summary numSequencePoints="1" visitedSequencePoints="1" numBranchPoints="0" visitedBranchPoints="0" sequenceCoverage="100.0" branchCoverage="0" maxCyclomaticComplexity="0" minCyclomaticComplexity="0" maxCrapScore="0" minCrapScore="0" visitedClasses="0" numClasses="0" visitedMethods="1" numMethods="1" />
              <MetadataToken>100663302</MetadataToken>
              <Name>System.Void Cell::set_CellView(UnityEngine.GameObject)</Name>
              <FileRef uid="4" />
              <SequencePoints>
                <SequencePoint vc="81" uspid="708" ordinal="0" offset="0" sl="26" sc="39" el="26" ec="39" bec="0" bev="0" fileid="4" />
              </SequencePoints>
              <BranchPoints />
            </Method>
            <Method visited="true" cyclomaticComplexity="0" nPathComplexity="0" sequenceCoverage="100.0" branchCoverage="0" crapScore="0" isConstructor="false" isStatic="false" isGetter="true" isSetter="false">
              <Summary numSequencePoints="1" visitedSequencePoints="1" numBranchPoints="0" visitedBranchPoints="0" sequenceCoverage="100.0" branchCoverage="0" maxCyclomaticComplexity="0" minCyclomaticComplexity="0" maxCrapScore="0" minCrapScore="0" visitedClasses="0" numClasses="0" visitedMethods="1" numMethods="1" />
              <MetadataToken>100663303</MetadataToken>
              <Name>System.Boolean Cell::get_Merged()</Name>
              <FileRef uid="4" />
              <SequencePoints>
                <SequencePoint vc="1" uspid="709" ordinal="0" offset="0" sl="28" sc="26" el="28" ec="26" bec="0" bev="0" fileid="4" />
              </SequencePoints>
              <BranchPoints />
            </Method>
            <Method visited="true" cyclomaticComplexity="0" nPathComplexity="0" sequenceCoverage="100.0" branchCoverage="0" crapScore="0" isConstructor="false" isStatic="false" isGetter="false" isSetter="true">
              <Summary numSequencePoints="1" visitedSequencePoints="1" numBranchPoints="0" visitedBranchPoints="0" sequenceCoverage="100.0" branchCoverage="0" maxCyclomaticComplexity="0" minCyclomaticComplexity="0" maxCrapScore="0" minCrapScore="0" visitedClasses="0" numClasses="0" visitedMethods="1" numMethods="1" />
              <MetadataToken>100663304</MetadataToken>
              <Name>System.Void Cell::set_Merged(System.Boolean)</Name>
              <FileRef uid="4" />
              <SequencePoints>
                <SequencePoint vc="27" uspid="710" ordinal="0" offset="0" sl="28" sc="31" el="28" ec="31" bec="0" bev="0" fileid="4" />
              </SequencePoints>
              <BranchPoints />
            </Method>
            <Method visited="true" cyclomaticComplexity="0" nPathComplexity="0" sequenceCoverage="100.0" branchCoverage="0" crapScore="0" isConstructor="false" isStatic="false" isGetter="true" isSetter="false">
              <Summary numSequencePoints="1" visitedSequencePoints="1" numBranchPoints="0" visitedBranchPoints="0" sequenceCoverage="100.0" branchCoverage="0" maxCyclomaticComplexity="0" minCyclomaticComplexity="0" maxCrapScore="0" minCrapScore="0" visitedClasses="0" numClasses="0" visitedMethods="1" numMethods="1" />
              <MetadataToken>100663305</MetadataToken>
              <Name>System.Int32 Cell::get_Value()</Name>
              <FileRef uid="4" />
              <SequencePoints>
                <SequencePoint vc="261" uspid="711" ordinal="0" offset="0" sl="35" sc="16" el="35" ec="16" bec="0" bev="0" fileid="4" />
              </SequencePoints>
              <BranchPoints />
            </Method>
            <Method visited="true" cyclomaticComplexity="0" nPathComplexity="0" sequenceCoverage="100.0" branchCoverage="0" crapScore="0" isConstructor="false" isStatic="false" isGetter="false" isSetter="true">
              <Summary numSequencePoints="7" visitedSequencePoints="7" numBranchPoints="0" visitedBranchPoints="0" sequenceCoverage="100.0" branchCoverage="0" maxCyclomaticComplexity="0" minCyclomaticComplexity="0" maxCrapScore="0" minCrapScore="0" visitedClasses="0" numClasses="0" visitedMethods="1" numMethods="1" />
              <MetadataToken>100663306</MetadataToken>
              <Name>System.Void Cell::set_Value(System.Int32)</Name>
              <FileRef uid="4" />
              <SequencePoints>
                <SequencePoint vc="76" uspid="712" ordinal="0" offset="0" sl="37" sc="9" el="37" ec="9" bec="0" bev="0" fileid="4" />
                <SequencePoint vc="76" uspid="713" ordinal="0" offset="1" sl="38" sc="13" el="38" ec="13" bec="0" bev="0" fileid="4" />
                <SequencePoint vc="76" uspid="714" ordinal="0" offset="17" sl="39" sc="13" el="39" ec="13" bec="0" bev="0" fileid="4" />
                <SequencePoint vc="76" uspid="715" ordinal="0" offset="18" sl="40" sc="17" el="40" ec="17" bec="0" bev="0" fileid="4" />
                <SequencePoint vc="76" uspid="716" ordinal="0" offset="25" sl="41" sc="17" el="41" ec="17" bec="0" bev="0" fileid="4" />
                <SequencePoint vc="76" uspid="717" ordinal="0" offset="49" sl="42" sc="13" el="42" ec="13" bec="0" bev="0" fileid="4" />
                <SequencePoint vc="76" uspid="718" ordinal="0" offset="50" sl="43" sc="9" el="43" ec="9" bec="0" bev="0" fileid="4" />
              </SequencePoints>
              <BranchPoints />
            </Method>
            <Method visited="true" cyclomaticComplexity="0" nPathComplexity="0" sequenceCoverage="100.0" branchCoverage="0" crapScore="0" isConstructor="false" isStatic="false" isGetter="true" isSetter="false">
              <Summary numSequencePoints="1" visitedSequencePoints="1" numBranchPoints="0" visitedBranchPoints="0" sequenceCoverage="100.0" branchCoverage="0" maxCyclomaticComplexity="0" minCyclomaticComplexity="0" maxCrapScore="0" minCrapScore="0" visitedClasses="0" numClasses="0" visitedMethods="1" numMethods="1" />
              <MetadataToken>100663307</MetadataToken>
              <Name>UnityEngine.Vector2Int Cell::get_Position()</Name>
              <FileRef uid="4" />
              <SequencePoints>
                <SequencePoint vc="728" uspid="719" ordinal="0" offset="0" sl="51" sc="16" el="51" ec="16" bec="0" bev="0" fileid="4" />
              </SequencePoints>
              <BranchPoints />
            </Method>
            <Method visited="true" cyclomaticComplexity="0" nPathComplexity="0" sequenceCoverage="100.0" branchCoverage="0" crapScore="0" isConstructor="false" isStatic="false" isGetter="false" isSetter="true">
              <Summary numSequencePoints="7" visitedSequencePoints="7" numBranchPoints="0" visitedBranchPoints="0" sequenceCoverage="100.0" branchCoverage="0" maxCyclomaticComplexity="0" minCyclomaticComplexity="0" maxCrapScore="0" minCrapScore="0" visitedClasses="0" numClasses="0" visitedMethods="1" numMethods="1" />
              <MetadataToken>100663308</MetadataToken>
              <Name>System.Void Cell::set_Position(UnityEngine.Vector2Int)</Name>
              <FileRef uid="4" />
              <SequencePoints>
                <SequencePoint vc="78" uspid="720" ordinal="0" offset="0" sl="53" sc="9" el="53" ec="9" bec="0" bev="0" fileid="4" />
                <SequencePoint vc="78" uspid="721" ordinal="0" offset="1" sl="54" sc="13" el="54" ec="13" bec="0" bev="0" fileid="4" />
                <SequencePoint vc="70" uspid="722" ordinal="0" offset="17" sl="55" sc="13" el="55" ec="13" bec="0" bev="0" fileid="4" />
                <SequencePoint vc="70" uspid="723" ordinal="0" offset="18" sl="56" sc="17" el="56" ec="17" bec="0" bev="0" fileid="4" />
                <SequencePoint vc="70" uspid="724" ordinal="0" offset="25" sl="57" sc="17" el="57" ec="17" bec="0" bev="0" fileid="4" />
                <SequencePoint vc="70" uspid="725" ordinal="0" offset="49" sl="58" sc="13" el="58" ec="13" bec="0" bev="0" fileid="4" />
                <SequencePoint vc="78" uspid="726" ordinal="0" offset="50" sl="59" sc="9" el="59" ec="9" bec="0" bev="0" fileid="4" />
              </SequencePoints>
              <BranchPoints />
            </Method>
            <Method visited="true" cyclomaticComplexity="0" nPathComplexity="0" sequenceCoverage="100.0" branchCoverage="0" crapScore="0" isConstructor="false" isStatic="false" isGetter="false" isSetter="false">
              <Summary numSequencePoints="5" visitedSequencePoints="5" numBranchPoints="0" visitedBranchPoints="0" sequenceCoverage="100.0" branchCoverage="0" maxCyclomaticComplexity="0" minCyclomaticComplexity="0" maxCrapScore="0" minCrapScore="0" visitedClasses="0" numClasses="0" visitedMethods="1" numMethods="1" />
              <MetadataToken>100663309</MetadataToken>
              <Name>System.Void Cell::Init(System.Int32, UnityEngine.Vector2Int, UnityEngine.GameObject)</Name>
              <FileRef uid="4" />
              <SequencePoints>
                <SequencePoint vc="71" uspid="727" ordinal="0" offset="0" sl="66" sc="5" el="66" ec="5" bec="0" bev="0" fileid="4" />
                <SequencePoint vc="71" uspid="728" ordinal="0" offset="1" sl="67" sc="9" el="67" ec="9" bec="0" bev="0" fileid="4" />
                <SequencePoint vc="71" uspid="729" ordinal="0" offset="9" sl="68" sc="9" el="68" ec="9" bec="0" bev="0" fileid="4" />
                <SequencePoint vc="71" uspid="730" ordinal="0" offset="17" sl="69" sc="9" el="69" ec="9" bec="0" bev="0" fileid="4" />
                <SequencePoint vc="71" uspid="731" ordinal="0" offset="25" sl="70" sc="5" el="70" ec="5" bec="0" bev="0" fileid="4" />
              </SequencePoints>
              <BranchPoints />
            </Method>
            <Method visited="true" cyclomaticComplexity="0" nPathComplexity="0" sequenceCoverage="100.0" branchCoverage="0" crapScore="0" isConstructor="false" isStatic="true" isGetter="false" isSetter="false">
              <Summary numSequencePoints="3" visitedSequencePoints="3" numBranchPoints="0" visitedBranchPoints="0" sequenceCoverage="100.0" branchCoverage="0" maxCyclomaticComplexity="0" minCyclomaticComplexity="0" maxCrapScore="0" minCrapScore="0" visitedClasses="0" numClasses="0" visitedMethods="1" numMethods="1" />
              <MetadataToken>100663310</MetadataToken>
              <Name>static UnityEngine.Vector2 Cell::GetPos(UnityEngine.Vector2Int)</Name>
              <FileRef uid="4" />
              <SequencePoints>
                <SequencePoint vc="88" uspid="732" ordinal="0" offset="0" sl="76" sc="5" el="76" ec="5" bec="0" bev="0" fileid="4" />
                <SequencePoint vc="88" uspid="733" ordinal="0" offset="1" sl="77" sc="9" el="77" ec="9" bec="0" bev="0" fileid="4" />
                <SequencePoint vc="88" uspid="734" ordinal="0" offset="49" sl="81" sc="5" el="81" ec="5" bec="0" bev="0" fileid="4" />
              </SequencePoints>
              <BranchPoints />
            </Method>
          </Methods>
        </Class>
        <Class>
          <Summary numSequencePoints="38" visitedSequencePoints="38" numBranchPoints="0" visitedBranchPoints="0" sequenceCoverage="100.0" branchCoverage="0.0" maxCyclomaticComplexity="0" minCyclomaticComplexity="0" maxCrapScore="0" minCrapScore="0" visitedClasses="1" numClasses="1" visitedMethods="5" numMethods="5" />
          <FullName>CellView</FullName>
          <Methods>
            <Method visited="true" cyclomaticComplexity="0" nPathComplexity="0" sequenceCoverage="100.0" branchCoverage="0" crapScore="0" isConstructor="false" isStatic="false" isGetter="false" isSetter="false">
              <Summary numSequencePoints="7" visitedSequencePoints="7" numBranchPoints="0" visitedBranchPoints="0" sequenceCoverage="100.0" branchCoverage="0" maxCyclomaticComplexity="0" minCyclomaticComplexity="0" maxCrapScore="0" minCrapScore="0" visitedClasses="0" numClasses="0" visitedMethods="1" numMethods="1" />
              <MetadataToken>100663316</MetadataToken>
              <Name>System.Void CellView::Init(Cell)</Name>
              <FileRef uid="5" />
              <SequencePoints>
                <SequencePoint vc="30" uspid="735" ordinal="0" offset="0" sl="26" sc="5" el="26" ec="5" bec="0" bev="0" fileid="5" />
                <SequencePoint vc="30" uspid="736" ordinal="0" offset="1" sl="27" sc="9" el="27" ec="9" bec="0" bev="0" fileid="5" />
                <SequencePoint vc="30" uspid="737" ordinal="0" offset="8" sl="30" sc="9" el="30" ec="9" bec="0" bev="0" fileid="5" />
                <SequencePoint vc="30" uspid="738" ordinal="0" offset="27" sl="32" sc="9" el="32" ec="9" bec="0" bev="0" fileid="5" />
                <SequencePoint vc="30" uspid="739" ordinal="0" offset="46" sl="35" sc="9" el="35" ec="9" bec="0" bev="0" fileid="5" />
                <SequencePoint vc="30" uspid="740" ordinal="0" offset="64" sl="36" sc="9" el="36" ec="9" bec="0" bev="0" fileid="5" />
                <SequencePoint vc="30" uspid="741" ordinal="0" offset="82" sl="37" sc="5" el="37" ec="5" bec="0" bev="0" fileid="5" />
              </SequencePoints>
              <BranchPoints />
            </Method>
            <Method visited="true" cyclomaticComplexity="0" nPathComplexity="0" sequenceCoverage="100.0" branchCoverage="0" crapScore="0" isConstructor="false" isStatic="false" isGetter="false" isSetter="false">
              <Summary numSequencePoints="5" visitedSequencePoints="5" numBranchPoints="0" visitedBranchPoints="0" sequenceCoverage="100.0" branchCoverage="0" maxCyclomaticComplexity="0" minCyclomaticComplexity="0" maxCrapScore="0" minCrapScore="0" visitedClasses="0" numClasses="0" visitedMethods="1" numMethods="1" />
              <MetadataToken>100663317</MetadataToken>
              <Name>System.Void CellView::UpdateValue(System.Int32)</Name>
              <FileRef uid="5" />
              <SequencePoints>
                <SequencePoint vc="30" uspid="742" ordinal="0" offset="0" sl="43" sc="5" el="43" ec="5" bec="0" bev="0" fileid="5" />
                <SequencePoint vc="30" uspid="743" ordinal="0" offset="1" sl="44" sc="9" el="44" ec="9" bec="0" bev="0" fileid="5" />
                <SequencePoint vc="30" uspid="744" ordinal="0" offset="15" sl="45" sc="9" el="45" ec="9" bec="0" bev="0" fileid="5" />
                <SequencePoint vc="30" uspid="745" ordinal="0" offset="34" sl="48" sc="9" el="48" ec="9" bec="0" bev="0" fileid="5" />
                <SequencePoint vc="30" uspid="746" ordinal="0" offset="41" sl="49" sc="5" el="49" ec="5" bec="0" bev="0" fileid="5" />
              </SequencePoints>
              <BranchPoints />
            </Method>
            <Method visited="true" cyclomaticComplexity="0" nPathComplexity="0" sequenceCoverage="100.0" branchCoverage="0" crapScore="0" isConstructor="false" isStatic="false" isGetter="false" isSetter="false">
              <Summary numSequencePoints="4" visitedSequencePoints="4" numBranchPoints="0" visitedBranchPoints="0" sequenceCoverage="100.0" branchCoverage="0" maxCyclomaticComplexity="0" minCyclomaticComplexity="0" maxCrapScore="0" minCrapScore="0" visitedClasses="0" numClasses="0" visitedMethods="1" numMethods="1" />
              <MetadataToken>100663318</MetadataToken>
              <Name>System.Void CellView::UpdatePosition(UnityEngine.Vector2Int)</Name>
              <FileRef uid="5" />
              <SequencePoints>
                <SequencePoint vc="30" uspid="747" ordinal="0" offset="0" sl="55" sc="5" el="55" ec="5" bec="0" bev="0" fileid="5" />
                <SequencePoint vc="30" uspid="748" ordinal="0" offset="1" sl="56" sc="9" el="56" ec="9" bec="0" bev="0" fileid="5" />
                <SequencePoint vc="30" uspid="749" ordinal="0" offset="8" sl="58" sc="9" el="58" ec="9" bec="0" bev="0" fileid="5" />
                <SequencePoint vc="30" uspid="750" ordinal="0" offset="21" sl="59" sc="5" el="59" ec="5" bec="0" bev="0" fileid="5" />
              </SequencePoints>
              <BranchPoints />
            </Method>
            <Method visited="true" cyclomaticComplexity="0" nPathComplexity="0" sequenceCoverage="100.0" branchCoverage="0" crapScore="0" isConstructor="false" isStatic="false" isGetter="false" isSetter="false">
              <Summary numSequencePoints="7" visitedSequencePoints="7" numBranchPoints="0" visitedBranchPoints="0" sequenceCoverage="100.0" branchCoverage="0" maxCyclomaticComplexity="0" minCyclomaticComplexity="0" maxCrapScore="0" minCrapScore="0" visitedClasses="0" numClasses="0" visitedMethods="1" numMethods="1" />
              <MetadataToken>100663319</MetadataToken>
              <Name>System.Void CellView::OnDestroy()</Name>
              <FileRef uid="5" />
              <SequencePoints>
                <SequencePoint vc="57" uspid="751" ordinal="0" offset="0" sl="65" sc="5" el="65" ec="5" bec="0" bev="0" fileid="5" />
                <SequencePoint vc="57" uspid="752" ordinal="0" offset="1" sl="66" sc="9" el="66" ec="9" bec="0" bev="0" fileid="5" />
                <SequencePoint vc="30" uspid="753" ordinal="0" offset="17" sl="67" sc="9" el="67" ec="9" bec="0" bev="0" fileid="5" />
                <SequencePoint vc="30" uspid="754" ordinal="0" offset="18" sl="68" sc="13" el="68" ec="13" bec="0" bev="0" fileid="5" />
                <SequencePoint vc="30" uspid="755" ordinal="0" offset="42" sl="69" sc="13" el="69" ec="13" bec="0" bev="0" fileid="5" />
                <SequencePoint vc="30" uspid="756" ordinal="0" offset="66" sl="70" sc="9" el="70" ec="9" bec="0" bev="0" fileid="5" />
                <SequencePoint vc="57" uspid="757" ordinal="0" offset="67" sl="71" sc="5" el="71" ec="5" bec="0" bev="0" fileid="5" />
              </SequencePoints>
              <BranchPoints />
            </Method>
            <Method visited="true" cyclomaticComplexity="0" nPathComplexity="0" sequenceCoverage="100.0" branchCoverage="0" crapScore="0" isConstructor="false" isStatic="false" isGetter="false" isSetter="false">
              <Summary numSequencePoints="15" visitedSequencePoints="15" numBranchPoints="0" visitedBranchPoints="0" sequenceCoverage="100.0" branchCoverage="0" maxCyclomaticComplexity="0" minCyclomaticComplexity="0" maxCrapScore="0" minCrapScore="0" visitedClasses="0" numClasses="0" visitedMethods="1" numMethods="1" />
              <MetadataToken>100663320</MetadataToken>
              <Name>System.Void CellView::UpdateColorCell()</Name>
              <FileRef uid="5" />
              <SequencePoints>
                <SequencePoint vc="30" uspid="758" ordinal="0" offset="0" sl="77" sc="5" el="77" ec="5" bec="0" bev="0" fileid="5" />
                <SequencePoint vc="30" uspid="759" ordinal="0" offset="1" sl="78" sc="9" el="78" ec="9" bec="0" bev="0" fileid="5" />
                <SequencePoint vc="29" uspid="760" ordinal="0" offset="40" sl="79" sc="9" el="79" ec="9" bec="0" bev="0" fileid="5" />
                <SequencePoint vc="29" uspid="761" ordinal="0" offset="41" sl="81" sc="13" el="81" ec="13" bec="0" bev="0" fileid="5" />
                <SequencePoint vc="29" uspid="762" ordinal="0" offset="62" sl="83" sc="13" el="83" ec="13" bec="0" bev="0" fileid="5" />
                <SequencePoint vc="29" uspid="763" ordinal="0" offset="84" sl="85" sc="13" el="85" ec="13" bec="0" bev="0" fileid="5" />
                <SequencePoint vc="29" uspid="764" ordinal="0" offset="106" sl="87" sc="13" el="87" ec="13" bec="0" bev="0" fileid="5" />
                <SequencePoint vc="29" uspid="765" ordinal="0" offset="126" sl="88" sc="13" el="88" ec="13" bec="0" bev="0" fileid="5" />
                <SequencePoint vc="29" uspid="766" ordinal="0" offset="146" sl="89" sc="13" el="89" ec="13" bec="0" bev="0" fileid="5" />
                <SequencePoint vc="29" uspid="767" ordinal="0" offset="166" sl="91" sc="13" el="91" ec="13" bec="0" bev="0" fileid="5" />
                <SequencePoint vc="29" uspid="768" ordinal="0" offset="189" sl="92" sc="9" el="92" ec="9" bec="0" bev="0" fileid="5" />
                <SequencePoint vc="1" uspid="769" ordinal="0" offset="192" sl="94" sc="9" el="94" ec="9" bec="0" bev="0" fileid="5" />
                <SequencePoint vc="1" uspid="770" ordinal="0" offset="193" sl="96" sc="13" el="96" ec="13" bec="0" bev="0" fileid="5" />
                <SequencePoint vc="1" uspid="771" ordinal="0" offset="210" sl="97" sc="9" el="97" ec="9" bec="0" bev="0" fileid="5" />
                <SequencePoint vc="30" uspid="772" ordinal="0" offset="211" sl="98" sc="5" el="98" ec="5" bec="0" bev="0" fileid="5" />
              </SequencePoints>
              <BranchPoints />
            </Method>
          </Methods>
        </Class>
        <Class>
          <Summary numSequencePoints="102" visitedSequencePoints="98" numBranchPoints="0" visitedBranchPoints="0" sequenceCoverage="96.08" branchCoverage="0.0" maxCyclomaticComplexity="0" minCyclomaticComplexity="0" maxCrapScore="0" minCrapScore="0" visitedClasses="1" numClasses="1" visitedMethods="9" numMethods="9" />
          <FullName>GameField</FullName>
          <Methods>
            <Method visited="true" cyclomaticComplexity="0" nPathComplexity="0" sequenceCoverage="100.0" branchCoverage="0" crapScore="0" isConstructor="false" isStatic="false" isGetter="false" isSetter="false">
              <Summary numSequencePoints="27" visitedSequencePoints="27" numBranchPoints="0" visitedBranchPoints="0" sequenceCoverage="100.0" branchCoverage="0" maxCyclomaticComplexity="0" minCyclomaticComplexity="0" maxCrapScore="0" minCrapScore="0" visitedClasses="0" numClasses="0" visitedMethods="1" numMethods="1" />
              <MetadataToken>100663322</MetadataToken>
              <Name>System.Void GameField::Start()</Name>
              <FileRef uid="6" />
              <SequencePoints>
                <SequencePoint vc="10" uspid="773" ordinal="0" offset="0" sl="40" sc="5" el="40" ec="5" bec="0" bev="0" fileid="6" />
                <SequencePoint vc="10" uspid="774" ordinal="0" offset="1" sl="41" sc="9" el="41" ec="9" bec="0" bev="0" fileid="6" />
                <SequencePoint vc="10" uspid="775" ordinal="0" offset="33" sl="46" sc="9" el="46" ec="9" bec="0" bev="0" fileid="6" />
                <SequencePoint vc="10" uspid="776" ordinal="0" offset="56" sl="49" sc="9" el="49" ec="9" bec="0" bev="0" fileid="6" />
                <SequencePoint vc="10" uspid="777" ordinal="0" offset="79" sl="51" sc="9" el="51" ec="9" bec="0" bev="0" fileid="6" />
                <SequencePoint vc="5" uspid="778" ordinal="0" offset="95" sl="52" sc="9" el="52" ec="9" bec="0" bev="0" fileid="6" />
                <SequencePoint vc="5" uspid="779" ordinal="0" offset="96" sl="54" sc="18" el="54" ec="18" bec="0" bev="0" fileid="6" />
                <SequencePoint vc="20" uspid="780" ordinal="0" offset="100" sl="55" sc="13" el="55" ec="13" bec="0" bev="0" fileid="6" />
                <SequencePoint vc="20" uspid="781" ordinal="0" offset="101" sl="56" sc="22" el="56" ec="22" bec="0" bev="0" fileid="6" />
                <SequencePoint vc="80" uspid="782" ordinal="0" offset="105" sl="57" sc="17" el="57" ec="17" bec="0" bev="0" fileid="6" />
                <SequencePoint vc="80" uspid="783" ordinal="0" offset="106" sl="58" sc="21" el="58" ec="21" bec="0" bev="0" fileid="6" />
                <SequencePoint vc="35" uspid="784" ordinal="0" offset="131" sl="59" sc="21" el="59" ec="21" bec="0" bev="0" fileid="6" />
                <SequencePoint vc="35" uspid="785" ordinal="0" offset="132" sl="60" sc="25" el="60" ec="25" bec="0" bev="0" fileid="6" />
                <SequencePoint vc="35" uspid="786" ordinal="0" offset="170" sl="61" sc="21" el="61" ec="21" bec="0" bev="0" fileid="6" />
                <SequencePoint vc="80" uspid="787" ordinal="0" offset="171" sl="62" sc="17" el="62" ec="17" bec="0" bev="0" fileid="6" />
                <SequencePoint vc="80" uspid="788" ordinal="0" offset="172" sl="56" sc="47" el="56" ec="47" bec="0" bev="0" fileid="6" />
                <SequencePoint vc="100" uspid="789" ordinal="0" offset="176" sl="56" sc="33" el="56" ec="33" bec="0" bev="0" fileid="6" />
                <SequencePoint vc="20" uspid="790" ordinal="0" offset="191" sl="63" sc="13" el="63" ec="13" bec="0" bev="0" fileid="6" />
                <SequencePoint vc="20" uspid="791" ordinal="0" offset="192" sl="54" sc="43" el="54" ec="43" bec="0" bev="0" fileid="6" />
                <SequencePoint vc="25" uspid="792" ordinal="0" offset="196" sl="54" sc="29" el="54" ec="29" bec="0" bev="0" fileid="6" />
                <SequencePoint vc="5" uspid="793" ordinal="0" offset="211" sl="64" sc="13" el="64" ec="13" bec="0" bev="0" fileid="6" />
                <SequencePoint vc="5" uspid="794" ordinal="0" offset="240" sl="65" sc="9" el="65" ec="9" bec="0" bev="0" fileid="6" />
                <SequencePoint vc="5" uspid="795" ordinal="0" offset="243" sl="67" sc="9" el="67" ec="9" bec="0" bev="0" fileid="6" />
                <SequencePoint vc="5" uspid="796" ordinal="0" offset="244" sl="68" sc="13" el="68" ec="13" bec="0" bev="0" fileid="6" />
                <SequencePoint vc="5" uspid="797" ordinal="0" offset="251" sl="69" sc="9" el="69" ec="9" bec="0" bev="0" fileid="6" />
                <SequencePoint vc="10" uspid="798" ordinal="0" offset="252" sl="71" sc="9" el="71" ec="9" bec="0" bev="0" fileid="6" />
                <SequencePoint vc="10" uspid="799" ordinal="0" offset="276" sl="72" sc="5" el="72" ec="5" bec="0" bev="0" fileid="6" />
              </SequencePoints>
              <BranchPoints />
            </Method>
            <Method visited="true" cyclomaticComplexity="0" nPathComplexity="0" sequenceCoverage="100.0" branchCoverage="0" crapScore="0" isConstructor="false" isStatic="false" isGetter="false" isSetter="false">
              <Summary numSequencePoints="3" visitedSequencePoints="3" numBranchPoints="0" visitedBranchPoints="0" sequenceCoverage="100.0" branchCoverage="0" maxCyclomaticComplexity="0" minCyclomaticComplexity="0" maxCrapScore="0" minCrapScore="0" visitedClasses="0" numClasses="0" visitedMethods="1" numMethods="1" />
              <MetadataToken>100663323</MetadataToken>
              <Name>System.Void GameField::UpdateScoreText()</Name>
              <FileRef uid="6" />
              <SequencePoints>
                <SequencePoint vc="21" uspid="800" ordinal="0" offset="0" sl="78" sc="5" el="78" ec="5" bec="0" bev="0" fileid="6" />
                <SequencePoint vc="21" uspid="801" ordinal="0" offset="1" sl="79" sc="9" el="79" ec="9" bec="0" bev="0" fileid="6" />
                <SequencePoint vc="21" uspid="802" ordinal="0" offset="25" sl="80" sc="5" el="80" ec="5" bec="0" bev="0" fileid="6" />
              </SequencePoints>
              <BranchPoints />
            </Method>
            <Method visited="true" cyclomaticComplexity="0" nPathComplexity="0" sequenceCoverage="100.0" branchCoverage="0" crapScore="0" isConstructor="false" isStatic="false" isGetter="false" isSetter="false">
              <Summary numSequencePoints="21" visitedSequencePoints="21" numBranchPoints="0" visitedBranchPoints="0" sequenceCoverage="100.0" branchCoverage="0" maxCyclomaticComplexity="0" minCyclomaticComplexity="0" maxCrapScore="0" minCrapScore="0" visitedClasses="0" numClasses="0" visitedMethods="1" numMethods="1" />
              <MetadataToken>100663324</MetadataToken>
              <Name>UnityEngine.Vector2Int GameField::GetEmptyPosition()</Name>
              <FileRef uid="6" />
              <SequencePoints>
                <SequencePoint vc="18" uspid="803" ordinal="0" offset="0" sl="87" sc="5" el="87" ec="5" bec="0" bev="0" fileid="6" />
                <SequencePoint vc="18" uspid="804" ordinal="0" offset="1" sl="88" sc="9" el="88" ec="9" bec="0" bev="0" fileid="6" />
                <SequencePoint vc="18" uspid="805" ordinal="0" offset="7" sl="90" sc="14" el="90" ec="14" bec="0" bev="0" fileid="6" />
                <SequencePoint vc="72" uspid="806" ordinal="0" offset="11" sl="91" sc="9" el="91" ec="9" bec="0" bev="0" fileid="6" />
                <SequencePoint vc="72" uspid="807" ordinal="0" offset="12" sl="92" sc="18" el="92" ec="18" bec="0" bev="0" fileid="6" />
                <SequencePoint vc="288" uspid="808" ordinal="0" offset="16" sl="93" sc="13" el="93" ec="13" bec="0" bev="0" fileid="6" />
                <SequencePoint vc="288" uspid="809" ordinal="0" offset="17" sl="94" sc="17" el="94" ec="17" bec="0" bev="0" fileid="6" />
                <SequencePoint vc="244" uspid="810" ordinal="0" offset="37" sl="95" sc="17" el="95" ec="17" bec="0" bev="0" fileid="6" />
                <SequencePoint vc="244" uspid="811" ordinal="0" offset="38" sl="96" sc="21" el="96" ec="21" bec="0" bev="0" fileid="6" />
                <SequencePoint vc="244" uspid="812" ordinal="0" offset="52" sl="97" sc="17" el="97" ec="17" bec="0" bev="0" fileid="6" />
                <SequencePoint vc="288" uspid="813" ordinal="0" offset="53" sl="98" sc="13" el="98" ec="13" bec="0" bev="0" fileid="6" />
                <SequencePoint vc="288" uspid="814" ordinal="0" offset="54" sl="92" sc="43" el="92" ec="43" bec="0" bev="0" fileid="6" />
                <SequencePoint vc="360" uspid="815" ordinal="0" offset="58" sl="92" sc="29" el="92" ec="29" bec="0" bev="0" fileid="6" />
                <SequencePoint vc="72" uspid="816" ordinal="0" offset="73" sl="99" sc="9" el="99" ec="9" bec="0" bev="0" fileid="6" />
                <SequencePoint vc="72" uspid="817" ordinal="0" offset="74" sl="90" sc="39" el="90" ec="39" bec="0" bev="0" fileid="6" />
                <SequencePoint vc="90" uspid="818" ordinal="0" offset="78" sl="90" sc="25" el="90" ec="25" bec="0" bev="0" fileid="6" />
                <SequencePoint vc="18" uspid="819" ordinal="0" offset="93" sl="100" sc="9" el="100" ec="9" bec="0" bev="0" fileid="6" />
                <SequencePoint vc="16" uspid="820" ordinal="0" offset="108" sl="101" sc="9" el="101" ec="9" bec="0" bev="0" fileid="6" />
                <SequencePoint vc="16" uspid="821" ordinal="0" offset="109" sl="102" sc="13" el="102" ec="13" bec="0" bev="0" fileid="6" />
                <SequencePoint vc="2" uspid="822" ordinal="0" offset="131" sl="105" sc="9" el="105" ec="9" bec="0" bev="0" fileid="6" />
                <SequencePoint vc="18" uspid="823" ordinal="0" offset="142" sl="106" sc="5" el="106" ec="5" bec="0" bev="0" fileid="6" />
              </SequencePoints>
              <BranchPoints />
            </Method>
            <Method visited="true" cyclomaticComplexity="0" nPathComplexity="0" sequenceCoverage="100.0" branchCoverage="0" crapScore="0" isConstructor="false" isStatic="false" isGetter="true" isSetter="false">
              <Summary numSequencePoints="1" visitedSequencePoints="1" numBranchPoints="0" visitedBranchPoints="0" sequenceCoverage="100.0" branchCoverage="0" maxCyclomaticComplexity="0" minCyclomaticComplexity="0" maxCrapScore="0" minCrapScore="0" visitedClasses="0" numClasses="0" visitedMethods="1" numMethods="1" />
              <MetadataToken>100663327</MetadataToken>
              <Name>System.Boolean GameField::get_IsDoingAnim()</Name>
              <FileRef uid="6" />
              <SequencePoints>
                <SequencePoint vc="1" uspid="824" ordinal="0" offset="0" sl="198" sc="32" el="198" ec="32" bec="0" bev="0" fileid="6" />
              </SequencePoints>
              <BranchPoints />
            </Method>
            <Method visited="true" cyclomaticComplexity="0" nPathComplexity="0" sequenceCoverage="100.0" branchCoverage="0" crapScore="0" isConstructor="false" isStatic="false" isGetter="false" isSetter="false">
              <Summary numSequencePoints="16" visitedSequencePoints="16" numBranchPoints="0" visitedBranchPoints="0" sequenceCoverage="100.0" branchCoverage="0" maxCyclomaticComplexity="0" minCyclomaticComplexity="0" maxCrapScore="0" minCrapScore="0" visitedClasses="0" numClasses="0" visitedMethods="1" numMethods="1" />
              <MetadataToken>100663330</MetadataToken>
              <Name>System.Collections.Generic.List[Cell] GameField::GetSortedCells(UnityEngine.Vector2, System.Boolean)</Name>
              <FileRef uid="6" />
              <SequencePoints>
                <SequencePoint vc="4" uspid="825" ordinal="0" offset="0" sl="302" sc="5" el="302" ec="5" bec="0" bev="0" fileid="6" />
                <SequencePoint vc="4" uspid="826" ordinal="0" offset="1" sl="303" sc="9" el="303" ec="9" bec="0" bev="0" fileid="6" />
                <SequencePoint vc="4" uspid="827" ordinal="0" offset="13" sl="304" sc="9" el="304" ec="9" bec="0" bev="0" fileid="6" />
                <SequencePoint vc="1" uspid="828" ordinal="0" offset="44" sl="305" sc="9" el="305" ec="9" bec="0" bev="0" fileid="6" />
                <SequencePoint vc="1" uspid="829" ordinal="0" offset="45" sl="306" sc="13" el="306" ec="13" bec="0" bev="0" fileid="6" />
                <SequencePoint vc="1" uspid="830" ordinal="0" offset="83" sl="308" sc="9" el="308" ec="9" bec="0" bev="0" fileid="6" />
                <SequencePoint vc="3" uspid="831" ordinal="0" offset="86" sl="309" sc="14" el="309" ec="14" bec="0" bev="0" fileid="6" />
                <SequencePoint vc="3" uspid="832" ordinal="0" offset="117" sl="310" sc="9" el="310" ec="9" bec="0" bev="0" fileid="6" />
                <SequencePoint vc="3" uspid="833" ordinal="0" offset="118" sl="311" sc="13" el="311" ec="13" bec="0" bev="0" fileid="6" />
                <SequencePoint vc="3" uspid="834" ordinal="0" offset="156" sl="313" sc="9" el="313" ec="9" bec="0" bev="0" fileid="6" />
                <SequencePoint vc="4" uspid="835" ordinal="0" offset="157" sl="314" sc="9" el="314" ec="9" bec="0" bev="0" fileid="6" />
                <SequencePoint vc="2" uspid="836" ordinal="0" offset="162" sl="315" sc="9" el="315" ec="9" bec="0" bev="0" fileid="6" />
                <SequencePoint vc="2" uspid="837" ordinal="0" offset="163" sl="316" sc="13" el="316" ec="13" bec="0" bev="0" fileid="6" />
                <SequencePoint vc="2" uspid="838" ordinal="0" offset="170" sl="317" sc="9" el="317" ec="9" bec="0" bev="0" fileid="6" />
                <SequencePoint vc="4" uspid="839" ordinal="0" offset="171" sl="318" sc="9" el="318" ec="9" bec="0" bev="0" fileid="6" />
                <SequencePoint vc="4" uspid="840" ordinal="0" offset="176" sl="319" sc="5" el="319" ec="5" bec="0" bev="0" fileid="6" />
              </SequencePoints>
              <BranchPoints />
            </Method>
            <Method visited="true" cyclomaticComplexity="0" nPathComplexity="0" sequenceCoverage="100.0" branchCoverage="0" crapScore="0" isConstructor="false" isStatic="false" isGetter="false" isSetter="false">
              <Summary numSequencePoints="3" visitedSequencePoints="3" numBranchPoints="0" visitedBranchPoints="0" sequenceCoverage="100.0" branchCoverage="0" maxCyclomaticComplexity="0" minCyclomaticComplexity="0" maxCrapScore="0" minCrapScore="0" visitedClasses="0" numClasses="0" visitedMethods="1" numMethods="1" />
              <MetadataToken>100663331</MetadataToken>
              <Name>System.Void GameField::CheckGameOver()</Name>
              <FileRef uid="6" />
              <SequencePoints>
                <SequencePoint vc="3" uspid="841" ordinal="0" offset="0" sl="325" sc="5" el="325" ec="5" bec="0" bev="0" fileid="6" />
                <SequencePoint vc="3" uspid="842" ordinal="0" offset="1" sl="326" sc="9" el="326" ec="9" bec="0" bev="0" fileid="6" />
                <SequencePoint vc="3" uspid="843" ordinal="0" offset="14" sl="327" sc="5" el="327" ec="5" bec="0" bev="0" fileid="6" />
              </SequencePoints>
              <BranchPoints />
            </Method>
            <Method visited="true" cyclomaticComplexity="0" nPathComplexity="0" sequenceCoverage="100.0" branchCoverage="0" crapScore="0" isConstructor="false" isStatic="false" isGetter="false" isSetter="false">
              <Summary numSequencePoints="17" visitedSequencePoints="17" numBranchPoints="0" visitedBranchPoints="0" sequenceCoverage="100.0" branchCoverage="0" maxCyclomaticComplexity="0" minCyclomaticComplexity="0" maxCrapScore="0" minCrapScore="0" visitedClasses="0" numClasses="0" visitedMethods="1" numMethods="1" />
              <MetadataToken>100663333</MetadataToken>
              <Name>System.Void GameField::StartNewGame()</Name>
              <FileRef uid="6" />
              <SequencePoints>
                <SequencePoint vc="6" uspid="844" ordinal="0" offset="0" sl="396" sc="5" el="396" ec="5" bec="0" bev="0" fileid="6" />
                <SequencePoint vc="6" uspid="845" ordinal="0" offset="1" sl="397" sc="9" el="397" ec="9" bec="0" bev="0" fileid="6" />
                <SequencePoint vc="6" uspid="846" ordinal="0" offset="8" sl="398" sc="9" el="398" ec="9" bec="0" bev="0" fileid="6" />
                <SequencePoint vc="6" uspid="847" ordinal="0" offset="15" sl="400" sc="9" el="400" ec="9" bec="0" bev="0" fileid="6" />
                <SequencePoint vc="6" uspid="848" ordinal="0" offset="16" sl="400" sc="31" el="400" ec="31" bec="0" bev="0" fileid="6" />
                <SequencePoint vc="3" uspid="849" ordinal="0" offset="30" sl="400" sc="18" el="400" ec="18" bec="0" bev="0" fileid="6" />
                <SequencePoint vc="3" uspid="850" ordinal="0" offset="38" sl="401" sc="9" el="401" ec="9" bec="0" bev="0" fileid="6" />
                <SequencePoint vc="3" uspid="851" ordinal="0" offset="39" sl="402" sc="13" el="402" ec="13" bec="0" bev="0" fileid="6" />
                <SequencePoint vc="3" uspid="852" ordinal="0" offset="51" sl="403" sc="9" el="403" ec="9" bec="0" bev="0" fileid="6" />
                <SequencePoint vc="9" uspid="853" ordinal="0" offset="52" sl="400" sc="28" el="400" ec="28" bec="0" bev="0" fileid="6" />
                <SequencePoint vc="6" uspid="854" ordinal="0" offset="78" sl="404" sc="9" el="404" ec="9" bec="0" bev="0" fileid="6" />
                <SequencePoint vc="6" uspid="855" ordinal="0" offset="90" sl="407" sc="9" el="407" ec="9" bec="0" bev="0" fileid="6" />
                <SequencePoint vc="6" uspid="856" ordinal="0" offset="157" sl="414" sc="9" el="414" ec="9" bec="0" bev="0" fileid="6" />
                <SequencePoint vc="6" uspid="857" ordinal="0" offset="180" sl="415" sc="9" el="415" ec="9" bec="0" bev="0" fileid="6" />
                <SequencePoint vc="6" uspid="858" ordinal="0" offset="198" sl="416" sc="9" el="416" ec="9" bec="0" bev="0" fileid="6" />
                <SequencePoint vc="6" uspid="859" ordinal="0" offset="216" sl="418" sc="9" el="418" ec="9" bec="0" bev="0" fileid="6" />
                <SequencePoint vc="6" uspid="860" ordinal="0" offset="223" sl="419" sc="5" el="419" ec="5" bec="0" bev="0" fileid="6" />
              </SequencePoints>
              <BranchPoints />
            </Method>
            <Method visited="true" cyclomaticComplexity="0" nPathComplexity="0" sequenceCoverage="55.56" branchCoverage="0" crapScore="0" isConstructor="false" isStatic="false" isGetter="false" isSetter="false">
              <Summary numSequencePoints="9" visitedSequencePoints="5" numBranchPoints="0" visitedBranchPoints="0" sequenceCoverage="55.56" branchCoverage="0" maxCyclomaticComplexity="0" minCyclomaticComplexity="0" maxCrapScore="0" minCrapScore="0" visitedClasses="0" numClasses="0" visitedMethods="1" numMethods="1" />
              <MetadataToken>100663334</MetadataToken>
              <Name>System.Void GameField::ResetGame()</Name>
              <FileRef uid="6" />
              <SequencePoints>
                <SequencePoint vc="1" uspid="861" ordinal="0" offset="0" sl="425" sc="5" el="425" ec="5" bec="0" bev="0" fileid="6" />
                <SequencePoint vc="1" uspid="862" ordinal="0" offset="1" sl="426" sc="9" el="426" ec="9" bec="0" bev="0" fileid="6" />
                <SequencePoint vc="0" uspid="863" ordinal="0" offset="24" sl="427" sc="9" el="427" ec="9" bec="0" bev="0" fileid="6" />
                <SequencePoint vc="0" uspid="864" ordinal="0" offset="25" sl="428" sc="13" el="428" ec="13" bec="0" bev="0" fileid="6" />
                <SequencePoint vc="0" uspid="865" ordinal="0" offset="42" sl="429" sc="13" el="429" ec="13" bec="0" bev="0" fileid="6" />
                <SequencePoint vc="0" uspid="866" ordinal="0" offset="71" sl="430" sc="9" el="430" ec="9" bec="0" bev="0" fileid="6" />
                <SequencePoint vc="1" uspid="867" ordinal="0" offset="72" sl="431" sc="9" el="431" ec="9" bec="0" bev="0" fileid="6" />
                <SequencePoint vc="1" uspid="868" ordinal="0" offset="83" sl="433" sc="9" el="433" ec="9" bec="0" bev="0" fileid="6" />
                <SequencePoint vc="1" uspid="869" ordinal="0" offset="90" sl="434" sc="5" el="434" ec="5" bec="0" bev="0" fileid="6" />
              </SequencePoints>
              <BranchPoints />
            </Method>
            <Method visited="true" cyclomaticComplexity="0" nPathComplexity="0" sequenceCoverage="100.0" branchCoverage="0" crapScore="0" isConstructor="true" isStatic="false" isGetter="false" isSetter="false">
              <Summary numSequencePoints="5" visitedSequencePoints="5" numBranchPoints="0" visitedBranchPoints="0" sequenceCoverage="100.0" branchCoverage="0" maxCyclomaticComplexity="0" minCyclomaticComplexity="0" maxCrapScore="0" minCrapScore="0" visitedClasses="0" numClasses="0" visitedMethods="1" numMethods="1" />
              <MetadataToken>100663336</MetadataToken>
              <Name>GameField::GameField()</Name>
              <FileRef uid="6" />
              <SequencePoints>
                <SequencePoint vc="10" uspid="873" ordinal="0" offset="0" sl="12" sc="5" el="12" ec="5" bec="0" bev="0" fileid="6" />
                <SequencePoint vc="10" uspid="874" ordinal="0" offset="7" sl="22" sc="5" el="22" ec="5" bec="0" bev="0" fileid="6" />
                <SequencePoint vc="10" uspid="875" ordinal="0" offset="18" sl="27" sc="5" el="27" ec="5" bec="0" bev="0" fileid="6" />
                <SequencePoint vc="10" uspid="876" ordinal="0" offset="29" sl="29" sc="5" el="29" ec="5" bec="0" bev="0" fileid="6" />
                <SequencePoint vc="10" uspid="877" ordinal="0" offset="36" sl="34" sc="5" el="34" ec="5" bec="0" bev="0" fileid="6" />
              </SequencePoints>
              <BranchPoints />
            </Method>
          </Methods>
        </Class>
        <Class>
          <Summary numSequencePoints="47" visitedSequencePoints="47" numBranchPoints="0" visitedBranchPoints="0" sequenceCoverage="100.0" branchCoverage="0.0" maxCyclomaticComplexity="0" minCyclomaticComplexity="0" maxCrapScore="0" minCrapScore="0" visitedClasses="1" numClasses="1" visitedMethods="17" numMethods="17" />
          <FullName>PlayerInput</FullName>
          <Methods>
            <Method visited="true" cyclomaticComplexity="0" nPathComplexity="0" sequenceCoverage="100.0" branchCoverage="0" crapScore="0" isConstructor="false" isStatic="false" isGetter="true" isSetter="false">
              <Summary numSequencePoints="1" visitedSequencePoints="1" numBranchPoints="0" visitedBranchPoints="0" sequenceCoverage="100.0" branchCoverage="0" maxCyclomaticComplexity="0" minCyclomaticComplexity="0" maxCrapScore="0" minCrapScore="0" visitedClasses="0" numClasses="0" visitedMethods="1" numMethods="1" />
              <MetadataToken>100663338</MetadataToken>
              <Name>UnityEngine.InputSystem.InputActionAsset PlayerInput::get_asset()</Name>
              <FileRef uid="7" />
              <SequencePoints>
                <SequencePoint vc="43" uspid="878" ordinal="0" offset="0" sl="20" sc="37" el="20" ec="37" bec="0" bev="0" fileid="7" />
              </SequencePoints>
              <BranchPoints />
            </Method>
            <Method visited="true" cyclomaticComplexity="0" nPathComplexity="0" sequenceCoverage="100.0" branchCoverage="0" crapScore="0" isConstructor="false" isStatic="false" isGetter="false" isSetter="false">
              <Summary numSequencePoints="5" visitedSequencePoints="5" numBranchPoints="0" visitedBranchPoints="0" sequenceCoverage="100.0" branchCoverage="0" maxCyclomaticComplexity="0" minCyclomaticComplexity="0" maxCrapScore="0" minCrapScore="0" visitedClasses="0" numClasses="0" visitedMethods="1" numMethods="1" />
              <MetadataToken>100663340</MetadataToken>
              <Name>System.Void PlayerInput::Finalize()</Name>
              <FileRef uid="7" />
              <SequencePoints>
                <SequencePoint vc="16" uspid="879" ordinal="0" offset="0" sl="244" sc="5" el="244" ec="5" bec="0" bev="0" fileid="7" />
                <SequencePoint vc="16" uspid="880" ordinal="0" offset="1" sl="244" sc="5" el="244" ec="5" bec="0" bev="0" fileid="7" />
                <SequencePoint vc="16" uspid="881" ordinal="0" offset="2" sl="245" sc="9" el="245" ec="9" bec="0" bev="0" fileid="7" />
                <SequencePoint vc="16" uspid="882" ordinal="0" offset="29" sl="246" sc="5" el="246" ec="5" bec="0" bev="0" fileid="7" />
                <SequencePoint vc="16" uspid="883" ordinal="0" offset="37" sl="246" sc="5" el="246" ec="5" bec="0" bev="0" fileid="7" />
              </SequencePoints>
              <BranchPoints />
            </Method>
            <Method visited="true" cyclomaticComplexity="0" nPathComplexity="0" sequenceCoverage="100.0" branchCoverage="0" crapScore="0" isConstructor="false" isStatic="false" isGetter="false" isSetter="false">
              <Summary numSequencePoints="3" visitedSequencePoints="3" numBranchPoints="0" visitedBranchPoints="0" sequenceCoverage="100.0" branchCoverage="0" maxCyclomaticComplexity="0" minCyclomaticComplexity="0" maxCrapScore="0" minCrapScore="0" visitedClasses="0" numClasses="0" visitedMethods="1" numMethods="1" />
              <MetadataToken>100663341</MetadataToken>
              <Name>System.Void PlayerInput::Dispose()</Name>
              <FileRef uid="7" />
              <SequencePoints>
                <SequencePoint vc="12" uspid="884" ordinal="0" offset="0" sl="249" sc="5" el="249" ec="5" bec="0" bev="0" fileid="7" />
                <SequencePoint vc="12" uspid="885" ordinal="0" offset="1" sl="250" sc="9" el="250" ec="9" bec="0" bev="0" fileid="7" />
                <SequencePoint vc="12" uspid="886" ordinal="0" offset="13" sl="251" sc="5" el="251" ec="5" bec="0" bev="0" fileid="7" />
              </SequencePoints>
              <BranchPoints />
            </Method>
            <Method visited="true" cyclomaticComplexity="0" nPathComplexity="0" sequenceCoverage="100.0" branchCoverage="0" crapScore="0" isConstructor="false" isStatic="false" isGetter="true" isSetter="false">
              <Summary numSequencePoints="1" visitedSequencePoints="1" numBranchPoints="0" visitedBranchPoints="0" sequenceCoverage="100.0" branchCoverage="0" maxCyclomaticComplexity="0" minCyclomaticComplexity="0" maxCrapScore="0" minCrapScore="0" visitedClasses="0" numClasses="0" visitedMethods="1" numMethods="1" />
              <MetadataToken>100663342</MetadataToken>
              <Name>System.Nullable[InputBinding] PlayerInput::get_bindingMask()</Name>
              <FileRef uid="7" />
              <SequencePoints>
                <SequencePoint vc="1" uspid="887" ordinal="0" offset="0" sl="255" sc="16" el="255" ec="16" bec="0" bev="0" fileid="7" />
              </SequencePoints>
              <BranchPoints />
            </Method>
            <Method visited="true" cyclomaticComplexity="0" nPathComplexity="0" sequenceCoverage="100.0" branchCoverage="0" crapScore="0" isConstructor="false" isStatic="false" isGetter="false" isSetter="true">
              <Summary numSequencePoints="1" visitedSequencePoints="1" numBranchPoints="0" visitedBranchPoints="0" sequenceCoverage="100.0" branchCoverage="0" maxCyclomaticComplexity="0" minCyclomaticComplexity="0" maxCrapScore="0" minCrapScore="0" visitedClasses="0" numClasses="0" visitedMethods="1" numMethods="1" />
              <MetadataToken>100663343</MetadataToken>
              <Name>System.Void PlayerInput::set_bindingMask(System.Nullable[InputBinding])</Name>
              <FileRef uid="7" />
              <SequencePoints>
                <SequencePoint vc="1" uspid="888" ordinal="0" offset="0" sl="256" sc="16" el="256" ec="16" bec="0" bev="0" fileid="7" />
              </SequencePoints>
              <BranchPoints />
            </Method>
            <Method visited="true" cyclomaticComplexity="0" nPathComplexity="0" sequenceCoverage="100.0" branchCoverage="0" crapScore="0" isConstructor="false" isStatic="false" isGetter="true" isSetter="false">
              <Summary numSequencePoints="1" visitedSequencePoints="1" numBranchPoints="0" visitedBranchPoints="0" sequenceCoverage="100.0" branchCoverage="0" maxCyclomaticComplexity="0" minCyclomaticComplexity="0" maxCrapScore="0" minCrapScore="0" visitedClasses="0" numClasses="0" visitedMethods="1" numMethods="1" />
              <MetadataToken>100663344</MetadataToken>
              <Name>System.Nullable[ReadOnlyArray`1] PlayerInput::get_devices()</Name>
              <FileRef uid="7" />
              <SequencePoints>
                <SequencePoint vc="1" uspid="889" ordinal="0" offset="0" sl="261" sc="16" el="261" ec="16" bec="0" bev="0" fileid="7" />
              </SequencePoints>
              <BranchPoints />
            </Method>
            <Method visited="true" cyclomaticComplexity="0" nPathComplexity="0" sequenceCoverage="100.0" branchCoverage="0" crapScore="0" isConstructor="false" isStatic="false" isGetter="false" isSetter="true">
              <Summary numSequencePoints="1" visitedSequencePoints="1" numBranchPoints="0" visitedBranchPoints="0" sequenceCoverage="100.0" branchCoverage="0" maxCyclomaticComplexity="0" minCyclomaticComplexity="0" maxCrapScore="0" minCrapScore="0" visitedClasses="0" numClasses="0" visitedMethods="1" numMethods="1" />
              <MetadataToken>100663345</MetadataToken>
              <Name>System.Void PlayerInput::set_devices(System.Nullable[ReadOnlyArray`1])</Name>
              <FileRef uid="7" />
              <SequencePoints>
                <SequencePoint vc="1" uspid="890" ordinal="0" offset="0" sl="262" sc="16" el="262" ec="16" bec="0" bev="0" fileid="7" />
              </SequencePoints>
              <BranchPoints />
            </Method>
            <Method visited="true" cyclomaticComplexity="0" nPathComplexity="0" sequenceCoverage="100.0" branchCoverage="0" crapScore="0" isConstructor="false" isStatic="false" isGetter="true" isSetter="false">
              <Summary numSequencePoints="1" visitedSequencePoints="1" numBranchPoints="0" visitedBranchPoints="0" sequenceCoverage="100.0" branchCoverage="0" maxCyclomaticComplexity="0" minCyclomaticComplexity="0" maxCrapScore="0" minCrapScore="0" visitedClasses="0" numClasses="0" visitedMethods="1" numMethods="1" />
              <MetadataToken>100663346</MetadataToken>
              <Name>UnityEngine.InputSystem.Utilities.ReadOnlyArray[InputControlScheme] PlayerInput::get_controlSchemes()</Name>
              <FileRef uid="7" />
              <SequencePoints>
                <SequencePoint vc="1" uspid="891" ordinal="0" offset="0" sl="265" sc="64" el="265" ec="64" bec="0" bev="0" fileid="7" />
              </SequencePoints>
              <BranchPoints />
            </Method>
            <Method visited="true" cyclomaticComplexity="0" nPathComplexity="0" sequenceCoverage="100.0" branchCoverage="0" crapScore="0" isConstructor="false" isStatic="false" isGetter="false" isSetter="false">
              <Summary numSequencePoints="3" visitedSequencePoints="3" numBranchPoints="0" visitedBranchPoints="0" sequenceCoverage="100.0" branchCoverage="0" maxCyclomaticComplexity="0" minCyclomaticComplexity="0" maxCrapScore="0" minCrapScore="0" visitedClasses="0" numClasses="0" visitedMethods="1" numMethods="1" />
              <MetadataToken>100663347</MetadataToken>
              <Name>System.Boolean PlayerInput::Contains(UnityEngine.InputSystem.InputAction)</Name>
              <FileRef uid="7" />
              <SequencePoints>
                <SequencePoint vc="1" uspid="892" ordinal="0" offset="0" sl="268" sc="5" el="268" ec="5" bec="0" bev="0" fileid="7" />
                <SequencePoint vc="1" uspid="893" ordinal="0" offset="1" sl="269" sc="9" el="269" ec="9" bec="0" bev="0" fileid="7" />
                <SequencePoint vc="1" uspid="894" ordinal="0" offset="16" sl="270" sc="5" el="270" ec="5" bec="0" bev="0" fileid="7" />
              </SequencePoints>
              <BranchPoints />
            </Method>
            <Method visited="true" cyclomaticComplexity="0" nPathComplexity="0" sequenceCoverage="100.0" branchCoverage="0" crapScore="0" isConstructor="false" isStatic="false" isGetter="false" isSetter="false">
              <Summary numSequencePoints="3" visitedSequencePoints="3" numBranchPoints="0" visitedBranchPoints="0" sequenceCoverage="100.0" branchCoverage="0" maxCyclomaticComplexity="0" minCyclomaticComplexity="0" maxCrapScore="0" minCrapScore="0" visitedClasses="0" numClasses="0" visitedMethods="1" numMethods="1" />
              <MetadataToken>100663348</MetadataToken>
              <Name>System.Collections.Generic.IEnumerator[InputAction] PlayerInput::GetEnumerator()</Name>
              <FileRef uid="7" />
              <SequencePoints>
                <SequencePoint vc="1" uspid="895" ordinal="0" offset="0" sl="273" sc="5" el="273" ec="5" bec="0" bev="0" fileid="7" />
                <SequencePoint vc="1" uspid="896" ordinal="0" offset="1" sl="274" sc="9" el="274" ec="9" bec="0" bev="0" fileid="7" />
                <SequencePoint vc="1" uspid="897" ordinal="0" offset="15" sl="275" sc="5" el="275" ec="5" bec="0" bev="0" fileid="7" />
              </SequencePoints>
              <BranchPoints />
            </Method>
            <Method visited="true" cyclomaticComplexity="0" nPathComplexity="0" sequenceCoverage="100.0" branchCoverage="0" crapScore="0" isConstructor="false" isStatic="false" isGetter="false" isSetter="false">
              <Summary numSequencePoints="3" visitedSequencePoints="3" numBranchPoints="0" visitedBranchPoints="0" sequenceCoverage="100.0" branchCoverage="0" maxCyclomaticComplexity="0" minCyclomaticComplexity="0" maxCrapScore="0" minCrapScore="0" visitedClasses="0" numClasses="0" visitedMethods="1" numMethods="1" />
              <MetadataToken>100663350</MetadataToken>
              <Name>System.Void PlayerInput::Enable()</Name>
              <FileRef uid="7" />
              <SequencePoints>
                <SequencePoint vc="1" uspid="901" ordinal="0" offset="0" sl="283" sc="5" el="283" ec="5" bec="0" bev="0" fileid="7" />
                <SequencePoint vc="1" uspid="902" ordinal="0" offset="1" sl="284" sc="9" el="284" ec="9" bec="0" bev="0" fileid="7" />
                <SequencePoint vc="1" uspid="903" ordinal="0" offset="13" sl="285" sc="5" el="285" ec="5" bec="0" bev="0" fileid="7" />
              </SequencePoints>
              <BranchPoints />
            </Method>
            <Method visited="true" cyclomaticComplexity="0" nPathComplexity="0" sequenceCoverage="100.0" branchCoverage="0" crapScore="0" isConstructor="false" isStatic="false" isGetter="false" isSetter="false">
              <Summary numSequencePoints="3" visitedSequencePoints="3" numBranchPoints="0" visitedBranchPoints="0" sequenceCoverage="100.0" branchCoverage="0" maxCyclomaticComplexity="0" minCyclomaticComplexity="0" maxCrapScore="0" minCrapScore="0" visitedClasses="0" numClasses="0" visitedMethods="1" numMethods="1" />
              <MetadataToken>100663351</MetadataToken>
              <Name>System.Void PlayerInput::Disable()</Name>
              <FileRef uid="7" />
              <SequencePoints>
                <SequencePoint vc="1" uspid="904" ordinal="0" offset="0" sl="288" sc="5" el="288" ec="5" bec="0" bev="0" fileid="7" />
                <SequencePoint vc="1" uspid="905" ordinal="0" offset="1" sl="289" sc="9" el="289" ec="9" bec="0" bev="0" fileid="7" />
                <SequencePoint vc="1" uspid="906" ordinal="0" offset="13" sl="290" sc="5" el="290" ec="5" bec="0" bev="0" fileid="7" />
              </SequencePoints>
              <BranchPoints />
            </Method>
            <Method visited="true" cyclomaticComplexity="0" nPathComplexity="0" sequenceCoverage="100.0" branchCoverage="0" crapScore="0" isConstructor="false" isStatic="false" isGetter="true" isSetter="false">
              <Summary numSequencePoints="1" visitedSequencePoints="1" numBranchPoints="0" visitedBranchPoints="0" sequenceCoverage="100.0" branchCoverage="0" maxCyclomaticComplexity="0" minCyclomaticComplexity="0" maxCrapScore="0" minCrapScore="0" visitedClasses="0" numClasses="0" visitedMethods="1" numMethods="1" />
              <MetadataToken>100663352</MetadataToken>
              <Name>System.Collections.Generic.IEnumerable[InputBinding] PlayerInput::get_bindings()</Name>
              <FileRef uid="7" />
              <SequencePoints>
                <SequencePoint vc="1" uspid="907" ordinal="0" offset="0" sl="292" sc="50" el="292" ec="50" bec="0" bev="0" fileid="7" />
              </SequencePoints>
              <BranchPoints />
            </Method>
            <Method visited="true" cyclomaticComplexity="0" nPathComplexity="0" sequenceCoverage="100.0" branchCoverage="0" crapScore="0" isConstructor="false" isStatic="false" isGetter="false" isSetter="false">
              <Summary numSequencePoints="3" visitedSequencePoints="3" numBranchPoints="0" visitedBranchPoints="0" sequenceCoverage="100.0" branchCoverage="0" maxCyclomaticComplexity="0" minCyclomaticComplexity="0" maxCrapScore="0" minCrapScore="0" visitedClasses="0" numClasses="0" visitedMethods="1" numMethods="1" />
              <MetadataToken>100663353</MetadataToken>
              <Name>UnityEngine.InputSystem.InputAction PlayerInput::FindAction(System.String, System.Boolean)</Name>
              <FileRef uid="7" />
              <SequencePoints>
                <SequencePoint vc="2" uspid="908" ordinal="0" offset="0" sl="295" sc="5" el="295" ec="5" bec="0" bev="0" fileid="7" />
                <SequencePoint vc="2" uspid="909" ordinal="0" offset="1" sl="296" sc="9" el="296" ec="9" bec="0" bev="0" fileid="7" />
                <SequencePoint vc="2" uspid="910" ordinal="0" offset="17" sl="297" sc="5" el="297" ec="5" bec="0" bev="0" fileid="7" />
              </SequencePoints>
              <BranchPoints />
            </Method>
            <Method visited="true" cyclomaticComplexity="0" nPathComplexity="0" sequenceCoverage="100.0" branchCoverage="0" crapScore="0" isConstructor="false" isStatic="false" isGetter="false" isSetter="false">
              <Summary numSequencePoints="3" visitedSequencePoints="3" numBranchPoints="0" visitedBranchPoints="0" sequenceCoverage="100.0" branchCoverage="0" maxCyclomaticComplexity="0" minCyclomaticComplexity="0" maxCrapScore="0" minCrapScore="0" visitedClasses="0" numClasses="0" visitedMethods="1" numMethods="1" />
              <MetadataToken>100663354</MetadataToken>
              <Name>System.Int32 PlayerInput::FindBinding(UnityEngine.InputSystem.InputBinding, UnityEngine.InputSystem.InputAction&amp;)</Name>
              <FileRef uid="7" />
              <SequencePoints>
                <SequencePoint vc="1" uspid="911" ordinal="0" offset="0" sl="300" sc="5" el="300" ec="5" bec="0" bev="0" fileid="7" />
                <SequencePoint vc="1" uspid="912" ordinal="0" offset="1" sl="301" sc="9" el="301" ec="9" bec="0" bev="0" fileid="7" />
                <SequencePoint vc="1" uspid="913" ordinal="0" offset="17" sl="302" sc="5" el="302" ec="5" bec="0" bev="0" fileid="7" />
              </SequencePoints>
              <BranchPoints />
            </Method>
            <Method visited="true" cyclomaticComplexity="0" nPathComplexity="0" sequenceCoverage="100.0" branchCoverage="0" crapScore="0" isConstructor="false" isStatic="false" isGetter="true" isSetter="false">
              <Summary numSequencePoints="1" visitedSequencePoints="1" numBranchPoints="0" visitedBranchPoints="0" sequenceCoverage="100.0" branchCoverage="0" maxCyclomaticComplexity="0" minCyclomaticComplexity="0" maxCrapScore="0" minCrapScore="0" visitedClasses="0" numClasses="0" visitedMethods="1" numMethods="1" />
              <MetadataToken>100663355</MetadataToken>
              <Name>PlayerInput/GameplayActions PlayerInput::get_Gameplay()</Name>
              <FileRef uid="7" />
              <SequencePoints>
                <SequencePoint vc="62" uspid="914" ordinal="0" offset="0" sl="396" sc="41" el="396" ec="41" bec="0" bev="0" fileid="7" />
              </SequencePoints>
              <BranchPoints />
            </Method>
            <Method visited="true" cyclomaticComplexity="0" nPathComplexity="0" sequenceCoverage="100.0" branchCoverage="0" crapScore="0" isConstructor="true" isStatic="false" isGetter="false" isSetter="false">
              <Summary numSequencePoints="13" visitedSequencePoints="13" numBranchPoints="0" visitedBranchPoints="0" sequenceCoverage="100.0" branchCoverage="0" maxCyclomaticComplexity="0" minCyclomaticComplexity="0" maxCrapScore="0" minCrapScore="0" visitedClasses="0" numClasses="0" visitedMethods="1" numMethods="1" />
              <MetadataToken>100663339</MetadataToken>
              <Name>PlayerInput::PlayerInput()</Name>
              <FileRef uid="7" />
              <SequencePoints>
                <SequencePoint vc="16" uspid="915" ordinal="0" offset="0" sl="306" sc="5" el="306" ec="5" bec="0" bev="0" fileid="7" />
                <SequencePoint vc="16" uspid="916" ordinal="0" offset="11" sl="21" sc="5" el="21" ec="5" bec="0" bev="0" fileid="7" />
                <SequencePoint vc="16" uspid="917" ordinal="0" offset="18" sl="22" sc="5" el="22" ec="5" bec="0" bev="0" fileid="7" />
                <SequencePoint vc="16" uspid="918" ordinal="0" offset="19" sl="23" sc="9" el="23" ec="9" bec="0" bev="0" fileid="7" />
                <SequencePoint vc="16" uspid="919" ordinal="0" offset="35" sl="233" sc="9" el="233" ec="9" bec="0" bev="0" fileid="7" />
                <SequencePoint vc="16" uspid="920" ordinal="0" offset="58" sl="234" sc="9" el="234" ec="9" bec="0" bev="0" fileid="7" />
                <SequencePoint vc="16" uspid="921" ordinal="0" offset="81" sl="235" sc="9" el="235" ec="9" bec="0" bev="0" fileid="7" />
                <SequencePoint vc="16" uspid="922" ordinal="0" offset="104" sl="236" sc="9" el="236" ec="9" bec="0" bev="0" fileid="7" />
                <SequencePoint vc="16" uspid="923" ordinal="0" offset="127" sl="237" sc="9" el="237" ec="9" bec="0" bev="0" fileid="7" />
                <SequencePoint vc="16" uspid="924" ordinal="0" offset="150" sl="238" sc="9" el="238" ec="9" bec="0" bev="0" fileid="7" />
                <SequencePoint vc="16" uspid="925" ordinal="0" offset="173" sl="239" sc="9" el="239" ec="9" bec="0" bev="0" fileid="7" />
                <SequencePoint vc="16" uspid="926" ordinal="0" offset="196" sl="240" sc="9" el="240" ec="9" bec="0" bev="0" fileid="7" />
                <SequencePoint vc="16" uspid="927" ordinal="0" offset="219" sl="241" sc="5" el="241" ec="5" bec="0" bev="0" fileid="7" />
              </SequencePoints>
              <BranchPoints />
            </Method>
          </Methods>
        </Class>
        <Class>
          <Summary numSequencePoints="54" visitedSequencePoints="41" numBranchPoints="0" visitedBranchPoints="0" sequenceCoverage="75.93" branchCoverage="0.0" maxCyclomaticComplexity="0" minCyclomaticComplexity="0" maxCrapScore="0" minCrapScore="0" visitedClasses="1" numClasses="1" visitedMethods="5" numMethods="5" />
          <FullName>PlayerInputHandler</FullName>
          <Methods>
            <Method visited="true" cyclomaticComplexity="0" nPathComplexity="0" sequenceCoverage="100.0" branchCoverage="0" crapScore="0" isConstructor="false" isStatic="false" isGetter="false" isSetter="false">
              <Summary numSequencePoints="4" visitedSequencePoints="4" numBranchPoints="0" visitedBranchPoints="0" sequenceCoverage="100.0" branchCoverage="0" maxCyclomaticComplexity="0" minCyclomaticComplexity="0" maxCrapScore="0" minCrapScore="0" visitedClasses="0" numClasses="0" visitedMethods="1" numMethods="1" />
              <MetadataToken>100663356</MetadataToken>
              <Name>System.Void PlayerInputHandler::Awake()</Name>
              <FileRef uid="8" />
              <SequencePoints>
                <SequencePoint vc="5" uspid="928" ordinal="0" offset="0" sl="18" sc="5" el="18" ec="5" bec="0" bev="0" fileid="8" />
                <SequencePoint vc="5" uspid="929" ordinal="0" offset="1" sl="19" sc="9" el="19" ec="9" bec="0" bev="0" fileid="8" />
                <SequencePoint vc="5" uspid="930" ordinal="0" offset="12" sl="21" sc="9" el="21" ec="9" bec="0" bev="0" fileid="8" />
                <SequencePoint vc="5" uspid="931" ordinal="0" offset="23" sl="22" sc="5" el="22" ec="5" bec="0" bev="0" fileid="8" />
              </SequencePoints>
              <BranchPoints />
            </Method>
            <Method visited="true" cyclomaticComplexity="0" nPathComplexity="0" sequenceCoverage="100.0" branchCoverage="0" crapScore="0" isConstructor="false" isStatic="false" isGetter="false" isSetter="false">
              <Summary numSequencePoints="12" visitedSequencePoints="12" numBranchPoints="0" visitedBranchPoints="0" sequenceCoverage="100.0" branchCoverage="0" maxCyclomaticComplexity="0" minCyclomaticComplexity="0" maxCrapScore="0" minCrapScore="0" visitedClasses="0" numClasses="0" visitedMethods="1" numMethods="1" />
              <MetadataToken>100663357</MetadataToken>
              <Name>System.Void PlayerInputHandler::OnEnable()</Name>
              <FileRef uid="8" />
              <SequencePoints>
                <SequencePoint vc="5" uspid="932" ordinal="0" offset="0" sl="25" sc="5" el="25" ec="5" bec="0" bev="0" fileid="8" />
                <SequencePoint vc="5" uspid="933" ordinal="0" offset="1" sl="26" sc="9" el="26" ec="9" bec="0" bev="0" fileid="8" />
                <SequencePoint vc="5" uspid="934" ordinal="0" offset="21" sl="27" sc="9" el="27" ec="9" bec="0" bev="0" fileid="8" />
                <SequencePoint vc="5" uspid="935" ordinal="0" offset="39" sl="29" sc="9" el="29" ec="9" bec="0" bev="0" fileid="8" />
                <SequencePoint vc="5" uspid="936" ordinal="0" offset="57" sl="31" sc="9" el="31" ec="9" bec="0" bev="0" fileid="8" />
                <SequencePoint vc="5" uspid="937" ordinal="0" offset="75" sl="33" sc="9" el="33" ec="9" bec="0" bev="0" fileid="8" />
                <SequencePoint vc="5" uspid="938" ordinal="0" offset="93" sl="36" sc="9" el="36" ec="9" bec="0" bev="0" fileid="8" />
                <SequencePoint vc="5" uspid="939" ordinal="0" offset="124" sl="37" sc="9" el="37" ec="9" bec="0" bev="0" fileid="8" />
                <SequencePoint vc="5" uspid="940" ordinal="0" offset="155" sl="38" sc="9" el="38" ec="9" bec="0" bev="0" fileid="8" />
                <SequencePoint vc="5" uspid="941" ordinal="0" offset="186" sl="39" sc="9" el="39" ec="9" bec="0" bev="0" fileid="8" />
                <SequencePoint vc="5" uspid="942" ordinal="0" offset="217" sl="40" sc="9" el="40" ec="9" bec="0" bev="0" fileid="8" />
                <SequencePoint vc="5" uspid="943" ordinal="0" offset="254" sl="41" sc="5" el="41" ec="5" bec="0" bev="0" fileid="8" />
              </SequencePoints>
              <BranchPoints />
            </Method>
            <Method visited="true" cyclomaticComplexity="0" nPathComplexity="0" sequenceCoverage="100.0" branchCoverage="0" crapScore="0" isConstructor="false" isStatic="false" isGetter="false" isSetter="false">
              <Summary numSequencePoints="8" visitedSequencePoints="8" numBranchPoints="0" visitedBranchPoints="0" sequenceCoverage="100.0" branchCoverage="0" maxCyclomaticComplexity="0" minCyclomaticComplexity="0" maxCrapScore="0" minCrapScore="0" visitedClasses="0" numClasses="0" visitedMethods="1" numMethods="1" />
              <MetadataToken>100663358</MetadataToken>
              <Name>System.Void PlayerInputHandler::OnDisable()</Name>
              <FileRef uid="8" />
              <SequencePoints>
                <SequencePoint vc="5" uspid="944" ordinal="0" offset="0" sl="44" sc="5" el="44" ec="5" bec="0" bev="0" fileid="8" />
                <SequencePoint vc="5" uspid="945" ordinal="0" offset="1" sl="45" sc="9" el="45" ec="9" bec="0" bev="0" fileid="8" />
                <SequencePoint vc="5" uspid="946" ordinal="0" offset="32" sl="46" sc="9" el="46" ec="9" bec="0" bev="0" fileid="8" />
                <SequencePoint vc="5" uspid="947" ordinal="0" offset="63" sl="47" sc="9" el="47" ec="9" bec="0" bev="0" fileid="8" />
                <SequencePoint vc="5" uspid="948" ordinal="0" offset="94" sl="48" sc="9" el="48" ec="9" bec="0" bev="0" fileid="8" />
                <SequencePoint vc="5" uspid="949" ordinal="0" offset="125" sl="49" sc="9" el="49" ec="9" bec="0" bev="0" fileid="8" />
                <SequencePoint vc="5" uspid="950" ordinal="0" offset="162" sl="50" sc="9" el="50" ec="9" bec="0" bev="0" fileid="8" />
                <SequencePoint vc="5" uspid="951" ordinal="0" offset="182" sl="51" sc="5" el="51" ec="5" bec="0" bev="0" fileid="8" />
              </SequencePoints>
              <BranchPoints />
            </Method>
            <Method visited="true" cyclomaticComplexity="0" nPathComplexity="0" sequenceCoverage="63.64" branchCoverage="0" crapScore="0" isConstructor="false" isStatic="false" isGetter="false" isSetter="false">
              <Summary numSequencePoints="11" visitedSequencePoints="7" numBranchPoints="0" visitedBranchPoints="0" sequenceCoverage="63.64" branchCoverage="0" maxCyclomaticComplexity="0" minCyclomaticComplexity="0" maxCrapScore="0" minCrapScore="0" visitedClasses="0" numClasses="0" visitedMethods="1" numMethods="1" />
              <MetadataToken>100663359</MetadataToken>
              <Name>System.Void PlayerInputHandler::HandleInputAction(UnityEngine.Vector2)</Name>
              <FileRef uid="8" />
              <SequencePoints>
                <SequencePoint vc="1" uspid="952" ordinal="0" offset="0" sl="54" sc="5" el="54" ec="5" bec="0" bev="0" fileid="8" />
                <SequencePoint vc="1" uspid="953" ordinal="0" offset="1" sl="55" sc="9" el="55" ec="9" bec="0" bev="0" fileid="8" />
                <SequencePoint vc="1" uspid="954" ordinal="0" offset="23" sl="56" sc="9" el="56" ec="9" bec="0" bev="0" fileid="8" />
                <SequencePoint vc="1" uspid="955" ordinal="0" offset="41" sl="57" sc="9" el="57" ec="9" bec="0" bev="0" fileid="8" />
                <SequencePoint vc="1" uspid="956" ordinal="0" offset="42" sl="58" sc="13" el="58" ec="13" bec="0" bev="0" fileid="8" />
                <SequencePoint vc="1" uspid="957" ordinal="0" offset="61" sl="59" sc="9" el="59" ec="9" bec="0" bev="0" fileid="8" />
                <SequencePoint vc="0" uspid="958" ordinal="0" offset="64" sl="60" sc="14" el="60" ec="14" bec="0" bev="0" fileid="8" />
[...]
              <Summary numSequencePoints="1" visitedSequencePoints="1" numBranchPoints="0" visitedBranchPoints="0" sequenceCoverage="100.0" branchCoverage="0" maxCyclomaticComplexity="0" minCyclomaticComplexity="0" maxCrapScore="0" minCrapScore="0" visitedClasses="0" numClasses="0" visitedMethods="1" numMethods="1" />
              <MetadataToken>100663436</MetadataToken>
              <Name>UnityEngine.InputSystem.InputAction PlayerInput/GameplayActions::get_FullscreenOrWindowedMode()</Name>
              <FileRef uid="7" />
              <SequencePoints>
                <SequencePoint vc="6" uspid="1287" ordinal="0" offset="0" sl="323" sc="57" el="323" ec="57" bec="0" bev="0" fileid="7" />
              </SequencePoints>
              <BranchPoints />
            </Method>
            <Method visited="true" cyclomaticComplexity="0" nPathComplexity="0" sequenceCoverage="100.0" branchCoverage="0" crapScore="0" isConstructor="false" isStatic="false" isGetter="true" isSetter="false">
              <Summary numSequencePoints="1" visitedSequencePoints="1" numBranchPoints="0" visitedBranchPoints="0" sequenceCoverage="100.0" branchCoverage="0" maxCyclomaticComplexity="0" minCyclomaticComplexity="0" maxCrapScore="0" minCrapScore="0" visitedClasses="0" numClasses="0" visitedMethods="1" numMethods="1" />
              <MetadataToken>100663437</MetadataToken>
              <Name>UnityEngine.InputSystem.InputAction PlayerInput/GameplayActions::get_QuitApplication()</Name>
              <FileRef uid="7" />
              <SequencePoints>
                <SequencePoint vc="6" uspid="1288" ordinal="0" offset="0" sl="324" sc="48" el="324" ec="48" bec="0" bev="0" fileid="7" />
              </SequencePoints>
              <BranchPoints />
            </Method>
            <Method visited="true" cyclomaticComplexity="0" nPathComplexity="0" sequenceCoverage="100.0" branchCoverage="0" crapScore="0" isConstructor="false" isStatic="false" isGetter="false" isSetter="false">
              <Summary numSequencePoints="3" visitedSequencePoints="3" numBranchPoints="0" visitedBranchPoints="0" sequenceCoverage="100.0" branchCoverage="0" maxCyclomaticComplexity="0" minCyclomaticComplexity="0" maxCrapScore="0" minCrapScore="0" visitedClasses="0" numClasses="0" visitedMethods="1" numMethods="1" />
              <MetadataToken>100663438</MetadataToken>
              <Name>UnityEngine.InputSystem.InputActionMap PlayerInput/GameplayActions::Get()</Name>
              <FileRef uid="7" />
              <SequencePoints>
                <SequencePoint vc="14" uspid="1289" ordinal="0" offset="0" sl="325" sc="37" el="325" ec="37" bec="0" bev="0" fileid="7" />
                <SequencePoint vc="14" uspid="1290" ordinal="0" offset="1" sl="325" sc="39" el="325" ec="39" bec="0" bev="0" fileid="7" />
                <SequencePoint vc="14" uspid="1291" ordinal="0" offset="15" sl="325" sc="68" el="325" ec="68" bec="0" bev="0" fileid="7" />
              </SequencePoints>
              <BranchPoints />
            </Method>
            <Method visited="true" cyclomaticComplexity="0" nPathComplexity="0" sequenceCoverage="100.0" branchCoverage="0" crapScore="0" isConstructor="false" isStatic="false" isGetter="false" isSetter="false">
              <Summary numSequencePoints="3" visitedSequencePoints="3" numBranchPoints="0" visitedBranchPoints="0" sequenceCoverage="100.0" branchCoverage="0" maxCyclomaticComplexity="0" minCyclomaticComplexity="0" maxCrapScore="0" minCrapScore="0" visitedClasses="0" numClasses="0" visitedMethods="1" numMethods="1" />
              <MetadataToken>100663439</MetadataToken>
              <Name>System.Void PlayerInput/GameplayActions::Enable()</Name>
              <FileRef uid="7" />
              <SequencePoints>
                <SequencePoint vc="6" uspid="1292" ordinal="0" offset="0" sl="326" sc="30" el="326" ec="30" bec="0" bev="0" fileid="7" />
                <SequencePoint vc="6" uspid="1293" ordinal="0" offset="1" sl="326" sc="32" el="326" ec="32" bec="0" bev="0" fileid="7" />
                <SequencePoint vc="6" uspid="1294" ordinal="0" offset="13" sl="326" sc="48" el="326" ec="48" bec="0" bev="0" fileid="7" />
              </SequencePoints>
              <BranchPoints />
            </Method>
            <Method visited="true" cyclomaticComplexity="0" nPathComplexity="0" sequenceCoverage="100.0" branchCoverage="0" crapScore="0" isConstructor="false" isStatic="false" isGetter="false" isSetter="false">
              <Summary numSequencePoints="3" visitedSequencePoints="3" numBranchPoints="0" visitedBranchPoints="0" sequenceCoverage="100.0" branchCoverage="0" maxCyclomaticComplexity="0" minCyclomaticComplexity="0" maxCrapScore="0" minCrapScore="0" visitedClasses="0" numClasses="0" visitedMethods="1" numMethods="1" />
              <MetadataToken>100663440</MetadataToken>
              <Name>System.Void PlayerInput/GameplayActions::Disable()</Name>
              <FileRef uid="7" />
              <SequencePoints>
                <SequencePoint vc="6" uspid="1295" ordinal="0" offset="0" sl="327" sc="31" el="327" ec="31" bec="0" bev="0" fileid="7" />
                <SequencePoint vc="6" uspid="1296" ordinal="0" offset="1" sl="327" sc="33" el="327" ec="33" bec="0" bev="0" fileid="7" />
                <SequencePoint vc="6" uspid="1297" ordinal="0" offset="13" sl="327" sc="50" el="327" ec="50" bec="0" bev="0" fileid="7" />
              </SequencePoints>
              <BranchPoints />
            </Method>
            <Method visited="true" cyclomaticComplexity="0" nPathComplexity="0" sequenceCoverage="100.0" branchCoverage="0" crapScore="0" isConstructor="false" isStatic="false" isGetter="true" isSetter="false">
              <Summary numSequencePoints="1" visitedSequencePoints="1" numBranchPoints="0" visitedBranchPoints="0" sequenceCoverage="100.0" branchCoverage="0" maxCyclomaticComplexity="0" minCyclomaticComplexity="0" maxCrapScore="0" minCrapScore="0" visitedClasses="0" numClasses="0" visitedMethods="1" numMethods="1" />
              <MetadataToken>100663441</MetadataToken>
              <Name>System.Boolean PlayerInput/GameplayActions::get_enabled()</Name>
              <FileRef uid="7" />
              <SequencePoints>
                <SequencePoint vc="2" uspid="1298" ordinal="0" offset="0" sl="328" sc="32" el="328" ec="32" bec="0" bev="0" fileid="7" />
              </SequencePoints>
              <BranchPoints />
            </Method>
            <Method visited="true" cyclomaticComplexity="0" nPathComplexity="0" sequenceCoverage="96.15" branchCoverage="0" crapScore="0" isConstructor="false" isStatic="false" isGetter="false" isSetter="false">
              <Summary numSequencePoints="26" visitedSequencePoints="25" numBranchPoints="0" visitedBranchPoints="0" sequenceCoverage="96.15" branchCoverage="0" maxCyclomaticComplexity="0" minCyclomaticComplexity="0" maxCrapScore="0" minCrapScore="0" visitedClasses="0" numClasses="0" visitedMethods="1" numMethods="1" />
              <MetadataToken>100663443</MetadataToken>
              <Name>System.Void PlayerInput/GameplayActions::AddCallbacks(PlayerInput/IGameplayActions)</Name>
              <FileRef uid="7" />
              <SequencePoints>
                <SequencePoint vc="1" uspid="1302" ordinal="0" offset="0" sl="331" sc="9" el="331" ec="9" bec="0" bev="0" fileid="7" />
                <SequencePoint vc="1" uspid="1303" ordinal="0" offset="1" sl="332" sc="13" el="332" ec="13" bec="0" bev="0" fileid="7" />
                <SequencePoint vc="0" uspid="1304" ordinal="0" offset="28" sl="332" sc="103" el="332" ec="103" bec="0" bev="0" fileid="7" />
                <SequencePoint vc="1" uspid="1305" ordinal="0" offset="33" sl="333" sc="13" el="333" ec="13" bec="0" bev="0" fileid="7" />
                <SequencePoint vc="1" uspid="1306" ordinal="0" offset="51" sl="334" sc="13" el="334" ec="13" bec="0" bev="0" fileid="7" />
                <SequencePoint vc="1" uspid="1307" ordinal="0" offset="76" sl="335" sc="13" el="335" ec="13" bec="0" bev="0" fileid="7" />
                <SequencePoint vc="1" uspid="1308" ordinal="0" offset="101" sl="336" sc="13" el="336" ec="13" bec="0" bev="0" fileid="7" />
                <SequencePoint vc="1" uspid="1309" ordinal="0" offset="126" sl="337" sc="13" el="337" ec="13" bec="0" bev="0" fileid="7" />
                <SequencePoint vc="1" uspid="1310" ordinal="0" offset="151" sl="338" sc="13" el="338" ec="13" bec="0" bev="0" fileid="7" />
                <SequencePoint vc="1" uspid="1311" ordinal="0" offset="176" sl="339" sc="13" el="339" ec="13" bec="0" bev="0" fileid="7" />
                <SequencePoint vc="1" uspid="1312" ordinal="0" offset="201" sl="340" sc="13" el="340" ec="13" bec="0" bev="0" fileid="7" />
                <SequencePoint vc="1" uspid="1313" ordinal="0" offset="226" sl="341" sc="13" el="341" ec="13" bec="0" bev="0" fileid="7" />
                <SequencePoint vc="1" uspid="1314" ordinal="0" offset="251" sl="342" sc="13" el="342" ec="13" bec="0" bev="0" fileid="7" />
                <SequencePoint vc="1" uspid="1315" ordinal="0" offset="276" sl="343" sc="13" el="343" ec="13" bec="0" bev="0" fileid="7" />
                <SequencePoint vc="1" uspid="1316" ordinal="0" offset="301" sl="344" sc="13" el="344" ec="13" bec="0" bev="0" fileid="7" />
                <SequencePoint vc="1" uspid="1317" ordinal="0" offset="326" sl="345" sc="13" el="345" ec="13" bec="0" bev="0" fileid="7" />
                <SequencePoint vc="1" uspid="1318" ordinal="0" offset="351" sl="346" sc="13" el="346" ec="13" bec="0" bev="0" fileid="7" />
                <SequencePoint vc="1" uspid="1319" ordinal="0" offset="376" sl="347" sc="13" el="347" ec="13" bec="0" bev="0" fileid="7" />
                <SequencePoint vc="1" uspid="1320" ordinal="0" offset="401" sl="348" sc="13" el="348" ec="13" bec="0" bev="0" fileid="7" />
                <SequencePoint vc="1" uspid="1321" ordinal="0" offset="426" sl="349" sc="13" el="349" ec="13" bec="0" bev="0" fileid="7" />
                <SequencePoint vc="1" uspid="1322" ordinal="0" offset="451" sl="350" sc="13" el="350" ec="13" bec="0" bev="0" fileid="7" />
                <SequencePoint vc="1" uspid="1323" ordinal="0" offset="476" sl="351" sc="13" el="351" ec="13" bec="0" bev="0" fileid="7" />
                <SequencePoint vc="1" uspid="1324" ordinal="0" offset="501" sl="352" sc="13" el="352" ec="13" bec="0" bev="0" fileid="7" />
                <SequencePoint vc="1" uspid="1325" ordinal="0" offset="526" sl="353" sc="13" el="353" ec="13" bec="0" bev="0" fileid="7" />
                <SequencePoint vc="1" uspid="1326" ordinal="0" offset="551" sl="354" sc="13" el="354" ec="13" bec="0" bev="0" fileid="7" />
                <SequencePoint vc="1" uspid="1327" ordinal="0" offset="576" sl="355" sc="9" el="355" ec="9" bec="0" bev="0" fileid="7" />
              </SequencePoints>
              <BranchPoints />
            </Method>
            <Method visited="true" cyclomaticComplexity="0" nPathComplexity="0" sequenceCoverage="100.0" branchCoverage="0" crapScore="0" isConstructor="false" isStatic="false" isGetter="false" isSetter="false">
              <Summary numSequencePoints="23" visitedSequencePoints="23" numBranchPoints="0" visitedBranchPoints="0" sequenceCoverage="100.0" branchCoverage="0" maxCyclomaticComplexity="0" minCyclomaticComplexity="0" maxCrapScore="0" minCrapScore="0" visitedClasses="0" numClasses="0" visitedMethods="1" numMethods="1" />
              <MetadataToken>100663444</MetadataToken>
              <Name>System.Void PlayerInput/GameplayActions::UnregisterCallbacks(PlayerInput/IGameplayActions)</Name>
              <FileRef uid="7" />
              <SequencePoints>
                <SequencePoint vc="1" uspid="1328" ordinal="0" offset="0" sl="358" sc="9" el="358" ec="9" bec="0" bev="0" fileid="7" />
                <SequencePoint vc="1" uspid="1329" ordinal="0" offset="1" sl="359" sc="13" el="359" ec="13" bec="0" bev="0" fileid="7" />
                <SequencePoint vc="1" uspid="1330" ordinal="0" offset="26" sl="360" sc="13" el="360" ec="13" bec="0" bev="0" fileid="7" />
                <SequencePoint vc="1" uspid="1331" ordinal="0" offset="51" sl="361" sc="13" el="361" ec="13" bec="0" bev="0" fileid="7" />
                <SequencePoint vc="1" uspid="1332" ordinal="0" offset="76" sl="362" sc="13" el="362" ec="13" bec="0" bev="0" fileid="7" />
                <SequencePoint vc="1" uspid="1333" ordinal="0" offset="101" sl="363" sc="13" el="363" ec="13" bec="0" bev="0" fileid="7" />
                <SequencePoint vc="1" uspid="1334" ordinal="0" offset="126" sl="364" sc="13" el="364" ec="13" bec="0" bev="0" fileid="7" />
                <SequencePoint vc="1" uspid="1335" ordinal="0" offset="151" sl="365" sc="13" el="365" ec="13" bec="0" bev="0" fileid="7" />
                <SequencePoint vc="1" uspid="1336" ordinal="0" offset="176" sl="366" sc="13" el="366" ec="13" bec="0" bev="0" fileid="7" />
                <SequencePoint vc="1" uspid="1337" ordinal="0" offset="201" sl="367" sc="13" el="367" ec="13" bec="0" bev="0" fileid="7" />
                <SequencePoint vc="1" uspid="1338" ordinal="0" offset="226" sl="368" sc="13" el="368" ec="13" bec="0" bev="0" fileid="7" />
                <SequencePoint vc="1" uspid="1339" ordinal="0" offset="251" sl="369" sc="13" el="369" ec="13" bec="0" bev="0" fileid="7" />
                <SequencePoint vc="1" uspid="1340" ordinal="0" offset="276" sl="370" sc="13" el="370" ec="13" bec="0" bev="0" fileid="7" />
                <SequencePoint vc="1" uspid="1341" ordinal="0" offset="301" sl="371" sc="13" el="371" ec="13" bec="0" bev="0" fileid="7" />
                <SequencePoint vc="1" uspid="1342" ordinal="0" offset="326" sl="372" sc="13" el="372" ec="13" bec="0" bev="0" fileid="7" />
                <SequencePoint vc="1" uspid="1343" ordinal="0" offset="351" sl="373" sc="13" el="373" ec="13" bec="0" bev="0" fileid="7" />
                <SequencePoint vc="1" uspid="1344" ordinal="0" offset="376" sl="374" sc="13" el="374" ec="13" bec="0" bev="0" fileid="7" />
                <SequencePoint vc="1" uspid="1345" ordinal="0" offset="401" sl="375" sc="13" el="375" ec="13" bec="0" bev="0" fileid="7" />
                <SequencePoint vc="1" uspid="1346" ordinal="0" offset="426" sl="376" sc="13" el="376" ec="13" bec="0" bev="0" fileid="7" />
                <SequencePoint vc="1" uspid="1347" ordinal="0" offset="451" sl="377" sc="13" el="377" ec="13" bec="0" bev="0" fileid="7" />
                <SequencePoint vc="1" uspid="1348" ordinal="0" offset="476" sl="378" sc="13" el="378" ec="13" bec="0" bev="0" fileid="7" />
                <SequencePoint vc="1" uspid="1349" ordinal="0" offset="501" sl="379" sc="13" el="379" ec="13" bec="0" bev="0" fileid="7" />
                <SequencePoint vc="1" uspid="1350" ordinal="0" offset="526" sl="380" sc="9" el="380" ec="9" bec="0" bev="0" fileid="7" />
              </SequencePoints>
              <BranchPoints />
            </Method>
            <Method visited="true" cyclomaticComplexity="0" nPathComplexity="0" sequenceCoverage="100.0" branchCoverage="0" crapScore="0" isConstructor="false" isStatic="false" isGetter="false" isSetter="false">
              <Summary numSequencePoints="4" visitedSequencePoints="4" numBranchPoints="0" visitedBranchPoints="0" sequenceCoverage="100.0" branchCoverage="0" maxCyclomaticComplexity="0" minCyclomaticComplexity="0" maxCrapScore="0" minCrapScore="0" visitedClasses="0" numClasses="0" visitedMethods="1" numMethods="1" />
              <MetadataToken>100663445</MetadataToken>
              <Name>System.Void PlayerInput/GameplayActions::RemoveCallbacks(PlayerInput/IGameplayActions)</Name>
              <FileRef uid="7" />
              <SequencePoints>
                <SequencePoint vc="1" uspid="1351" ordinal="0" offset="0" sl="383" sc="9" el="383" ec="9" bec="0" bev="0" fileid="7" />
                <SequencePoint vc="1" uspid="1352" ordinal="0" offset="1" sl="384" sc="13" el="384" ec="13" bec="0" bev="0" fileid="7" />
                <SequencePoint vc="1" uspid="1353" ordinal="0" offset="22" sl="385" sc="17" el="385" ec="17" bec="0" bev="0" fileid="7" />
                <SequencePoint vc="1" uspid="1354" ordinal="0" offset="30" sl="386" sc="9" el="386" ec="9" bec="0" bev="0" fileid="7" />
              </SequencePoints>
              <BranchPoints />
            </Method>
            <Method visited="true" cyclomaticComplexity="0" nPathComplexity="0" sequenceCoverage="77.78" branchCoverage="0" crapScore="0" isConstructor="false" isStatic="false" isGetter="false" isSetter="false">
              <Summary numSequencePoints="9" visitedSequencePoints="7" numBranchPoints="0" visitedBranchPoints="0" sequenceCoverage="77.78" branchCoverage="0" maxCyclomaticComplexity="0" minCyclomaticComplexity="0" maxCrapScore="0" minCrapScore="0" visitedClasses="0" numClasses="0" visitedMethods="1" numMethods="1" />
              <MetadataToken>100663446</MetadataToken>
              <Name>System.Void PlayerInput/GameplayActions::SetCallbacks(PlayerInput/IGameplayActions)</Name>
              <FileRef uid="7" />
              <SequencePoints>
                <SequencePoint vc="1" uspid="1355" ordinal="0" offset="0" sl="389" sc="9" el="389" ec="9" bec="0" bev="0" fileid="7" />
                <SequencePoint vc="1" uspid="1356" ordinal="0" offset="1" sl="390" sc="13" el="390" ec="13" bec="0" bev="0" fileid="7" />
                <SequencePoint vc="1" uspid="1357" ordinal="0" offset="2" sl="390" sc="34" el="390" ec="34" bec="0" bev="0" fileid="7" />
                <SequencePoint vc="0" uspid="1358" ordinal="0" offset="21" sl="390" sc="22" el="390" ec="22" bec="0" bev="0" fileid="7" />
                <SequencePoint vc="0" uspid="1359" ordinal="0" offset="29" sl="391" sc="17" el="391" ec="17" bec="0" bev="0" fileid="7" />
                <SequencePoint vc="1" uspid="1360" ordinal="0" offset="37" sl="390" sc="31" el="390" ec="31" bec="0" bev="0" fileid="7" />
                <SequencePoint vc="1" uspid="1361" ordinal="0" offset="63" sl="392" sc="13" el="392" ec="13" bec="0" bev="0" fileid="7" />
                <SequencePoint vc="1" uspid="1362" ordinal="0" offset="80" sl="393" sc="13" el="393" ec="13" bec="0" bev="0" fileid="7" />
                <SequencePoint vc="1" uspid="1363" ordinal="0" offset="88" sl="394" sc="9" el="394" ec="9" bec="0" bev="0" fileid="7" />
              </SequencePoints>
              <BranchPoints />
            </Method>
            <Method visited="true" cyclomaticComplexity="0" nPathComplexity="0" sequenceCoverage="100.0" branchCoverage="0" crapScore="0" isConstructor="true" isStatic="false" isGetter="false" isSetter="false">
              <Summary numSequencePoints="3" visitedSequencePoints="3" numBranchPoints="0" visitedBranchPoints="0" sequenceCoverage="100.0" branchCoverage="0" maxCyclomaticComplexity="0" minCyclomaticComplexity="0" maxCrapScore="0" minCrapScore="0" visitedClasses="0" numClasses="0" visitedMethods="1" numMethods="1" />
              <MetadataToken>100663430</MetadataToken>
              <Name>PlayerInput/GameplayActions::GameplayActions(PlayerInput)</Name>
              <FileRef uid="7" />
              <SequencePoints>
                <SequencePoint vc="62" uspid="1364" ordinal="0" offset="0" sl="317" sc="54" el="317" ec="54" bec="0" bev="0" fileid="7" />
                <SequencePoint vc="62" uspid="1365" ordinal="0" offset="1" sl="317" sc="56" el="317" ec="56" bec="0" bev="0" fileid="7" />
                <SequencePoint vc="62" uspid="1366" ordinal="0" offset="8" sl="317" sc="77" el="317" ec="77" bec="0" bev="0" fileid="7" />
              </SequencePoints>
              <BranchPoints />
            </Method>
          </Methods>
        </Class>
      </Classes>
    </Module>
  </Modules>
</CoverageSession>