<?xml version="1.0" encoding="utf-8"?>
<CoverageSession xmlns:xsd="http://www.w3.org/2001/XMLSchema" xmlns:xsi="http://www.w3.org/2001/XMLSchema-instance" Version="0.0.0.0">
  <Summary numSequencePoints="661" visitedSequencePoints="627" numBranchPoints="0" visitedBranchPoints="0" sequenceCoverage="94.86" branchCoverage="0.0" maxCyclomaticComplexity="0" minCyclomaticComplexity="0" maxCrapScore="0" minCrapScore="0" visitedClasses="20" numClasses="20" visitedMethods="81" numMethods="81" />
  <Modules>
    <Module>
      <Summary numSequencePoints="14" visitedSequencePoints="14" numBranchPoints="0" visitedBranchPoints="0" sequenceCoverage="100.0" branchCoverage="0.0" maxCyclomaticComplexity="0" minCyclomaticComplexity="0" maxCrapScore="0" minCrapScore="0" visitedClasses="1" numClasses="1" visitedMethods="3" numMethods="3" />
      <ModuleTime>0001-01-01T00:00:00</ModuleTime>
      <ModuleName>GeneralScripts</ModuleName>
      <Files>
        <File uid="1" fullPath="D:/AllPrograms/UnityProj/LabWork_3_Devyatov-main/Assets/Scripts/GeneralScripts/CustomCursor.cs" />
        <File uid="2" fullPath="D:/AllPrograms/UnityProj/LabWork_3_Devyatov-main/Assets/Scripts/GeneralScripts/Loader.cs" />
        <File uid="3" fullPath="D:/AllPrograms/UnityProj/LabWork_3_Devyatov-main/Assets/Scripts/GeneralScripts/SceneLoader.cs" />
      </Files>
      <Classes>
        <Class>
          <Summary numSequencePoints="14" visitedSequencePoints="14" numBranchPoints="0" visitedBranchPoints="0" sequenceCoverage="100.0" branchCoverage="0.0" maxCyclomaticComplexity="0" minCyclomaticComplexity="0" maxCrapScore="0" minCrapScore="0" visitedClasses="1" numClasses="1" visitedMethods="3" numMethods="3" />
          <FullName>CustomCursor</FullName>
          <Methods>
            <Method visited="true" cyclomaticComplexity="0" nPathComplexity="0" sequenceCoverage="100.0" branchCoverage="0" crapScore="0" isConstructor="false" isStatic="false" isGetter="false" isSetter="false">
              <Summary numSequencePoints="3" visitedSequencePoints="3" numBranchPoints="0" visitedBranchPoints="0" sequenceCoverage="100.0" branchCoverage="0" maxCyclomaticComplexity="0" minCyclomaticComplexity="0" maxCrapScore="0" minCrapScore="0" visitedClasses="0" numClasses="0" visitedMethods="1" numMethods="1" />
              <MetadataToken>100663297</MetadataToken>
              <Name>System.Void CustomCursor::Awake()</Name>
              <FileRef uid="1" />
              <SequencePoints>
                <SequencePoint vc="7" uspid="1" ordinal="0" offset="0" sl="12" sc="5" el="12" ec="5" bec="0" bev="0" fileid="1" />
                <SequencePoint vc="7" uspid="2" ordinal="0" offset="1" sl="13" sc="9" el="13" ec="9" bec="0" bev="0" fileid="1" />
                <SequencePoint vc="7" uspid="3" ordinal="0" offset="19" sl="14" sc="5" el="14" ec="5" bec="0" bev="0" fileid="1" />
              </SequencePoints>
              <BranchPoints />
            </Method>
            <Method visited="true" cyclomaticComplexity="0" nPathComplexity="0" sequenceCoverage="100.0" branchCoverage="0" crapScore="0" isConstructor="false" isStatic="false" isGetter="false" isSetter="false">
              <Summary numSequencePoints="3" visitedSequencePoints="3" numBranchPoints="0" visitedBranchPoints="0" sequenceCoverage="100.0" branchCoverage="0" maxCyclomaticComplexity="0" minCyclomaticComplexity="0" maxCrapScore="0" minCrapScore="0" visitedClasses="0" numClasses="0" visitedMethods="1" numMethods="1" />
              <MetadataToken>100663298</MetadataToken>
              <Name>System.Void CustomCursor::Update()</Name>
              <FileRef uid="1" />
              <SequencePoints>
                <SequencePoint vc="672" uspid="4" ordinal="0" offset="0" sl="17" sc="5" el="17" ec="5" bec="0" bev="0" fileid="1" />
                <SequencePoint vc="672" uspid="5" ordinal="0" offset="1" sl="18" sc="9" el="18" ec="9" bec="0" bev="0" fileid="1" />
                <SequencePoint vc="672" uspid="6" ordinal="0" offset="8" sl="19" sc="5" el="19" ec="5" bec="0" bev="0" fileid="1" />
              </SequencePoints>
              <BranchPoints />
            </Method>
            <Method visited="true" cyclomaticComplexity="0" nPathComplexity="0" sequenceCoverage="100.0" branchCoverage="0" crapScore="0" isConstructor="false" isStatic="false" isGetter="false" isSetter="false">
              <Summary numSequencePoints="8" visitedSequencePoints="8" numBranchPoints="0" visitedBranchPoints="0" sequenceCoverage="100.0" branchCoverage="0" maxCyclomaticComplexity="0" minCyclomaticComplexity="0" maxCrapScore="0" minCrapScore="0" visitedClasses="0" numClasses="0" visitedMethods="1" numMethods="1" />
              <MetadataToken>100663299</MetadataToken>
              <Name>System.Void CustomCursor::SetCustomCursor()</Name>
              <FileRef uid="1" />
              <SequencePoints>
                <SequencePoint vc="672" uspid="7" ordinal="0" offset="0" sl="22" sc="5" el="22" ec="5" bec="0" bev="0" fileid="1" />
                <SequencePoint vc="672" uspid="8" ordinal="0" offset="1" sl="23" sc="9" el="23" ec="9" bec="0" bev="0" fileid="1" />
                <SequencePoint vc="323" uspid="9" ordinal="0" offset="27" sl="23" sc="48" el="23" ec="48" bec="0" bev="0" fileid="1" />
                <SequencePoint vc="349" uspid="10" ordinal="0" offset="29" sl="25" sc="9" el="25" ec="9" bec="0" bev="0" fileid="1" />
                <SequencePoint vc="349" uspid="11" ordinal="0" offset="35" sl="26" sc="9" el="26" ec="9" bec="0" bev="0" fileid="1" />
                <SequencePoint vc="349" uspid="12" ordinal="0" offset="47" sl="27" sc="9" el="27" ec="9" bec="0" bev="0" fileid="1" />
                <SequencePoint vc="349" uspid="13" ordinal="0" offset="59" sl="28" sc="9" el="28" ec="9" bec="0" bev="0" fileid="1" />
                <SequencePoint vc="672" uspid="14" ordinal="0" offset="72" sl="29" sc="5" el="29" ec="5" bec="0" bev="0" fileid="1" />
              </SequencePoints>
              <BranchPoints />
            </Method>
          </Methods>
        </Class>
      </Classes>
    </Module>
    <Module>
      <Summary numSequencePoints="647" visitedSequencePoints="613" numBranchPoints="0" visitedBranchPoints="0" sequenceCoverage="94.74" branchCoverage="0.0" maxCyclomaticComplexity="0" minCyclomaticComplexity="0" maxCrapScore="0" minCrapScore="0" visitedClasses="19" numClasses="19" visitedMethods="78" numMethods="78" />
      <ModuleTime>0001-01-01T00:00:00</ModuleTime>
      <ModuleName>MainScripts</ModuleName>
      <Files>
        <File uid="4" fullPath="D:/AllPrograms/UnityProj/LabWork_3_Devyatov-main/Assets/Scripts/MainScripts/Cell.cs" />
        <File uid="5" fullPath="D:/AllPrograms/UnityProj/LabWork_3_Devyatov-main/Assets/Scripts/MainScripts/CellView.cs" />
        <File uid="6" fullPath="D:/AllPrograms/UnityProj/LabWork_3_Devyatov-main/Assets/Scripts/MainScripts/GameField.cs" />
        <File uid="7" fullPath="D:/AllPrograms/UnityProj/LabWork_3_Devyatov-main/Assets/Scripts/MainScripts/PlayerInput.cs" />
        <File uid="8" fullPath="D:/AllPrograms/UnityProj/LabWork_3_Devyatov-main/Assets/Scripts/MainScripts/PlayerInputHandler.cs" />
        <File uid="9" fullPath="D:/AllPrograms/UnityProj/LabWork_3_Devyatov-main/Assets/Scripts/MainScripts/SaveLoadManager.cs" />
        <File uid="10" fullPath="D:/AllPrograms/UnityProj/LabWork_3_Devyatov-main/Assets/Scripts/MainScripts/UIManager.cs" />
        <File uid="11" fullPath="D:/AllPrograms/UnityProj/LabWork_3_Devyatov-main/Assets/Scripts/MainScripts/CellAnimations.cs" />
      </Files>
      <Classes>
        <Class>
          <Summary numSequencePoints="28" visitedSequencePoints="28" numBranchPoints="0" visitedBranchPoints="0" sequenceCoverage="100.0" branchCoverage="0.0" maxCyclomaticComplexity="0" minCyclomaticComplexity="0" maxCrapScore="0" minCrapScore="0" visitedClasses="1" numClasses="1" visitedMethods="10" numMethods="10" />
          <FullName>Cell</FullName>
          <Methods>
            <Method visited="true" cyclomaticComplexity="0" nPathComplexity="0" sequenceCoverage="100.0" branchCoverage="0" crapScore="0" isConstructor="false" isStatic="false" isGetter="true" isSetter="false">
              <Summary numSequencePoints="1" visitedSequencePoints="1" numBranchPoints="0" visitedBranchPoints="0" sequenceCoverage="100.0" branchCoverage="0" maxCyclomaticComplexity="0" minCyclomaticComplexity="0" maxCrapScore="0" minCrapScore="0" visitedClasses="0" numClasses="0" visitedMethods="1" numMethods="1" />
              <MetadataToken>100663301</MetadataToken>
              <Name>UnityEngine.GameObject Cell::get_CellView()</Name>
              <FileRef uid="4" />
              <SequencePoints>
                <SequencePoint vc="60" uspid="24" ordinal="0" offset="0" sl="26" sc="34" el="26" ec="34" bec="0" bev="0" fileid="4" />
              </SequencePoints>
              <BranchPoints />
            </Method>
            <Method visited="true" cyclomaticComplexity="0" nPathComplexity="0" sequenceCoverage="100.0" branchCoverage="0" crapScore="0" isConstructor="false" isStatic="false" isGetter="false" isSetter="true">
              <Summary numSequencePoints="1" visitedSequencePoints="1" numBranchPoints="0" visitedBranchPoints="0" sequenceCoverage="100.0" branchCoverage="0" maxCyclomaticComplexity="0" minCyclomaticComplexity="0" maxCrapScore="0" minCrapScore="0" visitedClasses="0" numClasses="0" visitedMethods="1" numMethods="1" />
              <MetadataToken>100663302</MetadataToken>
              <Name>System.Void Cell::set_CellView(UnityEngine.GameObject)</Name>
              <FileRef uid="4" />
              <SequencePoints>
                <SequencePoint vc="81" uspid="25" ordinal="0" offset="0" sl="26" sc="39" el="26" ec="39" bec="0" bev="0" fileid="4" />
              </SequencePoints>
              <BranchPoints />
            </Method>
            <Method visited="true" cyclomaticComplexity="0" nPathComplexity="0" sequenceCoverage="100.0" branchCoverage="0" crapScore="0" isConstructor="false" isStatic="false" isGetter="true" isSetter="false">
              <Summary numSequencePoints="1" visitedSequencePoints="1" numBranchPoints="0" visitedBranchPoints="0" sequenceCoverage="100.0" branchCoverage="0" maxCyclomaticComplexity="0" minCyclomaticComplexity="0" maxCrapScore="0" minCrapScore="0" visitedClasses="0" numClasses="0" visitedMethods="1" numMethods="1" />
              <MetadataToken>100663303</MetadataToken>
              <Name>System.Boolean Cell::get_Merged()</Name>
              <FileRef uid="4" />
              <SequencePoints>
                <SequencePoint vc="1" uspid="26" ordinal="0" offset="0" sl="28" sc="26" el="28" ec="26" bec="0" bev="0" fileid="4" />
              </SequencePoints>
              <BranchPoints />
            </Method>
            <Method visited="true" cyclomaticComplexity="0" nPathComplexity="0" sequenceCoverage="100.0" branchCoverage="0" crapScore="0" isConstructor="false" isStatic="false" isGetter="false" isSetter="true">
              <Summary numSequencePoints="1" visitedSequencePoints="1" numBranchPoints="0" visitedBranchPoints="0" sequenceCoverage="100.0" branchCoverage="0" maxCyclomaticComplexity="0" minCyclomaticComplexity="0" maxCrapScore="0" minCrapScore="0" visitedClasses="0" numClasses="0" visitedMethods="1" numMethods="1" />
              <MetadataToken>100663304</MetadataToken>
              <Name>System.Void Cell::set_Merged(System.Boolean)</Name>
              <FileRef uid="4" />
              <SequencePoints>
                <SequencePoint vc="27" uspid="27" ordinal="0" offset="0" sl="28" sc="31" el="28" ec="31" bec="0" bev="0" fileid="4" />
              </SequencePoints>
              <BranchPoints />
            </Method>
            <Method visited="true" cyclomaticComplexity="0" nPathComplexity="0" sequenceCoverage="100.0" branchCoverage="0" crapScore="0" isConstructor="false" isStatic="false" isGetter="true" isSetter="false">
              <Summary numSequencePoints="1" visitedSequencePoints="1" numBranchPoints="0" visitedBranchPoints="0" sequenceCoverage="100.0" branchCoverage="0" maxCyclomaticComplexity="0" minCyclomaticComplexity="0" maxCrapScore="0" minCrapScore="0" visitedClasses="0" numClasses="0" visitedMethods="1" numMethods="1" />
              <MetadataToken>100663305</MetadataToken>
              <Name>System.Int32 Cell::get_Value()</Name>
              <FileRef uid="4" />
              <SequencePoints>
                <SequencePoint vc="261" uspid="28" ordinal="0" offset="0" sl="35" sc="16" el="35" ec="16" bec="0" bev="0" fileid="4" />
              </SequencePoints>
              <BranchPoints />
            </Method>
            <Method visited="true" cyclomaticComplexity="0" nPathComplexity="0" sequenceCoverage="100.0" branchCoverage="0" crapScore="0" isConstructor="false" isStatic="false" isGetter="false" isSetter="true">
              <Summary numSequencePoints="7" visitedSequencePoints="7" numBranchPoints="0" visitedBranchPoints="0" sequenceCoverage="100.0" branchCoverage="0" maxCyclomaticComplexity="0" minCyclomaticComplexity="0" maxCrapScore="0" minCrapScore="0" visitedClasses="0" numClasses="0" visitedMethods="1" numMethods="1" />
              <MetadataToken>100663306</MetadataToken>
              <Name>System.Void Cell::set_Value(System.Int32)</Name>
              <FileRef uid="4" />
              <SequencePoints>
                <SequencePoint vc="76" uspid="29" ordinal="0" offset="0" sl="37" sc="9" el="37" ec="9" bec="0" bev="0" fileid="4" />
                <SequencePoint vc="76" uspid="30" ordinal="0" offset="1" sl="38" sc="13" el="38" ec="13" bec="0" bev="0" fileid="4" />
                <SequencePoint vc="76" uspid="31" ordinal="0" offset="17" sl="39" sc="13" el="39" ec="13" bec="0" bev="0" fileid="4" />
                <SequencePoint vc="76" uspid="32" ordinal="0" offset="18" sl="40" sc="17" el="40" ec="17" bec="0" bev="0" fileid="4" />
                <SequencePoint vc="76" uspid="33" ordinal="0" offset="25" sl="41" sc="17" el="41" ec="17" bec="0" bev="0" fileid="4" />
                <SequencePoint vc="76" uspid="34" ordinal="0" offset="49" sl="42" sc="13" el="42" ec="13" bec="0" bev="0" fileid="4" />
                <SequencePoint vc="76" uspid="35" ordinal="0" offset="50" sl="43" sc="9" el="43" ec="9" bec="0" bev="0" fileid="4" />
              </SequencePoints>
              <BranchPoints />
            </Method>
            <Method visited="true" cyclomaticComplexity="0" nPathComplexity="0" sequenceCoverage="100.0" branchCoverage="0" crapScore="0" isConstructor="false" isStatic="false" isGetter="true" isSetter="false">
              <Summary numSequencePoints="1" visitedSequencePoints="1" numBranchPoints="0" visitedBranchPoints="0" sequenceCoverage="100.0" branchCoverage="0" maxCyclomaticComplexity="0" minCyclomaticComplexity="0" maxCrapScore="0" minCrapScore="0" visitedClasses="0" numClasses="0" visitedMethods="1" numMethods="1" />
              <MetadataToken>100663307</MetadataToken>
              <Name>UnityEngine.Vector2Int Cell::get_Position()</Name>
              <FileRef uid="4" />
              <SequencePoints>
                <SequencePoint vc="728" uspid="36" ordinal="0" offset="0" sl="51" sc="16" el="51" ec="16" bec="0" bev="0" fileid="4" />
              </SequencePoints>
              <BranchPoints />
            </Method>
            <Method visited="true" cyclomaticComplexity="0" nPathComplexity="0" sequenceCoverage="100.0" branchCoverage="0" crapScore="0" isConstructor="false" isStatic="false" isGetter="false" isSetter="true">
              <Summary numSequencePoints="7" visitedSequencePoints="7" numBranchPoints="0" visitedBranchPoints="0" sequenceCoverage="100.0" branchCoverage="0" maxCyclomaticComplexity="0" minCyclomaticComplexity="0" maxCrapScore="0" minCrapScore="0" visitedClasses="0" numClasses="0" visitedMethods="1" numMethods="1" />
              <MetadataToken>100663308</MetadataToken>
              <Name>System.Void Cell::set_Position(UnityEngine.Vector2Int)</Name>
              <FileRef uid="4" />
              <SequencePoints>
                <SequencePoint vc="78" uspid="37" ordinal="0" offset="0" sl="53" sc="9" el="53" ec="9" bec="0" bev="0" fileid="4" />
                <SequencePoint vc="78" uspid="38" ordinal="0" offset="1" sl="54" sc="13" el="54" ec="13" bec="0" bev="0" fileid="4" />
                <SequencePoint vc="70" uspid="39" ordinal="0" offset="17" sl="55" sc="13" el="55" ec="13" bec="0" bev="0" fileid="4" />
                <SequencePoint vc="70" uspid="40" ordinal="0" offset="18" sl="56" sc="17" el="56" ec="17" bec="0" bev="0" fileid="4" />
                <SequencePoint vc="70" uspid="41" ordinal="0" offset="25" sl="57" sc="17" el="57" ec="17" bec="0" bev="0" fileid="4" />
                <SequencePoint vc="70" uspid="42" ordinal="0" offset="49" sl="58" sc="13" el="58" ec="13" bec="0" bev="0" fileid="4" />
                <SequencePoint vc="78" uspid="43" ordinal="0" offset="50" sl="59" sc="9" el="59" ec="9" bec="0" bev="0" fileid="4" />
              </SequencePoints>
              <BranchPoints />
            </Method>
            <Method visited="true" cyclomaticComplexity="0" nPathComplexity="0" sequenceCoverage="100.0" branchCoverage="0" crapScore="0" isConstructor="false" isStatic="false" isGetter="false" isSetter="false">
              <Summary numSequencePoints="5" visitedSequencePoints="5" numBranchPoints="0" visitedBranchPoints="0" sequenceCoverage="100.0" branchCoverage="0" maxCyclomaticComplexity="0" minCyclomaticComplexity="0" maxCrapScore="0" minCrapScore="0" visitedClasses="0" numClasses="0" visitedMethods="1" numMethods="1" />
              <MetadataToken>100663309</MetadataToken>
              <Name>System.Void Cell::Init(System.Int32, UnityEngine.Vector2Int, UnityEngine.GameObject)</Name>
              <FileRef uid="4" />
              <SequencePoints>
                <SequencePoint vc="71" uspid="44" ordinal="0" offset="0" sl="66" sc="5" el="66" ec="5" bec="0" bev="0" fileid="4" />
                <SequencePoint vc="71" uspid="45" ordinal="0" offset="1" sl="67" sc="9" el="67" ec="9" bec="0" bev="0" fileid="4" />
                <SequencePoint vc="71" uspid="46" ordinal="0" offset="9" sl="68" sc="9" el="68" ec="9" bec="0" bev="0" fileid="4" />
                <SequencePoint vc="71" uspid="47" ordinal="0" offset="17" sl="69" sc="9" el="69" ec="9" bec="0" bev="0" fileid="4" />
                <SequencePoint vc="71" uspid="48" ordinal="0" offset="25" sl="70" sc="5" el="70" ec="5" bec="0" bev="0" fileid="4" />
              </SequencePoints>
              <BranchPoints />
            </Method>
            <Method visited="true" cyclomaticComplexity="0" nPathComplexity="0" sequenceCoverage="100.0" branchCoverage="0" crapScore="0" isConstructor="false" isStatic="true" isGetter="false" isSetter="false">
              <Summary numSequencePoints="3" visitedSequencePoints="3" numBranchPoints="0" visitedBranchPoints="0" sequenceCoverage="100.0" branchCoverage="0" maxCyclomaticComplexity="0" minCyclomaticComplexity="0" maxCrapScore="0" minCrapScore="0" visitedClasses="0" numClasses="0" visitedMethods="1" numMethods="1" />
              <MetadataToken>100663310</MetadataToken>
              <Name>static UnityEngine.Vector2 Cell::GetPos(UnityEngine.Vector2Int)</Name>
              <FileRef uid="4" />
              <SequencePoints>
                <SequencePoint vc="88" uspid="49" ordinal="0" offset="0" sl="76" sc="5" el="76" ec="5" bec="0" bev="0" fileid="4" />
                <SequencePoint vc="88" uspid="50" ordinal="0" offset="1" sl="77" sc="9" el="77" ec="9" bec="0" bev="0" fileid="4" />
                <SequencePoint vc="88" uspid="51" ordinal="0" offset="49" sl="81" sc="5" el="81" ec="5" bec="0" bev="0" fileid="4" />
              </SequencePoints>
              <BranchPoints />
            </Method>
          </Methods>
        </Class>
        <Class>
          <Summary numSequencePoints="38" visitedSequencePoints="38" numBranchPoints="0" visitedBranchPoints="0" sequenceCoverage="100.0" branchCoverage="0.0" maxCyclomaticComplexity="0" minCyclomaticComplexity="0" maxCrapScore="0" minCrapScore="0" visitedClasses="1" numClasses="1" visitedMethods="5" numMethods="5" />
          <FullName>CellView</FullName>
          <Methods>
            <Method visited="true" cyclomaticComplexity="0" nPathComplexity="0" sequenceCoverage="100.0" branchCoverage="0" crapScore="0" isConstructor="false" isStatic="false" isGetter="false" isSetter="false">
              <Summary numSequencePoints="7" visitedSequencePoints="7" numBranchPoints="0" visitedBranchPoints="0" sequenceCoverage="100.0" branchCoverage="0" maxCyclomaticComplexity="0" minCyclomaticComplexity="0" maxCrapScore="0" minCrapScore="0" visitedClasses="0" numClasses="0" visitedMethods="1" numMethods="1" />
              <MetadataToken>100663316</MetadataToken>
              <Name>System.Void CellView::Init(Cell)</Name>
              <FileRef uid="5" />
              <SequencePoints>
                <SequencePoint vc="30" uspid="52" ordinal="0" offset="0" sl="26" sc="5" el="26" ec="5" bec="0" bev="0" fileid="5" />
                <SequencePoint vc="30" uspid="53" ordinal="0" offset="1" sl="27" sc="9" el="27" ec="9" bec="0" bev="0" fileid="5" />
                <SequencePoint vc="30" uspid="54" ordinal="0" offset="8" sl="30" sc="9" el="30" ec="9" bec="0" bev="0" fileid="5" />
                <SequencePoint vc="30" uspid="55" ordinal="0" offset="27" sl="32" sc="9" el="32" ec="9" bec="0" bev="0" fileid="5" />
                <SequencePoint vc="30" uspid="56" ordinal="0" offset="46" sl="35" sc="9" el="35" ec="9" bec="0" bev="0" fileid="5" />
                <SequencePoint vc="30" uspid="57" ordinal="0" offset="64" sl="36" sc="9" el="36" ec="9" bec="0" bev="0" fileid="5" />
                <SequencePoint vc="30" uspid="58" ordinal="0" offset="82" sl="37" sc="5" el="37" ec="5" bec="0" bev="0" fileid="5" />
              </SequencePoints>
              <BranchPoints />
            </Method>
            <Method visited="true" cyclomaticComplexity="0" nPathComplexity="0" sequenceCoverage="100.0" branchCoverage="0" crapScore="0" isConstructor="false" isStatic="false" isGetter="false" isSetter="false">
              <Summary numSequencePoints="5" visitedSequencePoints="5" numBranchPoints="0" visitedBranchPoints="0" sequenceCoverage="100.0" branchCoverage="0" maxCyclomaticComplexity="0" minCyclomaticComplexity="0" maxCrapScore="0" minCrapScore="0" visitedClasses="0" numClasses="0" visitedMethods="1" numMethods="1" />
              <MetadataToken>100663317</MetadataToken>
              <Name>System.Void CellView::UpdateValue(System.Int32)</Name>
              <FileRef uid="5" />
              <SequencePoints>
                <SequencePoint vc="30" uspid="59" ordinal="0" offset="0" sl="43" sc="5" el="43" ec="5" bec="0" bev="0" fileid="5" />
                <SequencePoint vc="30" uspid="60" ordinal="0" offset="1" sl="44" sc="9" el="44" ec="9" bec="0" bev="0" fileid="5" />
                <SequencePoint vc="30" uspid="61" ordinal="0" offset="15" sl="45" sc="9" el="45" ec="9" bec="0" bev="0" fileid="5" />
                <SequencePoint vc="30" uspid="62" ordinal="0" offset="34" sl="48" sc="9" el="48" ec="9" bec="0" bev="0" fileid="5" />
                <SequencePoint vc="30" uspid="63" ordinal="0" offset="41" sl="49" sc="5" el="49" ec="5" bec="0" bev="0" fileid="5" />
              </SequencePoints>
              <BranchPoints />
            </Method>
            <Method visited="true" cyclomaticComplexity="0" nPathComplexity="0" sequenceCoverage="100.0" branchCoverage="0" crapScore="0" isConstructor="false" isStatic="false" isGetter="false" isSetter="false">
              <Summary numSequencePoints="4" visitedSequencePoints="4" numBranchPoints="0" visitedBranchPoints="0" sequenceCoverage="100.0" branchCoverage="0" maxCyclomaticComplexity="0" minCyclomaticComplexity="0" maxCrapScore="0" minCrapScore="0" visitedClasses="0" numClasses="0" visitedMethods="1" numMethods="1" />
              <MetadataToken>100663318</MetadataToken>
              <Name>System.Void CellView::UpdatePosition(UnityEngine.Vector2Int)</Name>
              <FileRef uid="5" />
              <SequencePoints>
                <SequencePoint vc="30" uspid="64" ordinal="0" offset="0" sl="55" sc="5" el="55" ec="5" bec="0" bev="0" fileid="5" />
                <SequencePoint vc="30" uspid="65" ordinal="0" offset="1" sl="56" sc="9" el="56" ec="9" bec="0" bev="0" fileid="5" />
                <SequencePoint vc="30" uspid="66" ordinal="0" offset="8" sl="58" sc="9" el="58" ec="9" bec="0" bev="0" fileid="5" />
                <SequencePoint vc="30" uspid="67" ordinal="0" offset="21" sl="59" sc="5" el="59" ec="5" bec="0" bev="0" fileid="5" />
              </SequencePoints>
              <BranchPoints />
            </Method>
            <Method visited="true" cyclomaticComplexity="0" nPathComplexity="0" sequenceCoverage="100.0" branchCoverage="0" crapScore="0" isConstructor="false" isStatic="false" isGetter="false" isSetter="false">
              <Summary numSequencePoints="7" visitedSequencePoints="7" numBranchPoints="0" visitedBranchPoints="0" sequenceCoverage="100.0" branchCoverage="0" maxCyclomaticComplexity="0" minCyclomaticComplexity="0" maxCrapScore="0" minCrapScore="0" visitedClasses="0" numClasses="0" visitedMethods="1" numMethods="1" />
              <MetadataToken>100663319</MetadataToken>
              <Name>System.Void CellView::OnDestroy()</Name>
              <FileRef uid="5" />
              <SequencePoints>
                <SequencePoint vc="57" uspid="68" ordinal="0" offset="0" sl="65" sc="5" el="65" ec="5" bec="0" bev="0" fileid="5" />
                <SequencePoint vc="57" uspid="69" ordinal="0" offset="1" sl="66" sc="9" el="66" ec="9" bec="0" bev="0" fileid="5" />
                <SequencePoint vc="30" uspid="70" ordinal="0" offset="17" sl="67" sc="9" el="67" ec="9" bec="0" bev="0" fileid="5" />
                <SequencePoint vc="30" uspid="71" ordinal="0" offset="18" sl="68" sc="13" el="68" ec="13" bec="0" bev="0" fileid="5" />
                <SequencePoint vc="30" uspid="72" ordinal="0" offset="42" sl="69" sc="13" el="69" ec="13" bec="0" bev="0" fileid="5" />
                <SequencePoint vc="30" uspid="73" ordinal="0" offset="66" sl="70" sc="9" el="70" ec="9" bec="0" bev="0" fileid="5" />
                <SequencePoint vc="57" uspid="74" ordinal="0" offset="67" sl="71" sc="5" el="71" ec="5" bec="0" bev="0" fileid="5" />
              </SequencePoints>
              <BranchPoints />
            </Method>
            <Method visited="true" cyclomaticComplexity="0" nPathComplexity="0" sequenceCoverage="100.0" branchCoverage="0" crapScore="0" isConstructor="false" isStatic="false" isGetter="false" isSetter="false">
              <Summary numSequencePoints="15" visitedSequencePoints="15" numBranchPoints="0" visitedBranchPoints="0" sequenceCoverage="100.0" branchCoverage="0" maxCyclomaticComplexity="0" minCyclomaticComplexity="0" maxCrapScore="0" minCrapScore="0" visitedClasses="0" numClasses="0" visitedMethods="1" numMethods="1" />
              <MetadataToken>100663320</MetadataToken>
              <Name>System.Void CellView::UpdateColorCell()</Name>
              <FileRef uid="5" />
              <SequencePoints>
                <SequencePoint vc="30" uspid="75" ordinal="0" offset="0" sl="77" sc="5" el="77" ec="5" bec="0" bev="0" fileid="5" />
                <SequencePoint vc="30" uspid="76" ordinal="0" offset="1" sl="78" sc="9" el="78" ec="9" bec="0" bev="0" fileid="5" />
                <SequencePoint vc="29" uspid="77" ordinal="0" offset="40" sl="79" sc="9" el="79" ec="9" bec="0" bev="0" fileid="5" />
                <SequencePoint vc="29" uspid="78" ordinal="0" offset="41" sl="81" sc="13" el="81" ec="13" bec="0" bev="0" fileid="5" />
                <SequencePoint vc="29" uspid="79" ordinal="0" offset="62" sl="83" sc="13" el="83" ec="13" bec="0" bev="0" fileid="5" />
                <SequencePoint vc="29" uspid="80" ordinal="0" offset="84" sl="85" sc="13" el="85" ec="13" bec="0" bev="0" fileid="5" />
                <SequencePoint vc="29" uspid="81" ordinal="0" offset="106" sl="87" sc="13" el="87" ec="13" bec="0" bev="0" fileid="5" />
                <SequencePoint vc="29" uspid="82" ordinal="0" offset="126" sl="88" sc="13" el="88" ec="13" bec="0" bev="0" fileid="5" />
                <SequencePoint vc="29" uspid="83" ordinal="0" offset="146" sl="89" sc="13" el="89" ec="13" bec="0" bev="0" fileid="5" />
                <SequencePoint vc="29" uspid="84" ordinal="0" offset="166" sl="91" sc="13" el="91" ec="13" bec="0" bev="0" fileid="5" />
                <SequencePoint vc="29" uspid="85" ordinal="0" offset="189" sl="92" sc="9" el="92" ec="9" bec="0" bev="0" fileid="5" />
                <SequencePoint vc="1" uspid="86" ordinal="0" offset="192" sl="94" sc="9" el="94" ec="9" bec="0" bev="0" fileid="5" />
                <SequencePoint vc="1" uspid="87" ordinal="0" offset="193" sl="96" sc="13" el="96" ec="13" bec="0" bev="0" fileid="5" />
                <SequencePoint vc="1" uspid="88" ordinal="0" offset="210" sl="97" sc="9" el="97" ec="9" bec="0" bev="0" fileid="5" />
                <SequencePoint vc="30" uspid="89" ordinal="0" offset="211" sl="98" sc="5" el="98" ec="5" bec="0" bev="0" fileid="5" />
              </SequencePoints>
              <BranchPoints />
            </Method>
          </Methods>
        </Class>
        <Class>
          <Summary numSequencePoints="102" visitedSequencePoints="98" numBranchPoints="0" visitedBranchPoints="0" sequenceCoverage="96.08" branchCoverage="0.0" maxCyclomaticComplexity="0" minCyclomaticComplexity="0" maxCrapScore="0" minCrapScore="0" visitedClasses="1" numClasses="1" visitedMethods="9" numMethods="9" />
          <FullName>GameField</FullName>
          <Methods>
            <Method visited="true" cyclomaticComplexity="0" nPathComplexity="0" sequenceCoverage="100.0" branchCoverage="0" crapScore="0" isConstructor="false" isStatic="false" isGetter="false" isSetter="false">
              <Summary numSequencePoints="27" visitedSequencePoints="27" numBranchPoints="0" visitedBranchPoints="0" sequenceCoverage="100.0" branchCoverage="0" maxCyclomaticComplexity="0" minCyclomaticComplexity="0" maxCrapScore="0" minCrapScore="0" visitedClasses="0" numClasses="0" visitedMethods="1" numMethods="1" />
              <MetadataToken>100663322</MetadataToken>
              <Name>System.Void GameField::Start()</Name>
              <FileRef uid="6" />
              <SequencePoints>
                <SequencePoint vc="10" uspid="90" ordinal="0" offset="0" sl="40" sc="5" el="40" ec="5" bec="0" bev="0" fileid="6" />
                <SequencePoint vc="10" uspid="91" ordinal="0" offset="1" sl="41" sc="9" el="41" ec="9" bec="0" bev="0" fileid="6" />
                <SequencePoint vc="10" uspid="92" ordinal="0" offset="33" sl="46" sc="9" el="46" ec="9" bec="0" bev="0" fileid="6" />
                <SequencePoint vc="10" uspid="93" ordinal="0" offset="56" sl="49" sc="9" el="49" ec="9" bec="0" bev="0" fileid="6" />
                <SequencePoint vc="10" uspid="94" ordinal="0" offset="79" sl="51" sc="9" el="51" ec="9" bec="0" bev="0" fileid="6" />
                <SequencePoint vc="5" uspid="95" ordinal="0" offset="95" sl="52" sc="9" el="52" ec="9" bec="0" bev="0" fileid="6" />
                <SequencePoint vc="5" uspid="96" ordinal="0" offset="96" sl="54" sc="18" el="54" ec="18" bec="0" bev="0" fileid="6" />
                <SequencePoint vc="20" uspid="97" ordinal="0" offset="100" sl="55" sc="13" el="55" ec="13" bec="0" bev="0" fileid="6" />
                <SequencePoint vc="20" uspid="98" ordinal="0" offset="101" sl="56" sc="22" el="56" ec="22" bec="0" bev="0" fileid="6" />
                <SequencePoint vc="80" uspid="99" ordinal="0" offset="105" sl="57" sc="17" el="57" ec="17" bec="0" bev="0" fileid="6" />
                <SequencePoint vc="80" uspid="100" ordinal="0" offset="106" sl="58" sc="21" el="58" ec="21" bec="0" bev="0" fileid="6" />
                <SequencePoint vc="35" uspid="101" ordinal="0" offset="131" sl="59" sc="21" el="59" ec="21" bec="0" bev="0" fileid="6" />
                <SequencePoint vc="35" uspid="102" ordinal="0" offset="132" sl="60" sc="25" el="60" ec="25" bec="0" bev="0" fileid="6" />
                <SequencePoint vc="35" uspid="103" ordinal="0" offset="170" sl="61" sc="21" el="61" ec="21" bec="0" bev="0" fileid="6" />
                <SequencePoint vc="80" uspid="104" ordinal="0" offset="171" sl="62" sc="17" el="62" ec="17" bec="0" bev="0" fileid="6" />
                <SequencePoint vc="80" uspid="105" ordinal="0" offset="172" sl="56" sc="47" el="56" ec="47" bec="0" bev="0" fileid="6" />
                <SequencePoint vc="100" uspid="106" ordinal="0" offset="176" sl="56" sc="33" el="56" ec="33" bec="0" bev="0" fileid="6" />
                <SequencePoint vc="20" uspid="107" ordinal="0" offset="191" sl="63" sc="13" el="63" ec="13" bec="0" bev="0" fileid="6" />
                <SequencePoint vc="20" uspid="108" ordinal="0" offset="192" sl="54" sc="43" el="54" ec="43" bec="0" bev="0" fileid="6" />
                <SequencePoint vc="25" uspid="109" ordinal="0" offset="196" sl="54" sc="29" el="54" ec="29" bec="0" bev="0" fileid="6" />
                <SequencePoint vc="5" uspid="110" ordinal="0" offset="211" sl="64" sc="13" el="64" ec="13" bec="0" bev="0" fileid="6" />
                <SequencePoint vc="5" uspid="111" ordinal="0" offset="240" sl="65" sc="9" el="65" ec="9" bec="0" bev="0" fileid="6" />
                <SequencePoint vc="5" uspid="112" ordinal="0" offset="243" sl="67" sc="9" el="67" ec="9" bec="0" bev="0" fileid="6" />
                <SequencePoint vc="5" uspid="113" ordinal="0" offset="244" sl="68" sc="13" el="68" ec="13" bec="0" bev="0" fileid="6" />
                <SequencePoint vc="5" uspid="114" ordinal="0" offset="251" sl="69" sc="9" el="69" ec="9" bec="0" bev="0" fileid="6" />
                <SequencePoint vc="10" uspid="115" ordinal="0" offset="252" sl="71" sc="9" el="71" ec="9" bec="0" bev="0" fileid="6" />
                <SequencePoint vc="10" uspid="116" ordinal="0" offset="276" sl="72" sc="5" el="72" ec="5" bec="0" bev="0" fileid="6" />
              </SequencePoints>
              <BranchPoints />
            </Method>
            <Method visited="true" cyclomaticComplexity="0" nPathComplexity="0" sequenceCoverage="100.0" branchCoverage="0" crapScore="0" isConstructor="false" isStatic="false" isGetter="false" isSetter="false">
              <Summary numSequencePoints="3" visitedSequencePoints="3" numBranchPoints="0" visitedBranchPoints="0" sequenceCoverage="100.0" branchCoverage="0" maxCyclomaticComplexity="0" minCyclomaticComplexity="0" maxCrapScore="0" minCrapScore="0" visitedClasses="0" numClasses="0" visitedMethods="1" numMethods="1" />
              <MetadataToken>100663323</MetadataToken>
              <Name>System.Void GameField::UpdateScoreText()</Name>
              <FileRef uid="6" />
              <SequencePoints>
                <SequencePoint vc="21" uspid="117" ordinal="0" offset="0" sl="78" sc="5" el="78" ec="5" bec="0" bev="0" fileid="6" />
                <SequencePoint vc="21" uspid="118" ordinal="0" offset="1" sl="79" sc="9" el="79" ec="9" bec="0" bev="0" fileid="6" />
                <SequencePoint vc="21" uspid="119" ordinal="0" offset="25" sl="80" sc="5" el="80" ec="5" bec="0" bev="0" fileid="6" />
              </SequencePoints>
              <BranchPoints />
            </Method>
            <Method visited="true" cyclomaticComplexity="0" nPathComplexity="0" sequenceCoverage="100.0" branchCoverage="0" crapScore="0" isConstructor="false" isStatic="false" isGetter="false" isSetter="false">
              <Summary numSequencePoints="21" visitedSequencePoints="21" numBranchPoints="0" visitedBranchPoints="0" sequenceCoverage="100.0" branchCoverage="0" maxCyclomaticComplexity="0" minCyclomaticComplexity="0" maxCrapScore="0" minCrapScore="0" visitedClasses="0" numClasses="0" visitedMethods="1" numMethods="1" />
              <MetadataToken>100663324</MetadataToken>
              <Name>UnityEngine.Vector2Int GameField::GetEmptyPosition()</Name>
              <FileRef uid="6" />
              <SequencePoints>
                <SequencePoint vc="18" uspid="120" ordinal="0" offset="0" sl="87" sc="5" el="87" ec="5" bec="0" bev="0" fileid="6" />
                <SequencePoint vc="18" uspid="121" ordinal="0" offset="1" sl="88" sc="9" el="88" ec="9" bec="0" bev="0" fileid="6" />
                <SequencePoint vc="18" uspid="122" ordinal="0" offset="7" sl="90" sc="14" el="90" ec="14" bec="0" bev="0" fileid="6" />
                <SequencePoint vc="72" uspid="123" ordinal="0" offset="11" sl="91" sc="9" el="91" ec="9" bec="0" bev="0" fileid="6" />
                <SequencePoint vc="72" uspid="124" ordinal="0" offset="12" sl="92" sc="18" el="92" ec="18" bec="0" bev="0" fileid="6" />
                <SequencePoint vc="288" uspid="125" ordinal="0" offset="16" sl="93" sc="13" el="93" ec="13" bec="0" bev="0" fileid="6" />
                <SequencePoint vc="288" uspid="126" ordinal="0" offset="17" sl="94" sc="17" el="94" ec="17" bec="0" bev="0" fileid="6" />
                <SequencePoint vc="244" uspid="127" ordinal="0" offset="37" sl="95" sc="17" el="95" ec="17" bec="0" bev="0" fileid="6" />
                <SequencePoint vc="244" uspid="128" ordinal="0" offset="38" sl="96" sc="21" el="96" ec="21" bec="0" bev="0" fileid="6" />
                <SequencePoint vc="244" uspid="129" ordinal="0" offset="52" sl="97" sc="17" el="97" ec="17" bec="0" bev="0" fileid="6" />
                <SequencePoint vc="288" uspid="130" ordinal="0" offset="53" sl="98" sc="13" el="98" ec="13" bec="0" bev="0" fileid="6" />
                <SequencePoint vc="288" uspid="131" ordinal="0" offset="54" sl="92" sc="43" el="92" ec="43" bec="0" bev="0" fileid="6" />
                <SequencePoint vc="360" uspid="132" ordinal="0" offset="58" sl="92" sc="29" el="92" ec="29" bec="0" bev="0" fileid="6" />
                <SequencePoint vc="72" uspid="133" ordinal="0" offset="73" sl="99" sc="9" el="99" ec="9" bec="0" bev="0" fileid="6" />
                <SequencePoint vc="72" uspid="134" ordinal="0" offset="74" sl="90" sc="39" el="90" ec="39" bec="0" bev="0" fileid="6" />
                <SequencePoint vc="90" uspid="135" ordinal="0" offset="78" sl="90" sc="25" el="90" ec="25" bec="0" bev="0" fileid="6" />
                <SequencePoint vc="18" uspid="136" ordinal="0" offset="93" sl="100" sc="9" el="100" ec="9" bec="0" bev="0" fileid="6" />
                <SequencePoint vc="16" uspid="137" ordinal="0" offset="108" sl="101" sc="9" el="101" ec="9" bec="0" bev="0" fileid="6" />
                <SequencePoint vc="16" uspid="138" ordinal="0" offset="109" sl="102" sc="13" el="102" ec="13" bec="0" bev="0" fileid="6" />
                <SequencePoint vc="2" uspid="139" ordinal="0" offset="131" sl="105" sc="9" el="105" ec="9" bec="0" bev="0" fileid="6" />
                <SequencePoint vc="18" uspid="140" ordinal="0" offset="142" sl="106" sc="5" el="106" ec="5" bec="0" bev="0" fileid="6" />
              </SequencePoints>
              <BranchPoints />
            </Method>
            <Method visited="true" cyclomaticComplexity="0" nPathComplexity="0" sequenceCoverage="100.0" branchCoverage="0" crapScore="0" isConstructor="false" isStatic="false" isGetter="true" isSetter="false">
              <Summary numSequencePoints="1" visitedSequencePoints="1" numBranchPoints="0" visitedBranchPoints="0" sequenceCoverage="100.0" branchCoverage="0" maxCyclomaticComplexity="0" minCyclomaticComplexity="0" maxCrapScore="0" minCrapScore="0" visitedClasses="0" numClasses="0" visitedMethods="1" numMethods="1" />
              <MetadataToken>100663327</MetadataToken>
              <Name>System.Boolean GameField::get_IsDoingAnim()</Name>
              <FileRef uid="6" />
              <SequencePoints>
                <SequencePoint vc="1" uspid="141" ordinal="0" offset="0" sl="198" sc="32" el="198" ec="32" bec="0" bev="0" fileid="6" />
              </SequencePoints>
              <BranchPoints />
            </Method>
            <Method visited="true" cyclomaticComplexity="0" nPathComplexity="0" sequenceCoverage="100.0" branchCoverage="0" crapScore="0" isConstructor="false" isStatic="false" isGetter="false" isSetter="false">
              <Summary numSequencePoints="16" visitedSequencePoints="16" numBranchPoints="0" visitedBranchPoints="0" sequenceCoverage="100.0" branchCoverage="0" maxCyclomaticComplexity="0" minCyclomaticComplexity="0" maxCrapScore="0" minCrapScore="0" visitedClasses="0" numClasses="0" visitedMethods="1" numMethods="1" />
              <MetadataToken>100663330</MetadataToken>
              <Name>System.Collections.Generic.List[Cell] GameField::GetSortedCells(UnityEngine.Vector2, System.Boolean)</Name>
              <FileRef uid="6" />
              <SequencePoints>
                <SequencePoint vc="4" uspid="142" ordinal="0" offset="0" sl="302" sc="5" el="302" ec="5" bec="0" bev="0" fileid="6" />
                <SequencePoint vc="4" uspid="143" ordinal="0" offset="1" sl="303" sc="9" el="303" ec="9" bec="0" bev="0" fileid="6" />
                <SequencePoint vc="4" uspid="144" ordinal="0" offset="13" sl="304" sc="9" el="304" ec="9" bec="0" bev="0" fileid="6" />
                <SequencePoint vc="1" uspid="145" ordinal="0" offset="44" sl="305" sc="9" el="305" ec="9" bec="0" bev="0" fileid="6" />
                <SequencePoint vc="1" uspid="146" ordinal="0" offset="45" sl="306" sc="13" el="306" ec="13" bec="0" bev="0" fileid="6" />
                <SequencePoint vc="1" uspid="147" ordinal="0" offset="83" sl="308" sc="9" el="308" ec="9" bec="0" bev="0" fileid="6" />
                <SequencePoint vc="3" uspid="148" ordinal="0" offset="86" sl="309" sc="14" el="309" ec="14" bec="0" bev="0" fileid="6" />
                <SequencePoint vc="3" uspid="149" ordinal="0" offset="117" sl="310" sc="9" el="310" ec="9" bec="0" bev="0" fileid="6" />
                <SequencePoint vc="3" uspid="150" ordinal="0" offset="118" sl="311" sc="13" el="311" ec="13" bec="0" bev="0" fileid="6" />
                <SequencePoint vc="3" uspid="151" ordinal="0" offset="156" sl="313" sc="9" el="313" ec="9" bec="0" bev="0" fileid="6" />
                <SequencePoint vc="4" uspid="152" ordinal="0" offset="157" sl="314" sc="9" el="314" ec="9" bec="0" bev="0" fileid="6" />
                <SequencePoint vc="2" uspid="153" ordinal="0" offset="162" sl="315" sc="9" el="315" ec="9" bec="0" bev="0" fileid="6" />
                <SequencePoint vc="2" uspid="154" ordinal="0" offset="163" sl="316" sc="13" el="316" ec="13" bec="0" bev="0" fileid="6" />
                <SequencePoint vc="2" uspid="155" ordinal="0" offset="170" sl="317" sc="9" el="317" ec="9" bec="0" bev="0" fileid="6" />
                <SequencePoint vc="4" uspid="156" ordinal="0" offset="171" sl="318" sc="9" el="318" ec="9" bec="0" bev="0" fileid="6" />
                <SequencePoint vc="4" uspid="157" ordinal="0" offset="176" sl="319" sc="5" el="319" ec="5" bec="0" bev="0" fileid="6" />
              </SequencePoints>
              <BranchPoints />
            </Method>
            <Method visited="true" cyclomaticComplexity="0" nPathComplexity="0" sequenceCoverage="100.0" branchCoverage="0" crapScore="0" isConstructor="false" isStatic="false" isGetter="false" isSetter="false">
              <Summary numSequencePoints="3" visitedSequencePoints="3" numBranchPoints="0" visitedBranchPoints="0" sequenceCoverage="100.0" branchCoverage="0" maxCyclomaticComplexity="0" minCyclomaticComplexity="0" maxCrapScore="0" minCrapScore="0" visitedClasses="0" numClasses="0" visitedMethods="1" numMethods="1" />
              <MetadataToken>100663331</MetadataToken>
              <Name>System.Void GameField::CheckGameOver()</Name>
              <FileRef uid="6" />
              <SequencePoints>
                <SequencePoint vc="3" uspid="158" ordinal="0" offset="0" sl="325" sc="5" el="325" ec="5" bec="0" bev="0" fileid="6" />
                <SequencePoint vc="3" uspid="159" ordinal="0" offset="1" sl="326" sc="9" el="326" ec="9" bec="0" bev="0" fileid="6" />
                <SequencePoint vc="3" uspid="160" ordinal="0" offset="14" sl="327" sc="5" el="327" ec="5" bec="0" bev="0" fileid="6" />
              </SequencePoints>
              <BranchPoints />
            </Method>
            <Method visited="true" cyclomaticComplexity="0" nPathComplexity="0" sequenceCoverage="100.0" branchCoverage="0" crapScore="0" isConstructor="false" isStatic="false" isGetter="false" isSetter="false">
              <Summary numSequencePoints="17" visitedSequencePoints="17" numBranchPoints="0" visitedBranchPoints="0" sequenceCoverage="100.0" branchCoverage="0" maxCyclomaticComplexity="0" minCyclomaticComplexity="0" maxCrapScore="0" minCrapScore="0" visitedClasses="0" numClasses="0" visitedMethods="1" numMethods="1" />
              <MetadataToken>100663333</MetadataToken>
              <Name>System.Void GameField::StartNewGame()</Name>
              <FileRef uid="6" />
              <SequencePoints>
                <SequencePoint vc="6" uspid="161" ordinal="0" offset="0" sl="396" sc="5" el="396" ec="5" bec="0" bev="0" fileid="6" />
                <SequencePoint vc="6" uspid="162" ordinal="0" offset="1" sl="397" sc="9" el="397" ec="9" bec="0" bev="0" fileid="6" />
                <SequencePoint vc="6" uspid="163" ordinal="0" offset="8" sl="398" sc="9" el="398" ec="9" bec="0" bev="0" fileid="6" />
                <SequencePoint vc="6" uspid="164" ordinal="0" offset="15" sl="400" sc="9" el="400" ec="9" bec="0" bev="0" fileid="6" />
                <SequencePoint vc="6" uspid="165" ordinal="0" offset="16" sl="400" sc="31" el="400" ec="31" bec="0" bev="0" fileid="6" />
                <SequencePoint vc="3" uspid="166" ordinal="0" offset="30" sl="400" sc="18" el="400" ec="18" bec="0" bev="0" fileid="6" />
                <SequencePoint vc="3" uspid="167" ordinal="0" offset="38" sl="401" sc="9" el="401" ec="9" bec="0" bev="0" fileid="6" />
                <SequencePoint vc="3" uspid="168" ordinal="0" offset="39" sl="402" sc="13" el="402" ec="13" bec="0" bev="0" fileid="6" />
                <SequencePoint vc="3" uspid="169" ordinal="0" offset="51" sl="403" sc="9" el="403" ec="9" bec="0" bev="0" fileid="6" />
                <SequencePoint vc="9" uspid="170" ordinal="0" offset="52" sl="400" sc="28" el="400" ec="28" bec="0" bev="0" fileid="6" />
                <SequencePoint vc="6" uspid="171" ordinal="0" offset="78" sl="404" sc="9" el="404" ec="9" bec="0" bev="0" fileid="6" />
                <SequencePoint vc="6" uspid="172" ordinal="0" offset="90" sl="407" sc="9" el="407" ec="9" bec="0" bev="0" fileid="6" />
                <SequencePoint vc="6" uspid="173" ordinal="0" offset="157" sl="414" sc="9" el="414" ec="9" bec="0" bev="0" fileid="6" />
                <SequencePoint vc="6" uspid="174" ordinal="0" offset="180" sl="415" sc="9" el="415" ec="9" bec="0" bev="0" fileid="6" />
                <SequencePoint vc="6" uspid="175" ordinal="0" offset="198" sl="416" sc="9" el="416" ec="9" bec="0" bev="0" fileid="6" />
                <SequencePoint vc="6" uspid="176" ordinal="0" offset="216" sl="418" sc="9" el="418" ec="9" bec="0" bev="0" fileid="6" />
                <SequencePoint vc="6" uspid="177" ordinal="0" offset="223" sl="419" sc="5" el="419" ec="5" bec="0" bev="0" fileid="6" />
              </SequencePoints>
              <BranchPoints />
            </Method>
            <Method visited="true" cyclomaticComplexity="0" nPathComplexity="0" sequenceCoverage="55.56" branchCoverage="0" crapScore="0" isConstructor="false" isStatic="false" isGetter="false" isSetter="false">
              <Summary numSequencePoints="9" visitedSequencePoints="5" numBranchPoints="0" visitedBranchPoints="0" sequenceCoverage="55.56" branchCoverage="0" maxCyclomaticComplexity="0" minCyclomaticComplexity="0" maxCrapScore="0" minCrapScore="0" visitedClasses="0" numClasses="0" visitedMethods="1" numMethods="1" />
              <MetadataToken>100663334</MetadataToken>
              <Name>System.Void GameField::ResetGame()</Name>
              <FileRef uid="6" />
              <SequencePoints>
                <SequencePoint vc="1" uspid="178" ordinal="0" offset="0" sl="425" sc="5" el="425" ec="5" bec="0" bev="0" fileid="6" />
                <SequencePoint vc="1" uspid="179" ordinal="0" offset="1" sl="426" sc="9" el="426" ec="9" bec="0" bev="0" fileid="6" />
                <SequencePoint vc="0" uspid="180" ordinal="0" offset="24" sl="427" sc="9" el="427" ec="9" bec="0" bev="0" fileid="6" />
                <SequencePoint vc="0" uspid="181" ordinal="0" offset="25" sl="428" sc="13" el="428" ec="13" bec="0" bev="0" fileid="6" />
                <SequencePoint vc="0" uspid="182" ordinal="0" offset="42" sl="429" sc="13" el="429" ec="13" bec="0" bev="0" fileid="6" />
                <SequencePoint vc="0" uspid="183" ordinal="0" offset="71" sl="430" sc="9" el="430" ec="9" bec="0" bev="0" fileid="6" />
                <SequencePoint vc="1" uspid="184" ordinal="0" offset="72" sl="431" sc="9" el="431" ec="9" bec="0" bev="0" fileid="6" />
                <SequencePoint vc="1" uspid="185" ordinal="0" offset="83" sl="433" sc="9" el="433" ec="9" bec="0" bev="0" fileid="6" />
                <SequencePoint vc="1" uspid="186" ordinal="0" offset="90" sl="434" sc="5" el="434" ec="5" bec="0" bev="0" fileid="6" />
              </SequencePoints>
              <BranchPoints />
            </Method>
            <Method visited="true" cyclomaticComplexity="0" nPathComplexity="0" sequenceCoverage="100.0" branchCoverage="0" crapScore="0" isConstructor="true" isStatic="false" isGetter="false" isSetter="false">
              <Summary numSequencePoints="5" visitedSequencePoints="5" numBranchPoints="0" visitedBranchPoints="0" sequenceCoverage="100.0" branchCoverage="0" maxCyclomaticComplexity="0" minCyclomaticComplexity="0" maxCrapScore="0" minCrapScore="0" visitedClasses="0" numClasses="0" visitedMethods="1" numMethods="1" />
              <MetadataToken>100663336</MetadataToken>
              <Name>GameField::GameField()</Name>
              <FileRef uid="6" />
              <SequencePoints>
                <SequencePoint vc="14" uspid="190" ordinal="0" offset="0" sl="12" sc="5" el="12" ec="5" bec="0" bev="0" fileid="6" />
                <SequencePoint vc="14" uspid="191" ordinal="0" offset="7" sl="22" sc="5" el="22" ec="5" bec="0" bev="0" fileid="6" />
                <SequencePoint vc="14" uspid="192" ordinal="0" offset="18" sl="27" sc="5" el="27" ec="5" bec="0" bev="0" fileid="6" />
                <SequencePoint vc="14" uspid="193" ordinal="0" offset="29" sl="29" sc="5" el="29" ec="5" bec="0" bev="0" fileid="6" />
                <SequencePoint vc="14" uspid="194" ordinal="0" offset="36" sl="34" sc="5" el="34" ec="5" bec="0" bev="0" fileid="6" />
              </SequencePoints>
              <BranchPoints />
            </Method>
          </Methods>
        </Class>
        <Class>
          <Summary numSequencePoints="47" visitedSequencePoints="47" numBranchPoints="0" visitedBranchPoints="0" sequenceCoverage="100.0" branchCoverage="0.0" maxCyclomaticComplexity="0" minCyclomaticComplexity="0" maxCrapScore="0" minCrapScore="0" visitedClasses="1" numClasses="1" visitedMethods="17" numMethods="17" />
          <FullName>PlayerInput</FullName>
          <Methods>
            <Method visited="true" cyclomaticComplexity="0" nPathComplexity="0" sequenceCoverage="100.0" branchCoverage="0" crapScore="0" isConstructor="false" isStatic="false" isGetter="true" isSetter="false">
              <Summary numSequencePoints="1" visitedSequencePoints="1" numBranchPoints="0" visitedBranchPoints="0" sequenceCoverage="100.0" branchCoverage="0" maxCyclomaticComplexity="0" minCyclomaticComplexity="0" maxCrapScore="0" minCrapScore="0" visitedClasses="0" numClasses="0" visitedMethods="1" numMethods="1" />
              <MetadataToken>100663338</MetadataToken>
              <Name>UnityEngine.InputSystem.InputActionAsset PlayerInput::get_asset()</Name>
              <FileRef uid="7" />
              <SequencePoints>
                <SequencePoint vc="43" uspid="195" ordinal="0" offset="0" sl="20" sc="37" el="20" ec="37" bec="0" bev="0" fileid="7" />
              </SequencePoints>
              <BranchPoints />
            </Method>
            <Method visited="true" cyclomaticComplexity="0" nPathComplexity="0" sequenceCoverage="100.0" branchCoverage="0" crapScore="0" isConstructor="false" isStatic="false" isGetter="false" isSetter="false">
              <Summary numSequencePoints="5" visitedSequencePoints="5" numBranchPoints="0" visitedBranchPoints="0" sequenceCoverage="100.0" branchCoverage="0" maxCyclomaticComplexity="0" minCyclomaticComplexity="0" maxCrapScore="0" minCrapScore="0" visitedClasses="0" numClasses="0" visitedMethods="1" numMethods="1" />
              <MetadataToken>100663340</MetadataToken>
              <Name>System.Void PlayerInput::Finalize()</Name>
              <FileRef uid="7" />
              <SequencePoints>
                <SequencePoint vc="16" uspid="196" ordinal="0" offset="0" sl="244" sc="5" el="244" ec="5" bec="0" bev="0" fileid="7" />
                <SequencePoint vc="16" uspid="197" ordinal="0" offset="1" sl="244" sc="5" el="244" ec="5" bec="0" bev="0" fileid="7" />
                <SequencePoint vc="16" uspid="198" ordinal="0" offset="2" sl="245" sc="9" el="245" ec="9" bec="0" bev="0" fileid="7" />
                <SequencePoint vc="16" uspid="199" ordinal="0" offset="29" sl="246" sc="5" el="246" ec="5" bec="0" bev="0" fileid="7" />
                <SequencePoint vc="16" uspid="200" ordinal="0" offset="37" sl="246" sc="5" el="246" ec="5" bec="0" bev="0" fileid="7" />
              </SequencePoints>
              <BranchPoints />
            </Method>
            <Method visited="true" cyclomaticComplexity="0" nPathComplexity="0" sequenceCoverage="100.0" branchCoverage="0" crapScore="0" isConstructor="false" isStatic="false" isGetter="false" isSetter="false">
              <Summary numSequencePoints="3" visitedSequencePoints="3" numBranchPoints="0" visitedBranchPoints="0" sequenceCoverage="100.0" branchCoverage="0" maxCyclomaticComplexity="0" minCyclomaticComplexity="0" maxCrapScore="0" minCrapScore="0" visitedClasses="0" numClasses="0" visitedMethods="1" numMethods="1" />
              <MetadataToken>100663341</MetadataToken>
              <Name>System.Void PlayerInput::Dispose()</Name>
              <FileRef uid="7" />
              <SequencePoints>
                <SequencePoint vc="12" uspid="201" ordinal="0" offset="0" sl="249" sc="5" el="249" ec="5" bec="0" bev="0" fileid="7" />
                <SequencePoint vc="12" uspid="202" ordinal="0" offset="1" sl="250" sc="9" el="250" ec="9" bec="0" bev="0" fileid="7" />
                <SequencePoint vc="12" uspid="203" ordinal="0" offset="13" sl="251" sc="5" el="251" ec="5" bec="0" bev="0" fileid="7" />
              </SequencePoints>
              <BranchPoints />
            </Method>
            <Method visited="true" cyclomaticComplexity="0" nPathComplexity="0" sequenceCoverage="100.0" branchCoverage="0" crapScore="0" isConstructor="false" isStatic="false" isGetter="true" isSetter="false">
              <Summary numSequencePoints="1" visitedSequencePoints="1" numBranchPoints="0" visitedBranchPoints="0" sequenceCoverage="100.0" branchCoverage="0" maxCyclomaticComplexity="0" minCyclomaticComplexity="0" maxCrapScore="0" minCrapScore="0" visitedClasses="0" numClasses="0" visitedMethods="1" numMethods="1" />
              <MetadataToken>100663342</MetadataToken>
              <Name>System.Nullable[InputBinding] PlayerInput::get_bindingMask()</Name>
              <FileRef uid="7" />
              <SequencePoints>
                <SequencePoint vc="1" uspid="204" ordinal="0" offset="0" sl="255" sc="16" el="255" ec="16" bec="0" bev="0" fileid="7" />
              </SequencePoints>
              <BranchPoints />
            </Method>
            <Method visited="true" cyclomaticComplexity="0" nPathComplexity="0" sequenceCoverage="100.0" branchCoverage="0" crapScore="0" isConstructor="false" isStatic="false" isGetter="false" isSetter="true">
              <Summary numSequencePoints="1" visitedSequencePoints="1" numBranchPoints="0" visitedBranchPoints="0" sequenceCoverage="100.0" branchCoverage="0" maxCyclomaticComplexity="0" minCyclomaticComplexity="0" maxCrapScore="0" minCrapScore="0" visitedClasses="0" numClasses="0" visitedMethods="1" numMethods="1" />
              <MetadataToken>100663343</MetadataToken>
              <Name>System.Void PlayerInput::set_bindingMask(System.Nullable[InputBinding])</Name>
              <FileRef uid="7" />
              <SequencePoints>
                <SequencePoint vc="1" uspid="205" ordinal="0" offset="0" sl="256" sc="16" el="256" ec="16" bec="0" bev="0" fileid="7" />
              </SequencePoints>
              <BranchPoints />
            </Method>
            <Method visited="true" cyclomaticComplexity="0" nPathComplexity="0" sequenceCoverage="100.0" branchCoverage="0" crapScore="0" isConstructor="false" isStatic="false" isGetter="true" isSetter="false">
              <Summary numSequencePoints="1" visitedSequencePoints="1" numBranchPoints="0" visitedBranchPoints="0" sequenceCoverage="100.0" branchCoverage="0" maxCyclomaticComplexity="0" minCyclomaticComplexity="0" maxCrapScore="0" minCrapScore="0" visitedClasses="0" numClasses="0" visitedMethods="1" numMethods="1" />
              <MetadataToken>100663344</MetadataToken>
              <Name>System.Nullable[ReadOnlyArray`1] PlayerInput::get_devices()</Name>
              <FileRef uid="7" />
              <SequencePoints>
                <SequencePoint vc="1" uspid="206" ordinal="0" offset="0" sl="261" sc="16" el="261" ec="16" bec="0" bev="0" fileid="7" />
              </SequencePoints>
              <BranchPoints />
            </Method>
            <Method visited="true" cyclomaticComplexity="0" nPathComplexity="0" sequenceCoverage="100.0" branchCoverage="0" crapScore="0" isConstructor="false" isStatic="false" isGetter="false" isSetter="true">
              <Summary numSequencePoints="1" visitedSequencePoints="1" numBranchPoints="0" visitedBranchPoints="0" sequenceCoverage="100.0" branchCoverage="0" maxCyclomaticComplexity="0" minCyclomaticComplexity="0" maxCrapScore="0" minCrapScore="0" visitedClasses="0" numClasses="0" visitedMethods="1" numMethods="1" />
              <MetadataToken>100663345</MetadataToken>
              <Name>System.Void PlayerInput::set_devices(System.Nullable[ReadOnlyArray`1])</Name>
              <FileRef uid="7" />
              <SequencePoints>
                <SequencePoint vc="1" uspid="207" ordinal="0" offset="0" sl="262" sc="16" el="262" ec="16" bec="0" bev="0" fileid="7" />
              </SequencePoints>
              <BranchPoints />
            </Method>
            <Method visited="true" cyclomaticComplexity="0" nPathComplexity="0" sequenceCoverage="100.0" branchCoverage="0" crapScore="0" isConstructor="false" isStatic="false" isGetter="true" isSetter="false">
              <Summary numSequencePoints="1" visitedSequencePoints="1" numBranchPoints="0" visitedBranchPoints="0" sequenceCoverage="100.0" branchCoverage="0" maxCyclomaticComplexity="0" minCyclomaticComplexity="0" maxCrapScore="0" minCrapScore="0" visitedClasses="0" numClasses="0" visitedMethods="1" numMethods="1" />
              <MetadataToken>100663346</MetadataToken>
              <Name>UnityEngine.InputSystem.Utilities.ReadOnlyArray[InputControlScheme] PlayerInput::get_controlSchemes()</Name>
              <FileRef uid="7" />
              <SequencePoints>
                <SequencePoint vc="1" uspid="208" ordinal="0" offset="0" sl="265" sc="64" el="265" ec="64" bec="0" bev="0" fileid="7" />
              </SequencePoints>
              <BranchPoints />
            </Method>
            <Method visited="true" cyclomaticComplexity="0" nPathComplexity="0" sequenceCoverage="100.0" branchCoverage="0" crapScore="0" isConstructor="false" isStatic="false" isGetter="false" isSetter="false">
              <Summary numSequencePoints="3" visitedSequencePoints="3" numBranchPoints="0" visitedBranchPoints="0" sequenceCoverage="100.0" branchCoverage="0" maxCyclomaticComplexity="0" minCyclomaticComplexity="0" maxCrapScore="0" minCrapScore="0" visitedClasses="0" numClasses="0" visitedMethods="1" numMethods="1" />
              <MetadataToken>100663347</MetadataToken>
              <Name>System.Boolean PlayerInput::Contains(UnityEngine.InputSystem.InputAction)</Name>
              <FileRef uid="7" />
              <SequencePoints>
                <SequencePoint vc="1" uspid="209" ordinal="0" offset="0" sl="268" sc="5" el="268" ec="5" bec="0" bev="0" fileid="7" />
                <SequencePoint vc="1" uspid="210" ordinal="0" offset="1" sl="269" sc="9" el="269" ec="9" bec="0" bev="0" fileid="7" />
                <SequencePoint vc="1" uspid="211" ordinal="0" offset="16" sl="270" sc="5" el="270" ec="5" bec="0" bev="0" fileid="7" />
              </SequencePoints>
              <BranchPoints />
            </Method>
            <Method visited="true" cyclomaticComplexity="0" nPathComplexity="0" sequenceCoverage="100.0" branchCoverage="0" crapScore="0" isConstructor="false" isStatic="false" isGetter="false" isSetter="false">
              <Summary numSequencePoints="3" visitedSequencePoints="3" numBranchPoints="0" visitedBranchPoints="0" sequenceCoverage="100.0" branchCoverage="0" maxCyclomaticComplexity="0" minCyclomaticComplexity="0" maxCrapScore="0" minCrapScore="0" visitedClasses="0" numClasses="0" visitedMethods="1" numMethods="1" />
              <MetadataToken>100663348</MetadataToken>
              <Name>System.Collections.Generic.IEnumerator[InputAction] PlayerInput::GetEnumerator()</Name>
              <FileRef uid="7" />
              <SequencePoints>
                <SequencePoint vc="1" uspid="212" ordinal="0" offset="0" sl="273" sc="5" el="273" ec="5" bec="0" bev="0" fileid="7" />
                <SequencePoint vc="1" uspid="213" ordinal="0" offset="1" sl="274" sc="9" el="274" ec="9" bec="0" bev="0" fileid="7" />
                <SequencePoint vc="1" uspid="214" ordinal="0" offset="15" sl="275" sc="5" el="275" ec="5" bec="0" bev="0" fileid="7" />
              </SequencePoints>
              <BranchPoints />
            </Method>
            <Method visited="true" cyclomaticComplexity="0" nPathComplexity="0" sequenceCoverage="100.0" branchCoverage="0" crapScore="0" isConstructor="false" isStatic="false" isGetter="false" isSetter="false">
              <Summary numSequencePoints="3" visitedSequencePoints="3" numBranchPoints="0" visitedBranchPoints="0" sequenceCoverage="100.0" branchCoverage="0" maxCyclomaticComplexity="0" minCyclomaticComplexity="0" maxCrapScore="0" minCrapScore="0" visitedClasses="0" numClasses="0" visitedMethods="1" numMethods="1" />
              <MetadataToken>100663350</MetadataToken>
              <Name>System.Void PlayerInput::Enable()</Name>
              <FileRef uid="7" />
              <SequencePoints>
                <SequencePoint vc="1" uspid="218" ordinal="0" offset="0" sl="283" sc="5" el="283" ec="5" bec="0" bev="0" fileid="7" />
                <SequencePoint vc="1" uspid="219" ordinal="0" offset="1" sl="284" sc="9" el="284" ec="9" bec="0" bev="0" fileid="7" />
                <SequencePoint vc="1" uspid="220" ordinal="0" offset="13" sl="285" sc="5" el="285" ec="5" bec="0" bev="0" fileid="7" />
              </SequencePoints>
              <BranchPoints />
            </Method>
            <Method visited="true" cyclomaticComplexity="0" nPathComplexity="0" sequenceCoverage="100.0" branchCoverage="0" crapScore="0" isConstructor="false" isStatic="false" isGetter="false" isSetter="false">
              <Summary numSequencePoints="3" visitedSequencePoints="3" numBranchPoints="0" visitedBranchPoints="0" sequenceCoverage="100.0" branchCoverage="0" maxCyclomaticComplexity="0" minCyclomaticComplexity="0" maxCrapScore="0" minCrapScore="0" visitedClasses="0" numClasses="0" visitedMethods="1" numMethods="1" />
              <MetadataToken>100663351</MetadataToken>
              <Name>System.Void PlayerInput::Disable()</Name>
              <FileRef uid="7" />
              <SequencePoints>
                <SequencePoint vc="1" uspid="221" ordinal="0" offset="0" sl="288" sc="5" el="288" ec="5" bec="0" bev="0" fileid="7" />
                <SequencePoint vc="1" uspid="222" ordinal="0" offset="1" sl="289" sc="9" el="289" ec="9" bec="0" bev="0" fileid="7" />
                <SequencePoint vc="1" uspid="223" ordinal="0" offset="13" sl="290" sc="5" el="290" ec="5" bec="0" bev="0" fileid="7" />
              </SequencePoints>
              <BranchPoints />
            </Method>
            <Method visited="true" cyclomaticComplexity="0" nPathComplexity="0" sequenceCoverage="100.0" branchCoverage="0" crapScore="0" isConstructor="false" isStatic="false" isGetter="true" isSetter="false">
              <Summary numSequencePoints="1" visitedSequencePoints="1" numBranchPoints="0" visitedBranchPoints="0" sequenceCoverage="100.0" branchCoverage="0" maxCyclomaticComplexity="0" minCyclomaticComplexity="0" maxCrapScore="0" minCrapScore="0" visitedClasses="0" numClasses="0" visitedMethods="1" numMethods="1" />
              <MetadataToken>100663352</MetadataToken>
              <Name>System.Collections.Generic.IEnumerable[InputBinding] PlayerInput::get_bindings()</Name>
              <FileRef uid="7" />
              <SequencePoints>
                <SequencePoint vc="1" uspid="224" ordinal="0" offset="0" sl="292" sc="50" el="292" ec="50" bec="0" bev="0" fileid="7" />
              </SequencePoints>
              <BranchPoints />
            </Method>
            <Method visited="true" cyclomaticComplexity="0" nPathComplexity="0" sequenceCoverage="100.0" branchCoverage="0" crapScore="0" isConstructor="false" isStatic="false" isGetter="false" isSetter="false">
              <Summary numSequencePoints="3" visitedSequencePoints="3" numBranchPoints="0" visitedBranchPoints="0" sequenceCoverage="100.0" branchCoverage="0" maxCyclomaticComplexity="0" minCyclomaticComplexity="0" maxCrapScore="0" minCrapScore="0" visitedClasses="0" numClasses="0" visitedMethods="1" numMethods="1" />
              <MetadataToken>100663353</MetadataToken>
              <Name>UnityEngine.InputSystem.InputAction PlayerInput::FindAction(System.String, System.Boolean)</Name>
              <FileRef uid="7" />
              <SequencePoints>
                <SequencePoint vc="2" uspid="225" ordinal="0" offset="0" sl="295" sc="5" el="295" ec="5" bec="0" bev="0" fileid="7" />
                <SequencePoint vc="2" uspid="226" ordinal="0" offset="1" sl="296" sc="9" el="296" ec="9" bec="0" bev="0" fileid="7" />
                <SequencePoint vc="2" uspid="227" ordinal="0" offset="17" sl="297" sc="5" el="297" ec="5" bec="0" bev="0" fileid="7" />
              </SequencePoints>
              <BranchPoints />
            </Method>
            <Method visited="true" cyclomaticComplexity="0" nPathComplexity="0" sequenceCoverage="100.0" branchCoverage="0" crapScore="0" isConstructor="false" isStatic="false" isGetter="false" isSetter="false">
              <Summary numSequencePoints="3" visitedSequencePoints="3" numBranchPoints="0" visitedBranchPoints="0" sequenceCoverage="100.0" branchCoverage="0" maxCyclomaticComplexity="0" minCyclomaticComplexity="0" maxCrapScore="0" minCrapScore="0" visitedClasses="0" numClasses="0" visitedMethods="1" numMethods="1" />
              <MetadataToken>100663354</MetadataToken>
              <Name>System.Int32 PlayerInput::FindBinding(UnityEngine.InputSystem.InputBinding, UnityEngine.InputSystem.InputAction&amp;)</Name>
              <FileRef uid="7" />
              <SequencePoints>
                <SequencePoint vc="1" uspid="228" ordinal="0" offset="0" sl="300" sc="5" el="300" ec="5" bec="0" bev="0" fileid="7" />
                <SequencePoint vc="1" uspid="229" ordinal="0" offset="1" sl="301" sc="9" el="301" ec="9" bec="0" bev="0" fileid="7" />
                <SequencePoint vc="1" uspid="230" ordinal="0" offset="17" sl="302" sc="5" el="302" ec="5" bec="0" bev="0" fileid="7" />
              </SequencePoints>
              <BranchPoints />
            </Method>
            <Method visited="true" cyclomaticComplexity="0" nPathComplexity="0" sequenceCoverage="100.0" branchCoverage="0" crapScore="0" isConstructor="false" isStatic="false" isGetter="true" isSetter="false">
              <Summary numSequencePoints="1" visitedSequencePoints="1" numBranchPoints="0" visitedBranchPoints="0" sequenceCoverage="100.0" branchCoverage="0" maxCyclomaticComplexity="0" minCyclomaticComplexity="0" maxCrapScore="0" minCrapScore="0" visitedClasses="0" numClasses="0" visitedMethods="1" numMethods="1" />
              <MetadataToken>100663355</MetadataToken>
              <Name>PlayerInput/GameplayActions PlayerInput::get_Gameplay()</Name>
              <FileRef uid="7" />
              <SequencePoints>
                <SequencePoint vc="62" uspid="231" ordinal="0" offset="0" sl="396" sc="41" el="396" ec="41" bec="0" bev="0" fileid="7" />
              </SequencePoints>
              <BranchPoints />
            </Method>
            <Method visited="true" cyclomaticComplexity="0" nPathComplexity="0" sequenceCoverage="100.0" branchCoverage="0" crapScore="0" isConstructor="true" isStatic="false" isGetter="false" isSetter="false">
              <Summary numSequencePoints="13" visitedSequencePoints="13" numBranchPoints="0" visitedBranchPoints="0" sequenceCoverage="100.0" branchCoverage="0" maxCyclomaticComplexity="0" minCyclomaticComplexity="0" maxCrapScore="0" minCrapScore="0" visitedClasses="0" numClasses="0" visitedMethods="1" numMethods="1" />
              <MetadataToken>100663339</MetadataToken>
              <Name>PlayerInput::PlayerInput()</Name>
              <FileRef uid="7" />
              <SequencePoints>
                <SequencePoint vc="16" uspid="232" ordinal="0" offset="0" sl="306" sc="5" el="306" ec="5" bec="0" bev="0" fileid="7" />
                <SequencePoint vc="16" uspid="233" ordinal="0" offset="11" sl="21" sc="5" el="21" ec="5" bec="0" bev="0" fileid="7" />
                <SequencePoint vc="16" uspid="234" ordinal="0" offset="18" sl="22" sc="5" el="22" ec="5" bec="0" bev="0" fileid="7" />
                <SequencePoint vc="16" uspid="235" ordinal="0" offset="19" sl="23" sc="9" el="23" ec="9" bec="0" bev="0" fileid="7" />
                <SequencePoint vc="16" uspid="236" ordinal="0" offset="35" sl="233" sc="9" el="233" ec="9" bec="0" bev="0" fileid="7" />
                <SequencePoint vc="16" uspid="237" ordinal="0" offset="58" sl="234" sc="9" el="234" ec="9" bec="0" bev="0" fileid="7" />
                <SequencePoint vc="16" uspid="238" ordinal="0" offset="81" sl="235" sc="9" el="235" ec="9" bec="0" bev="0" fileid="7" />
                <SequencePoint vc="16" uspid="239" ordinal="0" offset="104" sl="236" sc="9" el="236" ec="9" bec="0" bev="0" fileid="7" />
                <SequencePoint vc="16" uspid="240" ordinal="0" offset="127" sl="237" sc="9" el="237" ec="9" bec="0" bev="0" fileid="7" />
                <SequencePoint vc="16" uspid="241" ordinal="0" offset="150" sl="238" sc="9" el="238" ec="9" bec="0" bev="0" fileid="7" />
                <SequencePoint vc="16" uspid="242" ordinal="0" offset="173" sl="239" sc="9" el="239" ec="9" bec="0" bev="0" fileid="7" />
                <SequencePoint vc="16" uspid="243" ordinal="0" offset="196" sl="240" sc="9" el="240" ec="9" bec="0" bev="0" fileid="7" />
                <SequencePoint vc="16" uspid="244" ordinal="0" offset="219" sl="241" sc="5" el="241" ec="5" bec="0" bev="0" fileid="7" />
              </SequencePoints>
              <BranchPoints />
            </Method>
          </Methods>
        </Class>
        <Class>
          <Summary numSequencePoints="54" visitedSequencePoints="41" numBranchPoints="0" visitedBranchPoints="0" sequenceCoverage="75.93" branchCoverage="0.0" maxCyclomaticComplexity="0" minCyclomaticComplexity="0" maxCrapScore="0" minCrapScore="0" visitedClasses="1" numClasses="1" visitedMethods="5" numMethods="5" />
          <FullName>PlayerInputHandler</FullName>
          <Methods>
            <Method visited="true" cyclomaticComplexity="0" nPathComplexity="0" sequenceCoverage="100.0" branchCoverage="0" crapScore="0" isConstructor="false" isStatic="false" isGetter="false" isSetter="false">
              <Summary numSequencePoints="4" visitedSequencePoints="4" numBranchPoints="0" visitedBranchPoints="0" sequenceCoverage="100.0" branchCoverage="0" maxCyclomaticComplexity="0" minCyclomaticComplexity="0" maxCrapScore="0" minCrapScore="0" visitedClasses="0" numClasses="0" visitedMethods="1" numMethods="1" />
              <MetadataToken>100663356</MetadataToken>
              <Name>System.Void PlayerInputHandler::Awake()</Name>
              <FileRef uid="8" />
              <SequencePoints>
                <SequencePoint vc="5" uspid="245" ordinal="0" offset="0" sl="18" sc="5" el="18" ec="5" bec="0" bev="0" fileid="8" />
                <SequencePoint vc="5" uspid="246" ordinal="0" offset="1" sl="19" sc="9" el="19" ec="9" bec="0" bev="0" fileid="8" />
                <SequencePoint vc="5" uspid="247" ordinal="0" offset="12" sl="21" sc="9" el="21" ec="9" bec="0" bev="0" fileid="8" />
                <SequencePoint vc="5" uspid="248" ordinal="0" offset="23" sl="22" sc="5" el="22" ec="5" bec="0" bev="0" fileid="8" />
              </SequencePoints>
              <BranchPoints />
            </Method>
            <Method visited="true" cyclomaticComplexity="0" nPathComplexity="0" sequenceCoverage="100.0" branchCoverage="0" crapScore="0" isConstructor="false" isStatic="false" isGetter="false" isSetter="false">
              <Summary numSequencePoints="12" visitedSequencePoints="12" numBranchPoints="0" visitedBranchPoints="0" sequenceCoverage="100.0" branchCoverage="0" maxCyclomaticComplexity="0" minCyclomaticComplexity="0" maxCrapScore="0" minCrapScore="0" visitedClasses="0" numClasses="0" visitedMethods="1" numMethods="1" />
              <MetadataToken>100663357</MetadataToken>
              <Name>System.Void PlayerInputHandler::OnEnable()</Name>
              <FileRef uid="8" />
              <SequencePoints>
                <SequencePoint vc="5" uspid="249" ordinal="0" offset="0" sl="25" sc="5" el="25" ec="5" bec="0" bev="0" fileid="8" />
                <SequencePoint vc="5" uspid="250" ordinal="0" offset="1" sl="26" sc="9" el="26" ec="9" bec="0" bev="0" fileid="8" />
                <SequencePoint vc="5" uspid="251" ordinal="0" offset="21" sl="27" sc="9" el="27" ec="9" bec="0" bev="0" fileid="8" />
                <SequencePoint vc="5" uspid="252" ordinal="0" offset="39" sl="29" sc="9" el="29" ec="9" bec="0" bev="0" fileid="8" />
                <SequencePoint vc="5" uspid="253" ordinal="0" offset="57" sl="31" sc="9" el="31" ec="9" bec="0" bev="0" fileid="8" />
                <SequencePoint vc="5" uspid="254" ordinal="0" offset="75" sl="33" sc="9" el="33" ec="9" bec="0" bev="0" fileid="8" />
                <SequencePoint vc="5" uspid="255" ordinal="0" offset="93" sl="36" sc="9" el="36" ec="9" bec="0" bev="0" fileid="8" />
                <SequencePoint vc="5" uspid="256" ordinal="0" offset="124" sl="37" sc="9" el="37" ec="9" bec="0" bev="0" fileid="8" />
                <SequencePoint vc="5" uspid="257" ordinal="0" offset="155" sl="38" sc="9" el="38" ec="9" bec="0" bev="0" fileid="8" />
                <SequencePoint vc="5" uspid="258" ordinal="0" offset="186" sl="39" sc="9" el="39" ec="9" bec="0" bev="0" fileid="8" />
                <SequencePoint vc="5" uspid="259" ordinal="0" offset="217" sl="40" sc="9" el="40" ec="9" bec="0" bev="0" fileid="8" />
                <SequencePoint vc="5" uspid="260" ordinal="0" offset="254" sl="41" sc="5" el="41" ec="5" bec="0" bev="0" fileid="8" />
              </SequencePoints>
              <BranchPoints />
            </Method>
            <Method visited="true" cyclomaticComplexity="0" nPathComplexity="0" sequenceCoverage="100.0" branchCoverage="0" crapScore="0" isConstructor="false" isStatic="false" isGetter="false" isSetter="false">
              <Summary numSequencePoints="8" visitedSequencePoints="8" numBranchPoints="0" visitedBranchPoints="0" sequenceCoverage="100.0" branchCoverage="0" maxCyclomaticComplexity="0" minCyclomaticComplexity="0" maxCrapScore="0" minCrapScore="0" visitedClasses="0" numClasses="0" visitedMethods="1" numMethods="1" />
              <MetadataToken>100663358</MetadataToken>
              <Name>System.Void PlayerInputHandler::OnDisable()</Name>
              <FileRef uid="8" />
              <SequencePoints>
                <SequencePoint vc="5" uspid="261" ordinal="0" offset="0" sl="44" sc="5" el="44" ec="5" bec="0" bev="0" fileid="8" />
                <SequencePoint vc="5" uspid="262" ordinal="0" offset="1" sl="45" sc="9" el="45" ec="9" bec="0" bev="0" fileid="8" />
                <SequencePoint vc="5" uspid="263" ordinal="0" offset="32" sl="46" sc="9" el="46" ec="9" bec="0" bev="0" fileid="8" />
                <SequencePoint vc="5" uspid="264" ordinal="0" offset="63" sl="47" sc="9" el="47" ec="9" bec="0" bev="0" fileid="8" />
                <SequencePoint vc="5" uspid="265" ordinal="0" offset="94" sl="48" sc="9" el="48" ec="9" bec="0" bev="0" fileid="8" />
                <SequencePoint vc="5" uspid="266" ordinal="0" offset="125" sl="49" sc="9" el="49" ec="9" bec="0" bev="0" fileid="8" />
                <SequencePoint vc="5" uspid="267" ordinal="0" offset="162" sl="50" sc="9" el="50" ec="9" bec="0" bev="0" fileid="8" />
                <SequencePoint vc="5" uspid="268" ordinal="0" offset="182" sl="51" sc="5" el="51" ec="5" bec="0" bev="0" fileid="8" />
              </SequencePoints>
              <BranchPoints />
            </Method>
            <Method visited="true" cyclomaticComplexity="0" nPathComplexity="0" sequenceCoverage="63.64" branchCoverage="0" crapScore="0" isConstructor="false" isStatic="false" isGetter="false" isSetter="false">
              <Summary numSequencePoints="11" visitedSequencePoints="7" numBranchPoints="0" visitedBranchPoints="0" sequenceCoverage="63.64" branchCoverage="0" maxCyclomaticComplexity="0" minCyclomaticComplexity="0" maxCrapScore="0" minCrapScore="0" visitedClasses="0" numClasses="0" visitedMethods="1" numMethods="1" />
              <MetadataToken>100663359</MetadataToken>
              <Name>System.Void PlayerInputHandler::HandleInputAction(UnityEngine.Vector2)</Name>
              <FileRef uid="8" />
              <SequencePoints>
                <SequencePoint vc="1" uspid="269" ordinal="0" offset="0" sl="54" sc="5" el="54" ec="5" bec="0" bev="0" fileid="8" />
                <SequencePoint vc="1" uspid="270" ordinal="0" offset="1" sl="55" sc="9" el="55" ec="9" bec="0" bev="0" fileid="8" />
                <SequencePoint vc="1" uspid="271" ordinal="0" offset="23" sl="56" sc="9" el="56" ec="9" bec="0" bev="0" fileid="8" />
                <SequencePoint vc="1" uspid="272" ordinal="0" offset="41" sl="57" sc="9" el="57" ec="9" bec="0" bev="0" fileid="8" />
                <SequencePoint vc="1" uspid="273" ordinal="0" offset="42" sl="58" sc="13" el="58" ec="13" bec="0" bev="0" fileid="8" />
                <SequencePoint vc="1" uspid="274" ordinal="0" offset="61" sl="59" sc="9" el="59" ec="9" bec="0" bev="0" fileid="8" />
                <SequencePoint vc="0" uspid="275" ordinal="0" offset="64" sl="60" sc="14" el="60" ec="14" bec="0" bev="0" fileid="8" />
                <SequencePoint vc="0" uspid="276" ordinal="0" offset="79" sl="61" sc="9" el="61" ec="9" bec="0" bev="0" fileid="8" />
[...]
            </Method>
            <Method visited="true" cyclomaticComplexity="0" nPathComplexity="0" sequenceCoverage="100.0" branchCoverage="0" crapScore="0" isConstructor="false" isStatic="false" isGetter="true" isSetter="false">
              <Summary numSequencePoints="1" visitedSequencePoints="1" numBranchPoints="0" visitedBranchPoints="0" sequenceCoverage="100.0" branchCoverage="0" maxCyclomaticComplexity="0" minCyclomaticComplexity="0" maxCrapScore="0" minCrapScore="0" visitedClasses="0" numClasses="0" visitedMethods="1" numMethods="1" />
              <MetadataToken>100663436</MetadataToken>
              <Name>UnityEngine.InputSystem.InputAction PlayerInput/GameplayActions::get_FullscreenOrWindowedMode()</Name>
              <FileRef uid="7" />
              <SequencePoints>
                <SequencePoint vc="6" uspid="604" ordinal="0" offset="0" sl="323" sc="57" el="323" ec="57" bec="0" bev="0" fileid="7" />
              </SequencePoints>
              <BranchPoints />
            </Method>
            <Method visited="true" cyclomaticComplexity="0" nPathComplexity="0" sequenceCoverage="100.0" branchCoverage="0" crapScore="0" isConstructor="false" isStatic="false" isGetter="true" isSetter="false">
              <Summary numSequencePoints="1" visitedSequencePoints="1" numBranchPoints="0" visitedBranchPoints="0" sequenceCoverage="100.0" branchCoverage="0" maxCyclomaticComplexity="0" minCyclomaticComplexity="0" maxCrapScore="0" minCrapScore="0" visitedClasses="0" numClasses="0" visitedMethods="1" numMethods="1" />
              <MetadataToken>100663437</MetadataToken>
              <Name>UnityEngine.InputSystem.InputAction PlayerInput/GameplayActions::get_QuitApplication()</Name>
              <FileRef uid="7" />
              <SequencePoints>
                <SequencePoint vc="6" uspid="605" ordinal="0" offset="0" sl="324" sc="48" el="324" ec="48" bec="0" bev="0" fileid="7" />
              </SequencePoints>
              <BranchPoints />
            </Method>
            <Method visited="true" cyclomaticComplexity="0" nPathComplexity="0" sequenceCoverage="100.0" branchCoverage="0" crapScore="0" isConstructor="false" isStatic="false" isGetter="false" isSetter="false">
              <Summary numSequencePoints="3" visitedSequencePoints="3" numBranchPoints="0" visitedBranchPoints="0" sequenceCoverage="100.0" branchCoverage="0" maxCyclomaticComplexity="0" minCyclomaticComplexity="0" maxCrapScore="0" minCrapScore="0" visitedClasses="0" numClasses="0" visitedMethods="1" numMethods="1" />
              <MetadataToken>100663438</MetadataToken>
              <Name>UnityEngine.InputSystem.InputActionMap PlayerInput/GameplayActions::Get()</Name>
              <FileRef uid="7" />
              <SequencePoints>
                <SequencePoint vc="14" uspid="606" ordinal="0" offset="0" sl="325" sc="37" el="325" ec="37" bec="0" bev="0" fileid="7" />
                <SequencePoint vc="14" uspid="607" ordinal="0" offset="1" sl="325" sc="39" el="325" ec="39" bec="0" bev="0" fileid="7" />
                <SequencePoint vc="14" uspid="608" ordinal="0" offset="15" sl="325" sc="68" el="325" ec="68" bec="0" bev="0" fileid="7" />
              </SequencePoints>
              <BranchPoints />
            </Method>
            <Method visited="true" cyclomaticComplexity="0" nPathComplexity="0" sequenceCoverage="100.0" branchCoverage="0" crapScore="0" isConstructor="false" isStatic="false" isGetter="false" isSetter="false">
              <Summary numSequencePoints="3" visitedSequencePoints="3" numBranchPoints="0" visitedBranchPoints="0" sequenceCoverage="100.0" branchCoverage="0" maxCyclomaticComplexity="0" minCyclomaticComplexity="0" maxCrapScore="0" minCrapScore="0" visitedClasses="0" numClasses="0" visitedMethods="1" numMethods="1" />
              <MetadataToken>100663439</MetadataToken>
              <Name>System.Void PlayerInput/GameplayActions::Enable()</Name>
              <FileRef uid="7" />
              <SequencePoints>
                <SequencePoint vc="6" uspid="609" ordinal="0" offset="0" sl="326" sc="30" el="326" ec="30" bec="0" bev="0" fileid="7" />
                <SequencePoint vc="6" uspid="610" ordinal="0" offset="1" sl="326" sc="32" el="326" ec="32" bec="0" bev="0" fileid="7" />
                <SequencePoint vc="6" uspid="611" ordinal="0" offset="13" sl="326" sc="48" el="326" ec="48" bec="0" bev="0" fileid="7" />
              </SequencePoints>
              <BranchPoints />
            </Method>
            <Method visited="true" cyclomaticComplexity="0" nPathComplexity="0" sequenceCoverage="100.0" branchCoverage="0" crapScore="0" isConstructor="false" isStatic="false" isGetter="false" isSetter="false">
              <Summary numSequencePoints="3" visitedSequencePoints="3" numBranchPoints="0" visitedBranchPoints="0" sequenceCoverage="100.0" branchCoverage="0" maxCyclomaticComplexity="0" minCyclomaticComplexity="0" maxCrapScore="0" minCrapScore="0" visitedClasses="0" numClasses="0" visitedMethods="1" numMethods="1" />
              <MetadataToken>100663440</MetadataToken>
              <Name>System.Void PlayerInput/GameplayActions::Disable()</Name>
              <FileRef uid="7" />
              <SequencePoints>
                <SequencePoint vc="6" uspid="612" ordinal="0" offset="0" sl="327" sc="31" el="327" ec="31" bec="0" bev="0" fileid="7" />
                <SequencePoint vc="6" uspid="613" ordinal="0" offset="1" sl="327" sc="33" el="327" ec="33" bec="0" bev="0" fileid="7" />
                <SequencePoint vc="6" uspid="614" ordinal="0" offset="13" sl="327" sc="50" el="327" ec="50" bec="0" bev="0" fileid="7" />
              </SequencePoints>
              <BranchPoints />
            </Method>
            <Method visited="true" cyclomaticComplexity="0" nPathComplexity="0" sequenceCoverage="100.0" branchCoverage="0" crapScore="0" isConstructor="false" isStatic="false" isGetter="true" isSetter="false">
              <Summary numSequencePoints="1" visitedSequencePoints="1" numBranchPoints="0" visitedBranchPoints="0" sequenceCoverage="100.0" branchCoverage="0" maxCyclomaticComplexity="0" minCyclomaticComplexity="0" maxCrapScore="0" minCrapScore="0" visitedClasses="0" numClasses="0" visitedMethods="1" numMethods="1" />
              <MetadataToken>100663441</MetadataToken>
              <Name>System.Boolean PlayerInput/GameplayActions::get_enabled()</Name>
              <FileRef uid="7" />
              <SequencePoints>
                <SequencePoint vc="2" uspid="615" ordinal="0" offset="0" sl="328" sc="32" el="328" ec="32" bec="0" bev="0" fileid="7" />
              </SequencePoints>
              <BranchPoints />
            </Method>
            <Method visited="true" cyclomaticComplexity="0" nPathComplexity="0" sequenceCoverage="96.15" branchCoverage="0" crapScore="0" isConstructor="false" isStatic="false" isGetter="false" isSetter="false">
              <Summary numSequencePoints="26" visitedSequencePoints="25" numBranchPoints="0" visitedBranchPoints="0" sequenceCoverage="96.15" branchCoverage="0" maxCyclomaticComplexity="0" minCyclomaticComplexity="0" maxCrapScore="0" minCrapScore="0" visitedClasses="0" numClasses="0" visitedMethods="1" numMethods="1" />
              <MetadataToken>100663443</MetadataToken>
              <Name>System.Void PlayerInput/GameplayActions::AddCallbacks(PlayerInput/IGameplayActions)</Name>
              <FileRef uid="7" />
              <SequencePoints>
                <SequencePoint vc="1" uspid="619" ordinal="0" offset="0" sl="331" sc="9" el="331" ec="9" bec="0" bev="0" fileid="7" />
                <SequencePoint vc="1" uspid="620" ordinal="0" offset="1" sl="332" sc="13" el="332" ec="13" bec="0" bev="0" fileid="7" />
                <SequencePoint vc="0" uspid="621" ordinal="0" offset="28" sl="332" sc="103" el="332" ec="103" bec="0" bev="0" fileid="7" />
                <SequencePoint vc="1" uspid="622" ordinal="0" offset="33" sl="333" sc="13" el="333" ec="13" bec="0" bev="0" fileid="7" />
                <SequencePoint vc="1" uspid="623" ordinal="0" offset="51" sl="334" sc="13" el="334" ec="13" bec="0" bev="0" fileid="7" />
                <SequencePoint vc="1" uspid="624" ordinal="0" offset="76" sl="335" sc="13" el="335" ec="13" bec="0" bev="0" fileid="7" />
                <SequencePoint vc="1" uspid="625" ordinal="0" offset="101" sl="336" sc="13" el="336" ec="13" bec="0" bev="0" fileid="7" />
                <SequencePoint vc="1" uspid="626" ordinal="0" offset="126" sl="337" sc="13" el="337" ec="13" bec="0" bev="0" fileid="7" />
                <SequencePoint vc="1" uspid="627" ordinal="0" offset="151" sl="338" sc="13" el="338" ec="13" bec="0" bev="0" fileid="7" />
                <SequencePoint vc="1" uspid="628" ordinal="0" offset="176" sl="339" sc="13" el="339" ec="13" bec="0" bev="0" fileid="7" />
                <SequencePoint vc="1" uspid="629" ordinal="0" offset="201" sl="340" sc="13" el="340" ec="13" bec="0" bev="0" fileid="7" />
                <SequencePoint vc="1" uspid="630" ordinal="0" offset="226" sl="341" sc="13" el="341" ec="13" bec="0" bev="0" fileid="7" />
                <SequencePoint vc="1" uspid="631" ordinal="0" offset="251" sl="342" sc="13" el="342" ec="13" bec="0" bev="0" fileid="7" />
                <SequencePoint vc="1" uspid="632" ordinal="0" offset="276" sl="343" sc="13" el="343" ec="13" bec="0" bev="0" fileid="7" />
                <SequencePoint vc="1" uspid="633" ordinal="0" offset="301" sl="344" sc="13" el="344" ec="13" bec="0" bev="0" fileid="7" />
                <SequencePoint vc="1" uspid="634" ordinal="0" offset="326" sl="345" sc="13" el="345" ec="13" bec="0" bev="0" fileid="7" />
                <SequencePoint vc="1" uspid="635" ordinal="0" offset="351" sl="346" sc="13" el="346" ec="13" bec="0" bev="0" fileid="7" />
                <SequencePoint vc="1" uspid="636" ordinal="0" offset="376" sl="347" sc="13" el="347" ec="13" bec="0" bev="0" fileid="7" />
                <SequencePoint vc="1" uspid="637" ordinal="0" offset="401" sl="348" sc="13" el="348" ec="13" bec="0" bev="0" fileid="7" />
                <SequencePoint vc="1" uspid="638" ordinal="0" offset="426" sl="349" sc="13" el="349" ec="13" bec="0" bev="0" fileid="7" />
                <SequencePoint vc="1" uspid="639" ordinal="0" offset="451" sl="350" sc="13" el="350" ec="13" bec="0" bev="0" fileid="7" />
                <SequencePoint vc="1" uspid="640" ordinal="0" offset="476" sl="351" sc="13" el="351" ec="13" bec="0" bev="0" fileid="7" />
                <SequencePoint vc="1" uspid="641" ordinal="0" offset="501" sl="352" sc="13" el="352" ec="13" bec="0" bev="0" fileid="7" />
                <SequencePoint vc="1" uspid="642" ordinal="0" offset="526" sl="353" sc="13" el="353" ec="13" bec="0" bev="0" fileid="7" />
                <SequencePoint vc="1" uspid="643" ordinal="0" offset="551" sl="354" sc="13" el="354" ec="13" bec="0" bev="0" fileid="7" />
                <SequencePoint vc="1" uspid="644" ordinal="0" offset="576" sl="355" sc="9" el="355" ec="9" bec="0" bev="0" fileid="7" />
              </SequencePoints>
              <BranchPoints />
            </Method>
            <Method visited="true" cyclomaticComplexity="0" nPathComplexity="0" sequenceCoverage="100.0" branchCoverage="0" crapScore="0" isConstructor="false" isStatic="false" isGetter="false" isSetter="false">
              <Summary numSequencePoints="23" visitedSequencePoints="23" numBranchPoints="0" visitedBranchPoints="0" sequenceCoverage="100.0" branchCoverage="0" maxCyclomaticComplexity="0" minCyclomaticComplexity="0" maxCrapScore="0" minCrapScore="0" visitedClasses="0" numClasses="0" visitedMethods="1" numMethods="1" />
              <MetadataToken>100663444</MetadataToken>
              <Name>System.Void PlayerInput/GameplayActions::UnregisterCallbacks(PlayerInput/IGameplayActions)</Name>
              <FileRef uid="7" />
              <SequencePoints>
                <SequencePoint vc="1" uspid="645" ordinal="0" offset="0" sl="358" sc="9" el="358" ec="9" bec="0" bev="0" fileid="7" />
                <SequencePoint vc="1" uspid="646" ordinal="0" offset="1" sl="359" sc="13" el="359" ec="13" bec="0" bev="0" fileid="7" />
                <SequencePoint vc="1" uspid="647" ordinal="0" offset="26" sl="360" sc="13" el="360" ec="13" bec="0" bev="0" fileid="7" />
                <SequencePoint vc="1" uspid="648" ordinal="0" offset="51" sl="361" sc="13" el="361" ec="13" bec="0" bev="0" fileid="7" />
                <SequencePoint vc="1" uspid="649" ordinal="0" offset="76" sl="362" sc="13" el="362" ec="13" bec="0" bev="0" fileid="7" />
                <SequencePoint vc="1" uspid="650" ordinal="0" offset="101" sl="363" sc="13" el="363" ec="13" bec="0" bev="0" fileid="7" />
                <SequencePoint vc="1" uspid="651" ordinal="0" offset="126" sl="364" sc="13" el="364" ec="13" bec="0" bev="0" fileid="7" />
                <SequencePoint vc="1" uspid="652" ordinal="0" offset="151" sl="365" sc="13" el="365" ec="13" bec="0" bev="0" fileid="7" />
                <SequencePoint vc="1" uspid="653" ordinal="0" offset="176" sl="366" sc="13" el="366" ec="13" bec="0" bev="0" fileid="7" />
                <SequencePoint vc="1" uspid="654" ordinal="0" offset="201" sl="367" sc="13" el="367" ec="13" bec="0" bev="0" fileid="7" />
                <SequencePoint vc="1" uspid="655" ordinal="0" offset="226" sl="368" sc="13" el="368" ec="13" bec="0" bev="0" fileid="7" />
                <SequencePoint vc="1" uspid="656" ordinal="0" offset="251" sl="369" sc="13" el="369" ec="13" bec="0" bev="0" fileid="7" />
                <SequencePoint vc="1" uspid="657" ordinal="0" offset="276" sl="370" sc="13" el="370" ec="13" bec="0" bev="0" fileid="7" />
                <SequencePoint vc="1" uspid="658" ordinal="0" offset="301" sl="371" sc="13" el="371" ec="13" bec="0" bev="0" fileid="7" />
                <SequencePoint vc="1" uspid="659" ordinal="0" offset="326" sl="372" sc="13" el="372" ec="13" bec="0" bev="0" fileid="7" />
                <SequencePoint vc="1" uspid="660" ordinal="0" offset="351" sl="373" sc="13" el="373" ec="13" bec="0" bev="0" fileid="7" />
                <SequencePoint vc="1" uspid="661" ordinal="0" offset="376" sl="374" sc="13" el="374" ec="13" bec="0" bev="0" fileid="7" />
                <SequencePoint vc="1" uspid="662" ordinal="0" offset="401" sl="375" sc="13" el="375" ec="13" bec="0" bev="0" fileid="7" />
                <SequencePoint vc="1" uspid="663" ordinal="0" offset="426" sl="376" sc="13" el="376" ec="13" bec="0" bev="0" fileid="7" />
                <SequencePoint vc="1" uspid="664" ordinal="0" offset="451" sl="377" sc="13" el="377" ec="13" bec="0" bev="0" fileid="7" />
                <SequencePoint vc="1" uspid="665" ordinal="0" offset="476" sl="378" sc="13" el="378" ec="13" bec="0" bev="0" fileid="7" />
                <SequencePoint vc="1" uspid="666" ordinal="0" offset="501" sl="379" sc="13" el="379" ec="13" bec="0" bev="0" fileid="7" />
                <SequencePoint vc="1" uspid="667" ordinal="0" offset="526" sl="380" sc="9" el="380" ec="9" bec="0" bev="0" fileid="7" />
              </SequencePoints>
              <BranchPoints />
            </Method>
            <Method visited="true" cyclomaticComplexity="0" nPathComplexity="0" sequenceCoverage="100.0" branchCoverage="0" crapScore="0" isConstructor="false" isStatic="false" isGetter="false" isSetter="false">
              <Summary numSequencePoints="4" visitedSequencePoints="4" numBranchPoints="0" visitedBranchPoints="0" sequenceCoverage="100.0" branchCoverage="0" maxCyclomaticComplexity="0" minCyclomaticComplexity="0" maxCrapScore="0" minCrapScore="0" visitedClasses="0" numClasses="0" visitedMethods="1" numMethods="1" />
              <MetadataToken>100663445</MetadataToken>
              <Name>System.Void PlayerInput/GameplayActions::RemoveCallbacks(PlayerInput/IGameplayActions)</Name>
              <FileRef uid="7" />
              <SequencePoints>
                <SequencePoint vc="1" uspid="668" ordinal="0" offset="0" sl="383" sc="9" el="383" ec="9" bec="0" bev="0" fileid="7" />
                <SequencePoint vc="1" uspid="669" ordinal="0" offset="1" sl="384" sc="13" el="384" ec="13" bec="0" bev="0" fileid="7" />
                <SequencePoint vc="1" uspid="670" ordinal="0" offset="22" sl="385" sc="17" el="385" ec="17" bec="0" bev="0" fileid="7" />
                <SequencePoint vc="1" uspid="671" ordinal="0" offset="30" sl="386" sc="9" el="386" ec="9" bec="0" bev="0" fileid="7" />
              </SequencePoints>
              <BranchPoints />
            </Method>
            <Method visited="true" cyclomaticComplexity="0" nPathComplexity="0" sequenceCoverage="77.78" branchCoverage="0" crapScore="0" isConstructor="false" isStatic="false" isGetter="false" isSetter="false">
              <Summary numSequencePoints="9" visitedSequencePoints="7" numBranchPoints="0" visitedBranchPoints="0" sequenceCoverage="77.78" branchCoverage="0" maxCyclomaticComplexity="0" minCyclomaticComplexity="0" maxCrapScore="0" minCrapScore="0" visitedClasses="0" numClasses="0" visitedMethods="1" numMethods="1" />
              <MetadataToken>100663446</MetadataToken>
              <Name>System.Void PlayerInput/GameplayActions::SetCallbacks(PlayerInput/IGameplayActions)</Name>
              <FileRef uid="7" />
              <SequencePoints>
                <SequencePoint vc="1" uspid="672" ordinal="0" offset="0" sl="389" sc="9" el="389" ec="9" bec="0" bev="0" fileid="7" />
                <SequencePoint vc="1" uspid="673" ordinal="0" offset="1" sl="390" sc="13" el="390" ec="13" bec="0" bev="0" fileid="7" />
                <SequencePoint vc="1" uspid="674" ordinal="0" offset="2" sl="390" sc="34" el="390" ec="34" bec="0" bev="0" fileid="7" />
                <SequencePoint vc="0" uspid="675" ordinal="0" offset="21" sl="390" sc="22" el="390" ec="22" bec="0" bev="0" fileid="7" />
                <SequencePoint vc="0" uspid="676" ordinal="0" offset="29" sl="391" sc="17" el="391" ec="17" bec="0" bev="0" fileid="7" />
                <SequencePoint vc="1" uspid="677" ordinal="0" offset="37" sl="390" sc="31" el="390" ec="31" bec="0" bev="0" fileid="7" />
                <SequencePoint vc="1" uspid="678" ordinal="0" offset="63" sl="392" sc="13" el="392" ec="13" bec="0" bev="0" fileid="7" />
                <SequencePoint vc="1" uspid="679" ordinal="0" offset="80" sl="393" sc="13" el="393" ec="13" bec="0" bev="0" fileid="7" />
                <SequencePoint vc="1" uspid="680" ordinal="0" offset="88" sl="394" sc="9" el="394" ec="9" bec="0" bev="0" fileid="7" />
              </SequencePoints>
              <BranchPoints />
            </Method>
            <Method visited="true" cyclomaticComplexity="0" nPathComplexity="0" sequenceCoverage="100.0" branchCoverage="0" crapScore="0" isConstructor="true" isStatic="false" isGetter="false" isSetter="false">
              <Summary numSequencePoints="3" visitedSequencePoints="3" numBranchPoints="0" visitedBranchPoints="0" sequenceCoverage="100.0" branchCoverage="0" maxCyclomaticComplexity="0" minCyclomaticComplexity="0" maxCrapScore="0" minCrapScore="0" visitedClasses="0" numClasses="0" visitedMethods="1" numMethods="1" />
              <MetadataToken>100663430</MetadataToken>
              <Name>PlayerInput/GameplayActions::GameplayActions(PlayerInput)</Name>
              <FileRef uid="7" />
              <SequencePoints>
                <SequencePoint vc="62" uspid="681" ordinal="0" offset="0" sl="317" sc="54" el="317" ec="54" bec="0" bev="0" fileid="7" />
                <SequencePoint vc="62" uspid="682" ordinal="0" offset="1" sl="317" sc="56" el="317" ec="56" bec="0" bev="0" fileid="7" />
                <SequencePoint vc="62" uspid="683" ordinal="0" offset="8" sl="317" sc="77" el="317" ec="77" bec="0" bev="0" fileid="7" />
              </SequencePoints>
              <BranchPoints />
            </Method>
          </Methods>
        </Class>
      </Classes>
    </Module>
  </Modules>
</CoverageSession>